[Licensing::Module] Trying to connect to existing licensing client channel...
Built from '6000.2/staging' branch; Version is '6000.2.6f1 (cc51a95c0300) revision 13390249'; Using compiler version '194234433'; Build Type 'Release'
[Licensing::IpcConnector] Successfully connected to: "LicenseClient-Híu" at "2025-10-22T10:18:49.2893664Z"
OS: 'Windows 11  (10.0.22631) 64bit Professional' Language: 'en' Physical Memory: 15606 MB
BatchMode: 1, IsHumanControllingUs: 0, StartBugReporterOnCrash: 0, Is64bit: 1
Date: 2025-10-22T10:18:49Z

COMMAND LINE ARGUMENTS:
C:\Program Files\Unity\Hub\Editor\6000.2.6f1\Editor\Unity.exe
-adb2
-batchMode
-noUpm
-name
AssetImportWorker17
-projectPath
C:/Users/trand/Documents/code/game-pixel-adventure-G8
-logFile
Logs/AssetImportWorker17.log
-srvPort
58587
-licensingIpc
LicenseClient-Híu
-job-worker-count
7
-background-job-worker-count
8
-gc-helper-count
1
-name
AssetImport
Successfully changed project path to: C:/Users/trand/Documents/code/game-pixel-adventure-G8
C:/Users/trand/Documents/code/game-pixel-adventure-G8
[UnityMemory] Configuration Parameters - Can be set up in boot.config
    "memorysetup-allocator-temp-initial-block-size-main=262144"
    "memorysetup-allocator-temp-initial-block-size-worker=262144"
    "memorysetup-bucket-allocator-granularity=16"
    "memorysetup-bucket-allocator-bucket-count=8"
    "memorysetup-bucket-allocator-block-size=33554432"
    "memorysetup-bucket-allocator-block-count=8"
    "memorysetup-main-allocator-block-size=16777216"
    "memorysetup-thread-allocator-block-size=16777216"
    "memorysetup-gfx-main-allocator-block-size=16777216"
    "memorysetup-gfx-thread-allocator-block-size=16777216"
    "memorysetup-cache-allocator-block-size=4194304"
    "memorysetup-typetree-allocator-block-size=2097152"
    "memorysetup-profiler-bucket-allocator-granularity=16"
    "memorysetup-profiler-bucket-allocator-bucket-count=8"
    "memorysetup-profiler-bucket-allocator-block-size=33554432"
    "memorysetup-profiler-bucket-allocator-block-count=8"
    "memorysetup-profiler-allocator-block-size=16777216"
    "memorysetup-profiler-editor-allocator-block-size=1048576"
    "memorysetup-temp-allocator-size-main=16777216"
    "memorysetup-job-temp-allocator-block-size=2097152"
    "memorysetup-job-temp-allocator-block-size-background=1048576"
    "memorysetup-job-temp-allocator-reduction-small-platforms=262144"
    "memorysetup-temp-allocator-size-background-worker=32768"
    "memorysetup-temp-allocator-size-job-worker=262144"
    "memorysetup-temp-allocator-size-preload-manager=33554432"
    "memorysetup-temp-allocator-size-nav-mesh-worker=65536"
    "memorysetup-temp-allocator-size-audio-worker=65536"
    "memorysetup-temp-allocator-size-cloud-worker=32768"
    "memorysetup-temp-allocator-size-gi-baking-worker=262144"
    "memorysetup-temp-allocator-size-gi-baking-worker=262144"
    "memorysetup-temp-allocator-size-gi-baking-worker=262144"
    "memorysetup-temp-allocator-size-gi-baking-worker=262144"
    "memorysetup-temp-allocator-size-gi-baking-worker=262144"
    "memorysetup-temp-allocator-size-gfx=262144"
Player connection [19732]  Target information:

Player connection [19732]  * "[IP] 172.21.176.1 [Port] 0 [Flags] 2 [Guid] 783814964 [EditorId] 783814964 [Version] 1048832 [Id] WindowsEditor(7,DESKTOP-KQGGDKQ) [Debug] 1 [PackageName] WindowsEditor [ProjectName] Editor" 

Player connection [19732]  * "[IP] 172.16.0.2 [Port] 0 [Flags] 2 [Guid] 783814964 [EditorId] 783814964 [Version] 1048832 [Id] WindowsEditor(7,DESKTOP-KQGGDKQ) [Debug] 1 [PackageName] WindowsEditor [ProjectName] Editor" 

Player connection [19732]  * "[IP] 192.168.100.69 [Port] 0 [Flags] 2 [Guid] 783814964 [EditorId] 783814964 [Version] 1048832 [Id] WindowsEditor(7,DESKTOP-KQGGDKQ) [Debug] 1 [PackageName] WindowsEditor [ProjectName] Editor" 

Player connection [19732] Host joined multi-casting on [225.0.0.222:54997]...
Player connection [19732] Host joined alternative multi-casting on [225.0.0.222:34997]...
JobSystem: Creating JobQueue using job-worker-count value 7
Input System module state changed to: Initialized.
[Physics::Module] Initialized fallback backend.
[Physics::Module] Id: 0xdecafbad
[Licensing::Client] Code 10 while verifying Licensing Client signature (process Id: 13960, path: "C:/Program Files/Unity Hub/UnityLicensingClient_V1/Unity.Licensing.Client.exe")
[Licensing::Module] LicensingClient has failed validation; ignoring
[Licensing::Client] Handshaking with LicensingClient:
  Version:                 1.17.3+a4e98f1
  Session Id:              d5d64b5ff3b44ca9a48cdbbca65775a2
  Correlation Id:          810fc0c69dfb65b87449e0fe76cc9d61
  External correlation Id: 1512823033061268626
  Machine Id:              ubQtK9t/8iWhmZWiigog6lzgitI=
[Licensing::Module] Successfully connected to LicensingClient on channel: "LicenseClient-Híu" (connect: 0.00s, validation: 0.00s, handshake: 0.05s)
[Licensing::IpcConnector] Successfully connected to: "LicenseClient-Híu-notifications" at "2025-10-22T10:18:49.3405023Z"
[Licensing::Module] Licensing Background thread has ended after 0.05s
Library Redirect Path: Library/
[Physics::Module] Selected backend.
[Physics::Module] Name: PhysX
[Physics::Module] Id: 0xf2b8ea05
[Physics::Module] SDK Version: 4.1.2
[Physics::Module] Integration Version: 1.0.0
[Physics::Module] Threading Mode: Multi-Threaded
Refreshing native plugins compatible for Editor in 0.00 ms, found 0 plugins.
Preloading 0 native plugins for Editor in 0.00 ms.
Initialize engine version: 6000.2.6f1 (cc51a95c0300)
[Subsystems] Discovering subsystems at path C:/Program Files/Unity/Hub/Editor/6000.2.6f1/Editor/Data/Resources/UnitySubsystems
[Subsystems] Discovering subsystems at path C:/Users/trand/Documents/code/game-pixel-adventure-G8/Assets
GfxDevice: creating device client; kGfxThreadingModeNonThreaded
d3d12: failed to query info queue interface (0x80004002).
Direct3D:
    Version:         Direct3D 12 [level 12.1]
    Renderer:        Intel(R) Iris(R) Xe Graphics (ID=0x46a6)
    Vendor:          Intel
    VRAM:            7803 MB
    App VRAM Budget: 7157 MB
    Driver:          32.0.101.6881
    Unified Memory Architecture
    Cache Coherent UMA
Initialize mono
Mono path[0] = 'C:/Program Files/Unity/Hub/Editor/6000.2.6f1/Editor/Data/Managed'
Mono path[1] = 'C:/Program Files/Unity/Hub/Editor/6000.2.6f1/Editor/Data/MonoBleedingEdge/lib/mono/unityjit-win32'
Mono config path = 'C:/Program Files/Unity/Hub/Editor/6000.2.6f1/Editor/Data/MonoBleedingEdge/etc'
Using monoOptions --debugger-agent=transport=dt_socket,embedding=1,server=y,suspend=n,address=127.0.0.1:56440
Begin MonoManager ReloadAssembly
Registering precompiled unity dll's ...
Register platform support module: C:/Program Files/Unity/Hub/Editor/6000.2.6f1/Editor/Data/PlaybackEngines/WindowsStandaloneSupport/UnityEditor.WindowsStandalone.Extensions.dll
Registered in 0.001068 seconds.
- Loaded All Assemblies, in  0.399 seconds
Native extension for WindowsStandalone target not found
Mono: successfully reloaded assembly
- Finished resetting the current domain, in  0.371 seconds
Domain Reload Profiling: 769ms
	BeginReloadAssembly (141ms)
		ExecutionOrderSort (0ms)
		DisableScriptedObjects (0ms)
		BackupInstance (0ms)
		ReleaseScriptingObjects (0ms)
		CreateAndSetChildDomain (1ms)
	RebuildCommonClasses (35ms)
	RebuildNativeTypeToScriptingClass (14ms)
	initialDomainReloadingComplete (44ms)
	LoadAllAssembliesAndSetupDomain (163ms)
		LoadAssemblies (137ms)
		RebuildTransferFunctionScriptingTraits (0ms)
		AnalyzeDomain (161ms)
			TypeCache.Refresh (159ms)
				TypeCache.ScanAssembly (148ms)
			BuildScriptInfoCaches (0ms)
			ResolveRequiredComponents (0ms)
	FinalizeReload (372ms)
		ReleaseScriptCaches (0ms)
		RebuildScriptCaches (0ms)
		SetupLoadedEditorAssemblies (332ms)
			LogAssemblyErrors (0ms)
			InitializePlatformSupportModulesInManaged (50ms)
			SetLoadedEditorAssemblies (5ms)
			BeforeProcessingInitializeOnLoad (81ms)
			ProcessInitializeOnLoadAttributes (142ms)
			ProcessInitializeOnLoadMethodAttributes (54ms)
			AfterProcessingInitializeOnLoad (0ms)
			EditorAssembliesLoaded (0ms)
		ExecutionOrderSort2 (0ms)
		AwakeInstancesAfterBackupRestoration (0ms)
Assembly reference Packages/com.unity.cinemachine/Editor/Samples/ExposeHDRPInternals/HDRP-Editor-ref.asmref has no target assembly definition
========================================================================
Worker process is ready to serve import requests
Import Worker Mode flag is 0x00
Assembly reference Packages/com.unity.cinemachine/Editor/Samples/ExposeHDRPInternals/HDRP-Editor-ref.asmref has no target assembly definition
Assembly reference Packages/com.unity.cinemachine/Editor/Samples/ExposeHDRPInternals/HDRP-Editor-ref.asmref has no target assembly definition
Begin MonoManager ReloadAssembly
[Licensing::Client] Successfully resolved entitlement details
[Licensing::Module] License group:
  Id: ewogICJzdWJzR3JvdXAiIDogInVuaXR5IGVkaXRvciIsCiAgIm5hbWVzcGFjZSIgOiAidW5pdHlfZWRpdG9yIiwKICAidHlwZSIgOiAiRURJVE9SIiwKICAidGFnIiA6ICJVbml0eVBlcnNvbmFsXXXX
  Product: Unity Personal Version
  Type: Assigned
  Expiration: Unlimited
- Loaded All Assemblies, in  0.278 seconds
Assembly reference Packages/com.unity.cinemachine/Editor/Samples/ExposeHDRPInternals/HDRP-Editor-ref.asmref has no target assembly definition
'Packages/com.unity.cinemachine/Editor/Obsolete/CinemachineVirtualCameraBaseEditor.cs' contains partial class of Unity.Object, exactly 1 of the partial classes needs to be in a file with the same filename. This is to know the one that can be referenced from ie. GameObjects
'Packages/com.unity.cinemachine/Editor/Editors/CinemachineVirtualCameraBaseEditor.cs' contains partial class of Unity.Object, exactly 1 of the partial classes needs to be in a file with the same filename. This is to know the one that can be referenced from ie. GameObjects
Refreshing native plugins compatible for Editor in 0.00 ms, found 0 plugins.
Native extension for WindowsStandalone target not found
Assembly reference Packages/com.unity.cinemachine/Editor/Samples/ExposeHDRPInternals/HDRP-Editor-ref.asmref has no target assembly definition
Package Manager log level set to [2]
[Package Manager] Failed to launch server process. Reason: Unity was launched with the -noUpm command-line argument
[Package Manager] Unable to send message (not connected to server process).
[Package Manager] Cannot connect to Unity Package Manager local server
Mono: successfully reloaded assembly
- Finished resetting the current domain, in  0.575 seconds
Domain Reload Profiling: 852ms
	BeginReloadAssembly (168ms)
		ExecutionOrderSort (0ms)
		DisableScriptedObjects (6ms)
		BackupInstance (0ms)
		ReleaseScriptingObjects (0ms)
		CreateAndSetChildDomain (27ms)
	RebuildCommonClasses (32ms)
	RebuildNativeTypeToScriptingClass (11ms)
	initialDomainReloadingComplete (19ms)
	LoadAllAssembliesAndSetupDomain (46ms)
		LoadAssemblies (96ms)
		RebuildTransferFunctionScriptingTraits (0ms)
		AnalyzeDomain (37ms)
			TypeCache.Refresh (23ms)
				TypeCache.ScanAssembly (19ms)
			BuildScriptInfoCaches (8ms)
			ResolveRequiredComponents (4ms)
	FinalizeReload (576ms)
		ReleaseScriptCaches (0ms)
		RebuildScriptCaches (0ms)
		SetupLoadedEditorAssemblies (431ms)
			LogAssemblyErrors (0ms)
			InitializePlatformSupportModulesInManaged (2ms)
			SetLoadedEditorAssemblies (4ms)
			BeforeProcessingInitializeOnLoad (137ms)
			ProcessInitializeOnLoadAttributes (233ms)
			ProcessInitializeOnLoadMethodAttributes (48ms)
			AfterProcessingInitializeOnLoad (6ms)
			EditorAssembliesLoaded (0ms)
		ExecutionOrderSort2 (0ms)
		AwakeInstancesAfterBackupRestoration (7ms)
Launched and connected shader compiler UnityShaderCompiler.exe after 0.04 seconds
Refreshing native plugins compatible for Editor in 0.00 ms, found 0 plugins.
Preloading 0 native plugins for Editor in 0.00 ms.
Unloading 1 Unused Serialized files (Serialized files now loaded: 0)
Unloading 1157 unused Assets / (465.7 KB). Loaded Objects now: 1661.
Memory consumption went from 62.8 MB to 62.3 MB.
Total: 5.937400 ms (FindLiveObjects: 0.201800 ms CreateObjectMapping: 0.114000 ms MarkObjects: 5.105300 ms  DeleteObjects: 0.514700 ms)

========================================================================
Received Import Request.
  Time since last request: 16458.316092 seconds.
  path: Assets/Sprites/UI/Blue.png
  artifactKey: Guid(189c94f7e8c4d4c41896d29dc3b78c72) Importer(815301076,1909f56bfc062723c751e8b465ee728b)
Start importing Assets/Sprites/UI/Blue.png using Guid(189c94f7e8c4d4c41896d29dc3b78c72) Importer(815301076,1909f56bfc062723c751e8b465ee728b) (PreviewImporter) -> (artifact id: '9e87c1aa685a9d4987e79a14cd5201e9') in 0.1276306 seconds
Number of updated asset objects reloaded before import = 0Number of asset objects unloaded after import = 3

========================================================================
Received Import Request.
  Time since last request: 2.784815 seconds.
  path: Assets/Sprites/UI/Brown.png
  artifactKey: Guid(3e56a9603aa865d4ea68255c1cbf5294) Importer(815301076,1909f56bfc062723c751e8b465ee728b)
Start importing Assets/Sprites/UI/Brown.png using Guid(3e56a9603aa865d4ea68255c1cbf5294) Importer(815301076,1909f56bfc062723c751e8b465ee728b) (PreviewImporter) -> (artifact id: 'e455c900bc8507d6322f64322f7784f3') in 0.0077846 seconds
Number of updated asset objects reloaded before import = 0Number of asset objects unloaded after import = 3

========================================================================
Received Import Request.
  Time since last request: 2.824543 seconds.
  path: Assets/Sprites/UI/Gray.png
  artifactKey: Guid(edcb4f39979fb4246baee06aa5e9dd83) Importer(815301076,1909f56bfc062723c751e8b465ee728b)
Start importing Assets/Sprites/UI/Gray.png using Guid(edcb4f39979fb4246baee06aa5e9dd83) Importer(815301076,1909f56bfc062723c751e8b465ee728b) (PreviewImporter) -> (artifact id: '2244c82529204357af6263eb2cfabcd8') in 0.0079905 seconds
Number of updated asset objects reloaded before import = 0Number of asset objects unloaded after import = 3

========================================================================
Received Import Request.
  Time since last request: 4.058486 seconds.
  path: Assets/Sprites/UI/Green.png
  artifactKey: Guid(220581b9d5be96a48a4ddf701ef95306) Importer(815301076,1909f56bfc062723c751e8b465ee728b)
Start importing Assets/Sprites/UI/Green.png using Guid(220581b9d5be96a48a4ddf701ef95306) Importer(815301076,1909f56bfc062723c751e8b465ee728b) (PreviewImporter) -> (artifact id: '35c353194114319a89678f00d3930e68') in 0.0078323 seconds
Number of updated asset objects reloaded before import = 0Number of asset objects unloaded after import = 3

========================================================================
Received Import Request.
  Time since last request: 6.038252 seconds.
  path: Assets/Sprites/UI/Pink.png
  artifactKey: Guid(ea847ec4f093ce840b933db9f0dc0e1a) Importer(815301076,1909f56bfc062723c751e8b465ee728b)
Start importing Assets/Sprites/UI/Pink.png using Guid(ea847ec4f093ce840b933db9f0dc0e1a) Importer(815301076,1909f56bfc062723c751e8b465ee728b) (PreviewImporter) -> (artifact id: '79fdf8168db514cc53ec9a79bd543a2d') in 0.0098442 seconds
Number of updated asset objects reloaded before import = 0Number of asset objects unloaded after import = 3

========================================================================
Received Import Request.
  Time since last request: 3.126893 seconds.
  path: Assets/Sprites/UI/Purple.png
  artifactKey: Guid(5af31e784ef30de408565f21c40e6046) Importer(815301076,1909f56bfc062723c751e8b465ee728b)
Start importing Assets/Sprites/UI/Purple.png using Guid(5af31e784ef30de408565f21c40e6046) Importer(815301076,1909f56bfc062723c751e8b465ee728b) (PreviewImporter) -> (artifact id: '3373b765df6535a4329198f281fc1f73') in 0.0078368 seconds
Number of updated asset objects reloaded before import = 0Number of asset objects unloaded after import = 3

========================================================================
Received Import Request.
  Time since last request: 3.499048 seconds.
  path: Assets/Sprites/UI/Yellow.png
  artifactKey: Guid(99c52106cc8c33d41b22d8ce69f9b558) Importer(815301076,1909f56bfc062723c751e8b465ee728b)
Start importing Assets/Sprites/UI/Yellow.png using Guid(99c52106cc8c33d41b22d8ce69f9b558) Importer(815301076,1909f56bfc062723c751e8b465ee728b) (PreviewImporter) -> (artifact id: '063deb5dc28c8eab07f6a3cd078c22bb') in 0.0086058 seconds
Number of updated asset objects reloaded before import = 0Number of asset objects unloaded after import = 3

========================================================================
Received Import Request.
  Time since last request: 15.610240 seconds.
  path: Assets/BackGround/New Tile Palette.prefab
  artifactKey: Guid(520530e249a813e4cb38c6009a83eb75) Importer(815301076,1909f56bfc062723c751e8b465ee728b)
Start importing Assets/BackGround/New Tile Palette.prefab using Guid(520530e249a813e4cb38c6009a83eb75) Importer(815301076,1909f56bfc062723c751e8b465ee728b) (PreviewImporter) -> (artifact id: 'e0d12824ea76c5aa91852b6a6a35d563') in 0.0408131 seconds
Number of updated asset objects reloaded before import = 0Number of asset objects unloaded after import = 10

========================================================================
Received Import Request.
  Time since last request: 0.049751 seconds.
  path: Assets/BackGround/New Tile Palette.prefab
  artifactKey: Guid(520530e249a813e4cb38c6009a83eb75) Importer(815301076,1909f56bfc062723c751e8b465ee728b)
Start importing Assets/BackGround/New Tile Palette.prefab using Guid(520530e249a813e4cb38c6009a83eb75) Importer(815301076,1909f56bfc062723c751e8b465ee728b) (PreviewImporter) -> (artifact id: '4f3cae6e852fb54c86b57a554e6c4b7b') in 0.0106823 seconds
Number of updated asset objects reloaded before import = 0Number of asset objects unloaded after import = 13

========================================================================
Received Import Request.
  Time since last request: 0.959280 seconds.
  path: Assets/BackGround/New Tile Palette.prefab
  artifactKey: Guid(520530e249a813e4cb38c6009a83eb75) Importer(2089858483,192608db42251d675da83286b1cce702)
Start importing Assets/BackGround/New Tile Palette.prefab using Guid(520530e249a813e4cb38c6009a83eb75) Importer(2089858483,192608db42251d675da83286b1cce702) (ScriptedImporter) -> (artifact id: '6000b6235c2ba4a35a0ba82ce1f32393') in 0.137132 seconds
Number of updated asset objects reloaded before import = 0Number of asset objects unloaded after import = 10

========================================================================
Received Import Request.
  Time since last request: 61.011313 seconds.
  path: Assets/Sprites/UI/Blue.png
  artifactKey: Guid(189c94f7e8c4d4c41896d29dc3b78c72) Importer(815301076,1909f56bfc062723c751e8b465ee728b)
Start importing Assets/Sprites/UI/Blue.png using Guid(189c94f7e8c4d4c41896d29dc3b78c72) Importer(815301076,1909f56bfc062723c751e8b465ee728b) (PreviewImporter) -> (artifact id: 'ff736531612e14cb720ce00e501b63dd') in 0.0518136 seconds
Number of updated asset objects reloaded before import = 0Number of asset objects unloaded after import = 18

========================================================================
Received Import Request.
  Time since last request: 10.130774 seconds.
  path: Assets/Sprites/UI/Brown.png
  artifactKey: Guid(3e56a9603aa865d4ea68255c1cbf5294) Importer(815301076,1909f56bfc062723c751e8b465ee728b)
Start importing Assets/Sprites/UI/Brown.png using Guid(3e56a9603aa865d4ea68255c1cbf5294) Importer(815301076,1909f56bfc062723c751e8b465ee728b) (PreviewImporter) -> (artifact id: '111432813fc0fc0bcf645397ce8a1646') in 0.0887653 seconds
Number of updated asset objects reloaded before import = 0Number of asset objects unloaded after import = 18

========================================================================
Received Import Request.
  Time since last request: 5.249515 seconds.
  path: Assets/Sprites/UI/Gray.png
  artifactKey: Guid(edcb4f39979fb4246baee06aa5e9dd83) Importer(815301076,1909f56bfc062723c751e8b465ee728b)
Start importing Assets/Sprites/UI/Gray.png using Guid(edcb4f39979fb4246baee06aa5e9dd83) Importer(815301076,1909f56bfc062723c751e8b465ee728b) (PreviewImporter) -> (artifact id: '3d0ddce1ed8dbc3304f5145be6a31aec') in 0.1104376 seconds
Number of updated asset objects reloaded before import = 0Number of asset objects unloaded after import = 18

========================================================================
Received Import Request.
  Time since last request: 6.588735 seconds.
  path: Assets/Sprites/UI/Green.png
  artifactKey: Guid(220581b9d5be96a48a4ddf701ef95306) Importer(815301076,1909f56bfc062723c751e8b465ee728b)
Start importing Assets/Sprites/UI/Green.png using Guid(220581b9d5be96a48a4ddf701ef95306) Importer(815301076,1909f56bfc062723c751e8b465ee728b) (PreviewImporter) -> (artifact id: '2f8a5e25d097b99c3d6cf1958996274b') in 0.0927339 seconds
Number of updated asset objects reloaded before import = 0Number of asset objects unloaded after import = 18

========================================================================
Received Import Request.
  Time since last request: 7.362579 seconds.
  path: Assets/Sprites/UI/Pink.png
  artifactKey: Guid(ea847ec4f093ce840b933db9f0dc0e1a) Importer(815301076,1909f56bfc062723c751e8b465ee728b)
Start importing Assets/Sprites/UI/Pink.png using Guid(ea847ec4f093ce840b933db9f0dc0e1a) Importer(815301076,1909f56bfc062723c751e8b465ee728b) (PreviewImporter) -> (artifact id: '066eb011b13a12b8fd37f7bc5b57eaa8') in 0.050982 seconds
Number of updated asset objects reloaded before import = 0Number of asset objects unloaded after import = 18

========================================================================
Received Import Request.
  Time since last request: 6.474866 seconds.
  path: Assets/Sprites/UI/Purple.png
  artifactKey: Guid(5af31e784ef30de408565f21c40e6046) Importer(815301076,1909f56bfc062723c751e8b465ee728b)
Start importing Assets/Sprites/UI/Purple.png using Guid(5af31e784ef30de408565f21c40e6046) Importer(815301076,1909f56bfc062723c751e8b465ee728b) (PreviewImporter) -> (artifact id: 'a62360f5541dc15507dfc0553c4dfe04') in 0.1106706 seconds
Number of updated asset objects reloaded before import = 0Number of asset objects unloaded after import = 18

========================================================================
Received Import Request.
  Time since last request: 7.858261 seconds.
  path: Assets/Sprites/UI/Yellow.png
  artifactKey: Guid(99c52106cc8c33d41b22d8ce69f9b558) Importer(815301076,1909f56bfc062723c751e8b465ee728b)
Start importing Assets/Sprites/UI/Yellow.png using Guid(99c52106cc8c33d41b22d8ce69f9b558) Importer(815301076,1909f56bfc062723c751e8b465ee728b) (PreviewImporter) -> (artifact id: 'baede8691c2d32487af7a9685cb5fd25') in 0.0926158 seconds
Number of updated asset objects reloaded before import = 0Number of asset objects unloaded after import = 18

========================================================================
Received Import Request.
  Time since last request: 24.997506 seconds.
  path: Assets/BackGround/New Tile Palette.prefab
  artifactKey: Guid(520530e249a813e4cb38c6009a83eb75) Importer(815301076,1909f56bfc062723c751e8b465ee728b)
Start importing Assets/BackGround/New Tile Palette.prefab using Guid(520530e249a813e4cb38c6009a83eb75) Importer(815301076,1909f56bfc062723c751e8b465ee728b) (PreviewImporter) -> (artifact id: '0ad9c7d2fb756594986befd4acdae735') in 0.0127774 seconds
Number of updated asset objects reloaded before import = 0Number of asset objects unloaded after import = 10

========================================================================
Received Import Request.
  Time since last request: 0.482112 seconds.
  path: Assets/BackGround/New Tile Palette.prefab
  artifactKey: Guid(520530e249a813e4cb38c6009a83eb75) Importer(815301076,1909f56bfc062723c751e8b465ee728b)
Start importing Assets/BackGround/New Tile Palette.prefab using Guid(520530e249a813e4cb38c6009a83eb75) Importer(815301076,1909f56bfc062723c751e8b465ee728b) (PreviewImporter) -> (artifact id: 'c13bd285021a2ca3859df8f5906312a1') in 0.1435974 seconds
Number of updated asset objects reloaded before import = 0Number of asset objects unloaded after import = 241

========================================================================
Received Import Request.
  Time since last request: 0.000043 seconds.
  path: Assets/BackGround/Green_15.asset
  artifactKey: Guid(c8d5656b58bc2e841ba3a2a9955b48f1) Importer(815301076,1909f56bfc062723c751e8b465ee728b)
Start importing Assets/BackGround/Green_15.asset using Guid(c8d5656b58bc2e841ba3a2a9955b48f1) Importer(815301076,1909f56bfc062723c751e8b465ee728b) (PreviewImporter) -> (artifact id: 'bea5abae44b74f1f843608a8650db79b') in 0.015355 seconds
Number of updated asset objects reloaded before import = 0Number of asset objects unloaded after import = 3

========================================================================
Received Import Request.
  Time since last request: 0.000024 seconds.
  path: Assets/BackGround/Green_14.asset
  artifactKey: Guid(2348da0addebb0c4aba1ff62b86711c5) Importer(815301076,1909f56bfc062723c751e8b465ee728b)
Start importing Assets/BackGround/Green_14.asset using Guid(2348da0addebb0c4aba1ff62b86711c5) Importer(815301076,1909f56bfc062723c751e8b465ee728b) (PreviewImporter) -> (artifact id: '0adb43ccdcb6134252d413954bea04b5') in 0.0064388 seconds
Number of updated asset objects reloaded before import = 0Number of asset objects unloaded after import = 3

========================================================================
Received Import Request.
  Time since last request: 0.000022 seconds.
  path: Assets/BackGround/Green_12.asset
  artifactKey: Guid(d84243ba6037e64408a305f193671244) Importer(815301076,1909f56bfc062723c751e8b465ee728b)
Start importing Assets/BackGround/Green_12.asset using Guid(d84243ba6037e64408a305f193671244) Importer(815301076,1909f56bfc062723c751e8b465ee728b) (PreviewImporter) -> (artifact id: 'f86fe975ce5c70554fa7a9e35a69fbb3') in 0.0059063 seconds
Number of updated asset objects reloaded before import = 0Number of asset objects unloaded after import = 3

========================================================================
Received Import Request.
  Time since last request: 0.000024 seconds.
  path: Assets/BackGround/Green_5.asset
  artifactKey: Guid(5e6860dfcbc5df84da3ad48732eabbe7) Importer(815301076,1909f56bfc062723c751e8b465ee728b)
Start importing Assets/BackGround/Green_5.asset using Guid(5e6860dfcbc5df84da3ad48732eabbe7) Importer(815301076,1909f56bfc062723c751e8b465ee728b) (PreviewImporter) -> (artifact id: '823b13ade5c7cc5b69564d89681bc1de') in 0.0077758 seconds
Number of updated asset objects reloaded before import = 0Number of asset objects unloaded after import = 3

========================================================================
Received Import Request.
  Time since last request: 0.000026 seconds.
  path: Assets/BackGround/Green_10.asset
  artifactKey: Guid(21769959ada6d7343883f15371a64ff4) Importer(815301076,1909f56bfc062723c751e8b465ee728b)
Start importing Assets/BackGround/Green_10.asset using Guid(21769959ada6d7343883f15371a64ff4) Importer(815301076,1909f56bfc062723c751e8b465ee728b) (PreviewImporter) -> (artifact id: '1ef11b64f59e14cf22dded7a4d17101a') in 0.0136014 seconds
Number of updated asset objects reloaded before import = 0Number of asset objects unloaded after import = 3

========================================================================
Received Import Request.
  Time since last request: 0.000017 seconds.
  path: Assets/BackGround/Green_13.asset
  artifactKey: Guid(6d3ffb27370c7d44bb8951877823a235) Importer(815301076,1909f56bfc062723c751e8b465ee728b)
Start importing Assets/BackGround/Green_13.asset using Guid(6d3ffb27370c7d44bb8951877823a235) Importer(815301076,1909f56bfc062723c751e8b465ee728b) (PreviewImporter) -> (artifact id: 'c78899c90ef6f6f0e1166a17312dbae3') in 0.0073148 seconds
Number of updated asset objects reloaded before import = 0Number of asset objects unloaded after import = 3

========================================================================
Received Import Request.
  Time since last request: 0.000029 seconds.
  path: Assets/BackGround/Pink_2.asset
  artifactKey: Guid(7b7d1c770863a5443a91edf433c2c5ec) Importer(815301076,1909f56bfc062723c751e8b465ee728b)
Start importing Assets/BackGround/Pink_2.asset using Guid(7b7d1c770863a5443a91edf433c2c5ec) Importer(815301076,1909f56bfc062723c751e8b465ee728b) (PreviewImporter) -> (artifact id: 'bfa3ebb27a602910f70e374a6c7c94c7') in 0.0135887 seconds
Number of updated asset objects reloaded before import = 0Number of asset objects unloaded after import = 3

========================================================================
Received Import Request.
  Time since last request: 0.000029 seconds.
  path: Assets/BackGround/Pink_10.asset
  artifactKey: Guid(7c3c1534cd27c844d971807aeddf6015) Importer(815301076,1909f56bfc062723c751e8b465ee728b)
Start importing Assets/BackGround/Pink_10.asset using Guid(7c3c1534cd27c844d971807aeddf6015) Importer(815301076,1909f56bfc062723c751e8b465ee728b) (PreviewImporter) -> (artifact id: 'bb7b0343cf07587a26e9305a60f713fb') in 0.0163554 seconds
Number of updated asset objects reloaded before import = 0Number of asset objects unloaded after import = 3

========================================================================
Received Import Request.
  Time since last request: 0.000022 seconds.
  path: Assets/BackGround/Pink_9.asset
  artifactKey: Guid(5deb848b1f0c2c14ea0cf8e77f52bda2) Importer(815301076,1909f56bfc062723c751e8b465ee728b)
Start importing Assets/BackGround/Pink_9.asset using Guid(5deb848b1f0c2c14ea0cf8e77f52bda2) Importer(815301076,1909f56bfc062723c751e8b465ee728b) (PreviewImporter) -> (artifact id: '236fa93467714d0e249619f4b6480f3b') in 0.0118751 seconds
Number of updated asset objects reloaded before import = 0Number of asset objects unloaded after import = 3

========================================================================
Received Import Request.
  Time since last request: 0.000128 seconds.
  path: Assets/BackGround/Green_11.asset
  artifactKey: Guid(4c0b58706bbf93d4ea4f513fea6a108f) Importer(815301076,1909f56bfc062723c751e8b465ee728b)
Start importing Assets/BackGround/Green_11.asset using Guid(4c0b58706bbf93d4ea4f513fea6a108f) Importer(815301076,1909f56bfc062723c751e8b465ee728b) (PreviewImporter) -> (artifact id: 'd189e9722f158045d75901d286a937a6') in 0.0114629 seconds
Number of updated asset objects reloaded before import = 0Number of asset objects unloaded after import = 3

========================================================================
Received Import Request.
  Time since last request: 0.000195 seconds.
  path: Assets/BackGround/Green_6.asset
  artifactKey: Guid(8fa254717eeb0c14b9b2e5214a2e2bdc) Importer(815301076,1909f56bfc062723c751e8b465ee728b)
Start importing Assets/BackGround/Green_6.asset using Guid(8fa254717eeb0c14b9b2e5214a2e2bdc) Importer(815301076,1909f56bfc062723c751e8b465ee728b) (PreviewImporter) -> (artifact id: 'f4a790d9fe6cd5fcf38369ad0daac8df') in 0.0079588 seconds
Number of updated asset objects reloaded before import = 0Number of asset objects unloaded after import = 3

========================================================================
Received Import Request.
  Time since last request: 0.000018 seconds.
  path: Assets/BackGround/Pink_3.asset
  artifactKey: Guid(ddc1548992bc8dd48b06831915ee1f17) Importer(815301076,1909f56bfc062723c751e8b465ee728b)
Start importing Assets/BackGround/Pink_3.asset using Guid(ddc1548992bc8dd48b06831915ee1f17) Importer(815301076,1909f56bfc062723c751e8b465ee728b) (PreviewImporter) -> (artifact id: 'f48e6609e52bb4f1837e0387e29d1970') in 0.0065678 seconds
Number of updated asset objects reloaded before import = 0Number of asset objects unloaded after import = 3

========================================================================
Received Import Request.
  Time since last request: 0.000021 seconds.
  path: Assets/BackGround/Pink_8.asset
  artifactKey: Guid(5a1e6d7b9320c824db45850f6ba3afda) Importer(815301076,1909f56bfc062723c751e8b465ee728b)
Start importing Assets/BackGround/Pink_8.asset using Guid(5a1e6d7b9320c824db45850f6ba3afda) Importer(815301076,1909f56bfc062723c751e8b465ee728b) (PreviewImporter) -> (artifact id: 'e37f40264045576f4fc8df205fc1e6e9') in 0.0050385 seconds
Number of updated asset objects reloaded before import = 0Number of asset objects unloaded after import = 3

========================================================================
Received Import Request.
  Time since last request: 0.000016 seconds.
  path: Assets/BackGround/Pink_0.asset
  artifactKey: Guid(e651e63b91ca07c48a7822291dfb28fc) Importer(815301076,1909f56bfc062723c751e8b465ee728b)
Start importing Assets/BackGround/Pink_0.asset using Guid(e651e63b91ca07c48a7822291dfb28fc) Importer(815301076,1909f56bfc062723c751e8b465ee728b) (PreviewImporter) -> (artifact id: '3d0b3c2121ccd476e5c85bd6bdeaec06') in 0.0057238 seconds
Number of updated asset objects reloaded before import = 0Number of asset objects unloaded after import = 3

========================================================================
Received Import Request.
  Time since last request: 0.000066 seconds.
  path: Assets/BackGround/Pink_6.asset
  artifactKey: Guid(a4edf61700972384e909227a5b43ddb7) Importer(815301076,1909f56bfc062723c751e8b465ee728b)
Start importing Assets/BackGround/Pink_6.asset using Guid(a4edf61700972384e909227a5b43ddb7) Importer(815301076,1909f56bfc062723c751e8b465ee728b) (PreviewImporter) -> (artifact id: 'f3aaebbe3caa4551b2d26f62dc937a19') in 0.0059624 seconds
Number of updated asset objects reloaded before import = 0Number of asset objects unloaded after import = 3

========================================================================
Received Import Request.
  Time since last request: 0.000017 seconds.
  path: Assets/BackGround/Green_7.asset
  artifactKey: Guid(1071671c404183d40b84000b1a6bdf0d) Importer(815301076,1909f56bfc062723c751e8b465ee728b)
Start importing Assets/BackGround/Green_7.asset using Guid(1071671c404183d40b84000b1a6bdf0d) Importer(815301076,1909f56bfc062723c751e8b465ee728b) (PreviewImporter) -> (artifact id: '0634d3461bf79e33d3a4ac8fa44d5ac8') in 0.0047556 seconds
Number of updated asset objects reloaded before import = 0Number of asset objects unloaded after import = 3

========================================================================
Received Import Request.
  Time since last request: 0.000019 seconds.
  path: Assets/BackGround/Pink_4.asset
  artifactKey: Guid(ae17b0b6b3bfd6745af9b695a91d240c) Importer(815301076,1909f56bfc062723c751e8b465ee728b)
Start importing Assets/BackGround/Pink_4.asset using Guid(ae17b0b6b3bfd6745af9b695a91d240c) Importer(815301076,1909f56bfc062723c751e8b465ee728b) (PreviewImporter) -> (artifact id: '5c832cb36fcb7079207ad64b4f63b10c') in 0.0059153 seconds
Number of updated asset objects reloaded before import = 0Number of asset objects unloaded after import = 3

========================================================================
Received Import Request.
  Time since last request: 0.664599 seconds.
  path: Assets/BackGround/New Tile Palette.prefab
  artifactKey: Guid(520530e249a813e4cb38c6009a83eb75) Importer(2089858483,192608db42251d675da83286b1cce702)
Start importing Assets/BackGround/New Tile Palette.prefab using Guid(520530e249a813e4cb38c6009a83eb75) Importer(2089858483,192608db42251d675da83286b1cce702) (ScriptedImporter) -> (artifact id: '8c28842e18321bfc5443c82d5d5bba05') in 0.0139177 seconds
Number of updated asset objects reloaded before import = 0Number of asset objects unloaded after import = 10

========================================================================
Received Import Request.
  Time since last request: 0.000131 seconds.
  path: Assets/BackGround/Brown_2.asset
  artifactKey: Guid(3690e733a6d98894191328a22c8bbe62) Importer(2089858483,192608db42251d675da83286b1cce702)
Start importing Assets/BackGround/Brown_2.asset using Guid(3690e733a6d98894191328a22c8bbe62) Importer(2089858483,192608db42251d675da83286b1cce702) (ScriptedImporter) -> (artifact id: '2213c2750a2c6139be56b5d54c9f609e') in 0.0158863 seconds
Number of updated asset objects reloaded before import = 0Number of asset objects unloaded after import = 2

========================================================================
Received Import Request.
  Time since last request: 0.000077 seconds.
  path: Assets/BackGround/Gray_7.asset
  artifactKey: Guid(40a8f35498f7cbf4e99059bae29e7342) Importer(2089858483,192608db42251d675da83286b1cce702)
Start importing Assets/BackGround/Gray_7.asset using Guid(40a8f35498f7cbf4e99059bae29e7342) Importer(2089858483,192608db42251d675da83286b1cce702) (ScriptedImporter) -> (artifact id: '2b4f2930ae00484b893b954a834ee7ee') in 0.0055883 seconds
Number of updated asset objects reloaded before import = 0Number of asset objects unloaded after import = 2

========================================================================
Received Import Request.
  Time since last request: 0.000315 seconds.
  path: Assets/BackGround/Green_15.asset
  artifactKey: Guid(c8d5656b58bc2e841ba3a2a9955b48f1) Importer(2089858483,192608db42251d675da83286b1cce702)
Start importing Assets/BackGround/Green_15.asset using Guid(c8d5656b58bc2e841ba3a2a9955b48f1) Importer(2089858483,192608db42251d675da83286b1cce702) (ScriptedImporter) -> (artifact id: 'cfa11f52bf55dfe3954724a9375057df') in 0.0052742 seconds
Number of updated asset objects reloaded before import = 0Number of asset objects unloaded after import = 2

========================================================================
Received Import Request.
  Time since last request: 0.000025 seconds.
  path: Assets/BackGround/Blue_6.asset
  artifactKey: Guid(dae67892f11d20a4fa67a0bc922aec6e) Importer(2089858483,192608db42251d675da83286b1cce702)
Start importing Assets/BackGround/Blue_6.asset using Guid(dae67892f11d20a4fa67a0bc922aec6e) Importer(2089858483,192608db42251d675da83286b1cce702) (ScriptedImporter) -> (artifact id: '133a5649ec4a22438f2223726b55606a') in 0.0056248 seconds
Number of updated asset objects reloaded before import = 0Number of asset objects unloaded after import = 2

========================================================================
Received Import Request.
  Time since last request: 0.000128 seconds.
  path: Assets/BackGround/Yellow_5.asset
  artifactKey: Guid(cf52e99779c1c4a45bf46314df574d7a) Importer(2089858483,192608db42251d675da83286b1cce702)
Start importing Assets/BackGround/Yellow_5.asset using Guid(cf52e99779c1c4a45bf46314df574d7a) Importer(2089858483,192608db42251d675da83286b1cce702) (ScriptedImporter) -> (artifact id: 'b88112909ce88e9dcb3dc00ee9fc13be') in 0.0065881 seconds
Number of updated asset objects reloaded before import = 0Number of asset objects unloaded after import = 2

========================================================================
Received Import Request.
  Time since last request: 0.000102 seconds.
  path: Assets/BackGround/Yellow_14.asset
  artifactKey: Guid(1e64617bd2f6265478c54a86e89e1a35) Importer(2089858483,192608db42251d675da83286b1cce702)
Start importing Assets/BackGround/Yellow_14.asset using Guid(1e64617bd2f6265478c54a86e89e1a35) Importer(2089858483,192608db42251d675da83286b1cce702) (ScriptedImporter) -> (artifact id: '9ea30995aac3b1ab0038ec5e9066c3af') in 0.0086978 seconds
Number of updated asset objects reloaded before import = 0Number of asset objects unloaded after import = 2

========================================================================
Received Import Request.
  Time since last request: 0.000234 seconds.
  path: Assets/BackGround/Purple_9.asset
  artifactKey: Guid(fa39871e9c84fc94e929b233adb4f441) Importer(2089858483,192608db42251d675da83286b1cce702)
Start importing Assets/BackGround/Purple_9.asset using Guid(fa39871e9c84fc94e929b233adb4f441) Importer(2089858483,192608db42251d675da83286b1cce702) (ScriptedImporter) -> (artifact id: '36e957328d82407160f9d93296c03096') in 0.0056985 seconds
Number of updated asset objects reloaded before import = 0Number of asset objects unloaded after import = 2

========================================================================
Received Import Request.
  Time since last request: 0.000369 seconds.
  path: Assets/BackGround/Purple_5.asset
  artifactKey: Guid(219ca215658aa674083db8d7ccdf580b) Importer(2089858483,192608db42251d675da83286b1cce702)
Start importing Assets/BackGround/Purple_5.asset using Guid(219ca215658aa674083db8d7ccdf580b) Importer(2089858483,192608db42251d675da83286b1cce702) (ScriptedImporter) -> (artifact id: '9ea865a86e79987c3c0ea7e28efb9368') in 0.0066476 seconds
Number of updated asset objects reloaded before import = 0Number of asset objects unloaded after import = 2

========================================================================
Received Import Request.
  Time since last request: 0.000360 seconds.
  path: Assets/BackGround/Yellow_11.asset
  artifactKey: Guid(bcc57b0a499b83a429c6562862f19b5d) Importer(2089858483,192608db42251d675da83286b1cce702)
Start importing Assets/BackGround/Yellow_11.asset using Guid(bcc57b0a499b83a429c6562862f19b5d) Importer(2089858483,192608db42251d675da83286b1cce702) (ScriptedImporter) -> (artifact id: 'ab1942af68869eb5e0e69af6dd35298e') in 0.00643 seconds
Number of updated asset objects reloaded before import = 0Number of asset objects unloaded after import = 2

========================================================================
Received Import Request.
  Time since last request: 0.000417 seconds.
  path: Assets/BackGround/Brown_3.asset
  artifactKey: Guid(a70d1d79df4aa184980b87be6ca6fa7d) Importer(2089858483,192608db42251d675da83286b1cce702)
Start importing Assets/BackGround/Brown_3.asset using Guid(a70d1d79df4aa184980b87be6ca6fa7d) Importer(2089858483,192608db42251d675da83286b1cce702) (ScriptedImporter) -> (artifact id: 'c1fb3b53a316c21eb1461c38b44e2052') in 0.0069917 seconds
Number of updated asset objects reloaded before import = 0Number of asset objects unloaded after import = 2

========================================================================
Received Import Request.
  Time since last request: 0.000360 seconds.
  path: Assets/BackGround/Blue_12.asset
  artifactKey: Guid(7de853a9410b194458bb34237bb80464) Importer(2089858483,192608db42251d675da83286b1cce702)
Start importing Assets/BackGround/Blue_12.asset using Guid(7de853a9410b194458bb34237bb80464) Importer(2089858483,192608db42251d675da83286b1cce702) (ScriptedImporter) -> (artifact id: '4f476f24a93110ed8d06d4a82ce91033') in 0.0086274 seconds
Number of updated asset objects reloaded before import = 0Number of asset objects unloaded after import = 2

========================================================================
Received Import Request.
  Time since last request: 0.000370 seconds.
  path: Assets/BackGround/Purple_8.asset
  artifactKey: Guid(66b35065a2ba863488f3f30703ae4e44) Importer(2089858483,192608db42251d675da83286b1cce702)
Start importing Assets/BackGround/Purple_8.asset using Guid(66b35065a2ba863488f3f30703ae4e44) Importer(2089858483,192608db42251d675da83286b1cce702) (ScriptedImporter) -> (artifact id: '39ab8986a3c2abe37eef24b139a94ccc') in 0.0093591 seconds
Number of updated asset objects reloaded before import = 0Number of asset objects unloaded after import = 2

========================================================================
Received Import Request.
  Time since last request: 0.000062 seconds.
  path: Assets/BackGround/Pink_2.asset
  artifactKey: Guid(7b7d1c770863a5443a91edf433c2c5ec) Importer(2089858483,192608db42251d675da83286b1cce702)
Start importing Assets/BackGround/Pink_2.asset using Guid(7b7d1c770863a5443a91edf433c2c5ec) Importer(2089858483,192608db42251d675da83286b1cce702) (ScriptedImporter) -> (artifact id: '0d07130d730ad46eb2495a47e55ea2b9') in 0.0094523 seconds
Number of updated asset objects reloaded before import = 0Number of asset objects unloaded after import = 2

========================================================================
Received Import Request.
  Time since last request: 0.000203 seconds.
  path: Assets/BackGround/Purple_1.asset
  artifactKey: Guid(4b942dc6c8f0cfa4ab0bb5d96188cd7d) Importer(2089858483,192608db42251d675da83286b1cce702)
Start importing Assets/BackGround/Purple_1.asset using Guid(4b942dc6c8f0cfa4ab0bb5d96188cd7d) Importer(2089858483,192608db42251d675da83286b1cce702) (ScriptedImporter) -> (artifact id: 'bfbd67372a58bd621992012c99bdbffa') in 0.0103805 seconds
Number of updated asset objects reloaded before import = 0Number of asset objects unloaded after import = 2

========================================================================
Received Import Request.
  Time since last request: 0.000551 seconds.
  path: Assets/BackGround/Gray_8.asset
  artifactKey: Guid(9a254d6232b998a48907c86e7cdb599e) Importer(2089858483,192608db42251d675da83286b1cce702)
Start importing Assets/BackGround/Gray_8.asset using Guid(9a254d6232b998a48907c86e7cdb599e) Importer(2089858483,192608db42251d675da83286b1cce702) (ScriptedImporter) -> (artifact id: 'e456b7b64346f235ca22d588f613f922') in 0.005704 seconds
Number of updated asset objects reloaded before import = 0Number of asset objects unloaded after import = 2

========================================================================
Received Import Request.
  Time since last request: 0.000222 seconds.
  path: Assets/BackGround/Purple_6.asset
  artifactKey: Guid(9a810e9565391df46980aadf6b66fb43) Importer(2089858483,192608db42251d675da83286b1cce702)
Start importing Assets/BackGround/Purple_6.asset using Guid(9a810e9565391df46980aadf6b66fb43) Importer(2089858483,192608db42251d675da83286b1cce702) (ScriptedImporter) -> (artifact id: '60517da6aef2294f5fb03e4e3159e5b4') in 0.0056541 seconds
Number of updated asset objects reloaded before import = 0Number of asset objects unloaded after import = 2

========================================================================
Received Import Request.
  Time since last request: 0.000485 seconds.
  path: Assets/BackGround/Gray_11.asset
  artifactKey: Guid(80d371cf698ead34393a3b0bc9bd9a3f) Importer(2089858483,192608db42251d675da83286b1cce702)
Start importing Assets/BackGround/Gray_11.asset using Guid(80d371cf698ead34393a3b0bc9bd9a3f) Importer(2089858483,192608db42251d675da83286b1cce702) (ScriptedImporter) -> (artifact id: '3784c533be90fcba290563731a03135b') in 0.0064944 seconds
Number of updated asset objects reloaded before import = 0Number of asset objects unloaded after import = 2

========================================================================
Received Import Request.
  Time since last request: 0.000088 seconds.
  path: Assets/BackGround/Green_4.asset
  artifactKey: Guid(05d4a4bc4a1c89543951431b997adf99) Importer(2089858483,192608db42251d675da83286b1cce702)
Start importing Assets/BackGround/Green_4.asset using Guid(05d4a4bc4a1c89543951431b997adf99) Importer(2089858483,192608db42251d675da83286b1cce702) (ScriptedImporter) -> (artifact id: 'add593adcae4bf01e3d5cdf21e56a91d') in 0.0078834 seconds
Number of updated asset objects reloaded before import = 0Number of asset objects unloaded after import = 2

========================================================================
Received Import Request.
  Time since last request: 0.000041 seconds.
  path: Assets/BackGround/Gray_12.asset
  artifactKey: Guid(0b7659ccc6ba2bc408beb3fd31c0f215) Importer(2089858483,192608db42251d675da83286b1cce702)
Start importing Assets/BackGround/Gray_12.asset using Guid(0b7659ccc6ba2bc408beb3fd31c0f215) Importer(2089858483,192608db42251d675da83286b1cce702) (ScriptedImporter) -> (artifact id: 'f8d9a6a1a0a6d98a9fd757d5f56433b4') in 0.006034 seconds
Number of updated asset objects reloaded before import = 0Number of asset objects unloaded after import = 2

========================================================================
Received Import Request.
  Time since last request: 0.000173 seconds.
  path: Assets/BackGround/Pink_3.asset
  artifactKey: Guid(ddc1548992bc8dd48b06831915ee1f17) Importer(2089858483,192608db42251d675da83286b1cce702)
Start importing Assets/BackGround/Pink_3.asset using Guid(ddc1548992bc8dd48b06831915ee1f17) Importer(2089858483,192608db42251d675da83286b1cce702) (ScriptedImporter) -> (artifact id: 'f19e27f4528e48115835ef42142c633e') in 0.0087592 seconds
Number of updated asset objects reloaded before import = 0Number of asset objects unloaded after import = 2

========================================================================
Received Import Request.
  Time since last request: 0.000360 seconds.
  path: Assets/BackGround/Green_8.asset
  artifactKey: Guid(69c4a49503f854f4f92c0c6f7e49b807) Importer(2089858483,192608db42251d675da83286b1cce702)
Start importing Assets/BackGround/Green_8.asset using Guid(69c4a49503f854f4f92c0c6f7e49b807) Importer(2089858483,192608db42251d675da83286b1cce702) (ScriptedImporter) -> (artifact id: '5d3e2484ee2c22f095f6cc8cb66e20c6') in 0.0071078 seconds
Number of updated asset objects reloaded before import = 0Number of asset objects unloaded after import = 2

========================================================================
Received Import Request.
  Time since last request: 0.000548 seconds.
  path: Assets/BackGround/Brown_7.asset
  artifactKey: Guid(b2f227137e4ada84391cdede4a35340c) Importer(2089858483,192608db42251d675da83286b1cce702)
Start importing Assets/BackGround/Brown_7.asset using Guid(b2f227137e4ada84391cdede4a35340c) Importer(2089858483,192608db42251d675da83286b1cce702) (ScriptedImporter) -> (artifact id: 'f4c88a1ac518b5e712a093b548339231') in 0.0051681 seconds
Number of updated asset objects reloaded before import = 0Number of asset objects unloaded after import = 2

========================================================================
Received Import Request.
  Time since last request: 0.000396 seconds.
  path: Assets/BackGround/Blue_2.asset
  artifactKey: Guid(cc5d2176f7cd4b64eba80523f3fa554b) Importer(2089858483,192608db42251d675da83286b1cce702)
Start importing Assets/BackGround/Blue_2.asset using Guid(cc5d2176f7cd4b64eba80523f3fa554b) Importer(2089858483,192608db42251d675da83286b1cce702) (ScriptedImporter) -> (artifact id: '75bf973c387022c6bbd0e1a289e525d9') in 0.0073274 seconds
Number of updated asset objects reloaded before import = 0Number of asset objects unloaded after import = 2

========================================================================
Received Import Request.
  Time since last request: 0.000238 seconds.
  path: Assets/BackGround/Yellow_10.asset
  artifactKey: Guid(bb37a93816f02e247b2663b4c65303c3) Importer(2089858483,192608db42251d675da83286b1cce702)
Start importing Assets/BackGround/Yellow_10.asset using Guid(bb37a93816f02e247b2663b4c65303c3) Importer(2089858483,192608db42251d675da83286b1cce702) (ScriptedImporter) -> (artifact id: '9d9cdcfbc90ab58f806a04c73613c7f6') in 0.0100731 seconds
Number of updated asset objects reloaded before import = 0Number of asset objects unloaded after import = 2

========================================================================
Received Import Request.
  Time since last request: 0.000197 seconds.
  path: Assets/BackGround/Brown_1.asset
  artifactKey: Guid(a7e44aa8a3059754c9974a7ec081fbf7) Importer(2089858483,192608db42251d675da83286b1cce702)
Start importing Assets/BackGround/Brown_1.asset using Guid(a7e44aa8a3059754c9974a7ec081fbf7) Importer(2089858483,192608db42251d675da83286b1cce702) (ScriptedImporter) -> (artifact id: 'd8d37c69d99529ec35d0a3e0bd664493') in 0.0059918 seconds
Number of updated asset objects reloaded before import = 0Number of asset objects unloaded after import = 2

========================================================================
Received Import Request.
  Time since last request: 0.000204 seconds.
  path: Assets/BackGround/Green_13.asset
  artifactKey: Guid(6d3ffb27370c7d44bb8951877823a235) Importer(2089858483,192608db42251d675da83286b1cce702)
Start importing Assets/BackGround/Green_13.asset using Guid(6d3ffb27370c7d44bb8951877823a235) Importer(2089858483,192608db42251d675da83286b1cce702) (ScriptedImporter) -> (artifact id: '485ae981de31b4056a61051cff467454') in 0.0050234 seconds
Number of updated asset objects reloaded before import = 0Number of asset objects unloaded after import = 2

========================================================================
Received Import Request.
  Time since last request: 0.000192 seconds.
  path: Assets/BackGround/Yellow_3.asset
  artifactKey: Guid(9b25d010e01b5844586ef988e99dc9ce) Importer(2089858483,192608db42251d675da83286b1cce702)
Start importing Assets/BackGround/Yellow_3.asset using Guid(9b25d010e01b5844586ef988e99dc9ce) Importer(2089858483,192608db42251d675da83286b1cce702) (ScriptedImporter) -> (artifact id: 'f7f3c42568c9f9d59e2508dd3e48ed81') in 0.0052263 seconds
Number of updated asset objects reloaded before import = 0Number of asset objects unloaded after import = 2

========================================================================
Received Import Request.
  Time since last request: 0.000215 seconds.
  path: Assets/BackGround/Blue_5.asset
  artifactKey: Guid(974a35ee9526e8b40894cba4708e0080) Importer(2089858483,192608db42251d675da83286b1cce702)
Start importing Assets/BackGround/Blue_5.asset using Guid(974a35ee9526e8b40894cba4708e0080) Importer(2089858483,192608db42251d675da83286b1cce702) (ScriptedImporter) -> (artifact id: 'fbd16bb3cc13785164d9a7a4a2895ca1') in 0.0057666 seconds
Number of updated asset objects reloaded before import = 0Number of asset objects unloaded after import = 2

========================================================================
Received Import Request.
  Time since last request: 0.000505 seconds.
  path: Assets/BackGround/Green_10.asset
  artifactKey: Guid(21769959ada6d7343883f15371a64ff4) Importer(2089858483,192608db42251d675da83286b1cce702)
Start importing Assets/BackGround/Green_10.asset using Guid(21769959ada6d7343883f15371a64ff4) Importer(2089858483,192608db42251d675da83286b1cce702) (ScriptedImporter) -> (artifact id: '1a5f7957c38af8a00f8000de34bf3743') in 0.0068514 seconds
Number of updated asset objects reloaded before import = 0Number of asset objects unloaded after import = 2

========================================================================
Received Import Request.
  Time since last request: 0.000240 seconds.
  path: Assets/BackGround/Pink_10.asset
  artifactKey: Guid(7c3c1534cd27c844d971807aeddf6015) Importer(2089858483,192608db42251d675da83286b1cce702)
Start importing Assets/BackGround/Pink_10.asset using Guid(7c3c1534cd27c844d971807aeddf6015) Importer(2089858483,192608db42251d675da83286b1cce702) (ScriptedImporter) -> (artifact id: 'e01f1e00b1424e336ab69ee8c55f88da') in 0.0073394 seconds
Number of updated asset objects reloaded before import = 0Number of asset objects unloaded after import = 2

========================================================================
Received Import Request.
  Time since last request: 0.000497 seconds.
  path: Assets/BackGround/Yellow_9.asset
  artifactKey: Guid(de882669be0a8c54bb62f5b7b431a326) Importer(2089858483,192608db42251d675da83286b1cce702)
Start importing Assets/BackGround/Yellow_9.asset using Guid(de882669be0a8c54bb62f5b7b431a326) Importer(2089858483,192608db42251d675da83286b1cce702) (ScriptedImporter) -> (artifact id: 'cca531692ba85a5f5b4def94600ff83f') in 0.0070506 seconds
Number of updated asset objects reloaded before import = 0Number of asset objects unloaded after import = 2

========================================================================
Received Import Request.
  Time since last request: 0.000033 seconds.
  path: Assets/BackGround/Pink_15.asset
  artifactKey: Guid(d3f6f0f0e4c794a4eb9adfaae1896572) Importer(2089858483,192608db42251d675da83286b1cce702)
Start importing Assets/BackGround/Pink_15.asset using Guid(d3f6f0f0e4c794a4eb9adfaae1896572) Importer(2089858483,192608db42251d675da83286b1cce702) (ScriptedImporter) -> (artifact id: '2ed5c2c9e88dd79cfd7b1b82a6bb9f74') in 0.0074342 seconds
Number of updated asset objects reloaded before import = 0Number of asset objects unloaded after import = 2

========================================================================
Received Import Request.
  Time since last request: 0.000072 seconds.
  path: Assets/BackGround/Brown_5.asset
  artifactKey: Guid(121f92805889f394fba0162a1f433c32) Importer(2089858483,192608db42251d675da83286b1cce702)
Start importing Assets/BackGround/Brown_5.asset using Guid(121f92805889f394fba0162a1f433c32) Importer(2089858483,192608db42251d675da83286b1cce702) (ScriptedImporter) -> (artifact id: 'd854528202dfd73b30cf95202046dd8f') in 0.0050479 seconds
Number of updated asset objects reloaded before import = 0Number of asset objects unloaded after import = 2

========================================================================
Received Import Request.
  Time since last request: 0.000316 seconds.
  path: Assets/BackGround/Brown_4.asset
  artifactKey: Guid(bcc0f0f24e9c338448a872c683dd8526) Importer(2089858483,192608db42251d675da83286b1cce702)
Start importing Assets/BackGround/Brown_4.asset using Guid(bcc0f0f24e9c338448a872c683dd8526) Importer(2089858483,192608db42251d675da83286b1cce702) (ScriptedImporter) -> (artifact id: '7ebb79adeffcd57274048676bb9ed3f8') in 0.0098537 seconds
Number of updated asset objects reloaded before import = 0Number of asset objects unloaded after import = 2

========================================================================
Received Import Request.
  Time since last request: 0.000341 seconds.
  path: Assets/BackGround/Pink_14.asset
  artifactKey: Guid(d3f5265a6f2f0e44e8b3543d837a520c) Importer(2089858483,192608db42251d675da83286b1cce702)
Start importing Assets/BackGround/Pink_14.asset using Guid(d3f5265a6f2f0e44e8b3543d837a520c) Importer(2089858483,192608db42251d675da83286b1cce702) (ScriptedImporter) -> (artifact id: '92364438dfbb605fcb2fd63e3d6a1423') in 0.0059001 seconds
Number of updated asset objects reloaded before import = 0Number of asset objects unloaded after import = 2

========================================================================
Received Import Request.
  Time since last request: 0.000344 seconds.
  path: Assets/BackGround/Pink_6.asset
  artifactKey: Guid(a4edf61700972384e909227a5b43ddb7) Importer(2089858483,192608db42251d675da83286b1cce702)
Start importing Assets/BackGround/Pink_6.asset using Guid(a4edf61700972384e909227a5b43ddb7) Importer(2089858483,192608db42251d675da83286b1cce702) (ScriptedImporter) -> (artifact id: '511c76b6b6e17ed6df19491ee6448306') in 0.0071096 seconds
Number of updated asset objects reloaded before import = 0Number of asset objects unloaded after import = 2

========================================================================
Received Import Request.
  Time since last request: 0.000089 seconds.
  path: Assets/BackGround/Green_14.asset
  artifactKey: Guid(2348da0addebb0c4aba1ff62b86711c5) Importer(2089858483,192608db42251d675da83286b1cce702)
Start importing Assets/BackGround/Green_14.asset using Guid(2348da0addebb0c4aba1ff62b86711c5) Importer(2089858483,192608db42251d675da83286b1cce702) (ScriptedImporter) -> (artifact id: '3031be805c5a54c4da060759f337162f') in 0.0072661 seconds
Number of updated asset objects reloaded before import = 0Number of asset objects unloaded after import = 2

========================================================================
Received Import Request.
  Time since last request: 0.000044 seconds.
  path: Assets/BackGround/Green_3.asset
  artifactKey: Guid(cf72885b9baef944b95526a61b50b076) Importer(2089858483,192608db42251d675da83286b1cce702)
Start importing Assets/BackGround/Green_3.asset using Guid(cf72885b9baef944b95526a61b50b076) Importer(2089858483,192608db42251d675da83286b1cce702) (ScriptedImporter) -> (artifact id: 'ef83a5426e11641845a6b37e4689464c') in 0.0087765 seconds
Number of updated asset objects reloaded before import = 0Number of asset objects unloaded after import = 2

========================================================================
Received Import Request.
  Time since last request: 0.000159 seconds.
  path: Assets/BackGround/Green_2.asset
  artifactKey: Guid(33476a7fad387544b98b5b6c30896921) Importer(2089858483,192608db42251d675da83286b1cce702)
Start importing Assets/BackGround/Green_2.asset using Guid(33476a7fad387544b98b5b6c30896921) Importer(2089858483,192608db42251d675da83286b1cce702) (ScriptedImporter) -> (artifact id: '27d6e7924b8a7cc6fe7496d135312376') in 0.0070599 seconds
Number of updated asset objects reloaded before import = 0Number of asset objects unloaded after import = 2

========================================================================
Received Import Request.
  Time since last request: 0.000167 seconds.
  path: Assets/BackGround/Blue_4.asset
  artifactKey: Guid(455fb316a6fdca742b7d4d341a48f550) Importer(2089858483,192608db42251d675da83286b1cce702)
Start importing Assets/BackGround/Blue_4.asset using Guid(455fb316a6fdca742b7d4d341a48f550) Importer(2089858483,192608db42251d675da83286b1cce702) (ScriptedImporter) -> (artifact id: '2eca424024fbe186479de2b6bdcc7558') in 0.0090472 seconds
Number of updated asset objects reloaded before import = 0Number of asset objects unloaded after import = 2

========================================================================
Received Import Request.
  Time since last request: 0.000025 seconds.
  path: Assets/BackGround/Gray_2.asset
  artifactKey: Guid(21aec22d0e9209a45a341f9ce773ec1f) Importer(2089858483,192608db42251d675da83286b1cce702)
Start importing Assets/BackGround/Gray_2.asset using Guid(21aec22d0e9209a45a341f9ce773ec1f) Importer(2089858483,192608db42251d675da83286b1cce702) (ScriptedImporter) -> (artifact id: 'c5820aaf1401d8d84a0be1cde8046cbc') in 0.0072815 seconds
Number of updated asset objects reloaded before import = 0Number of asset objects unloaded after import = 2

========================================================================
Received Import Request.
  Time since last request: 0.000215 seconds.
  path: Assets/BackGround/Gray_4.asset
  artifactKey: Guid(6fe80cc5be642524c9890c536037e43a) Importer(2089858483,192608db42251d675da83286b1cce702)
Start importing Assets/BackGround/Gray_4.asset using Guid(6fe80cc5be642524c9890c536037e43a) Importer(2089858483,192608db42251d675da83286b1cce702) (ScriptedImporter) -> (artifact id: '6e825e94d44e10920f2e50a3f5ee35bb') in 0.0079246 seconds
Number of updated asset objects reloaded before import = 0Number of asset objects unloaded after import = 2

========================================================================
Received Import Request.
  Time since last request: 0.000028 seconds.
  path: Assets/BackGround/Green_12.asset
  artifactKey: Guid(d84243ba6037e64408a305f193671244) Importer(2089858483,192608db42251d675da83286b1cce702)
Start importing Assets/BackGround/Green_12.asset using Guid(d84243ba6037e64408a305f193671244) Importer(2089858483,192608db42251d675da83286b1cce702) (ScriptedImporter) -> (artifact id: '626e6055d8bdd88693db999d8e006c1e') in 0.0086696 seconds
Number of updated asset objects reloaded before import = 0Number of asset objects unloaded after import = 2

========================================================================
Received Import Request.
  Time since last request: 0.000031 seconds.
  path: Assets/BackGround/Pink_7.asset
  artifactKey: Guid(dd23b03691581ce4db7ff323f9706e1e) Importer(2089858483,192608db42251d675da83286b1cce702)
Start importing Assets/BackGround/Pink_7.asset using Guid(dd23b03691581ce4db7ff323f9706e1e) Importer(2089858483,192608db42251d675da83286b1cce702) (ScriptedImporter) -> (artifact id: '265a1ba3af2ec92dcafd2667de0bdca6') in 0.0068217 seconds
Number of updated asset objects reloaded before import = 0Number of asset objects unloaded after import = 2

========================================================================
Received Import Request.
  Time since last request: 0.000067 seconds.
  path: Assets/BackGround/Gray_5.asset
  artifactKey: Guid(9b4f03e57ecd6bd44a276bab8fa956e9) Importer(2089858483,192608db42251d675da83286b1cce702)
Start importing Assets/BackGround/Gray_5.asset using Guid(9b4f03e57ecd6bd44a276bab8fa956e9) Importer(2089858483,192608db42251d675da83286b1cce702) (ScriptedImporter) -> (artifact id: '211d5249e5ef325410d3c981278d4b7e') in 0.0093911 seconds
Number of updated asset objects reloaded before import = 0Number of asset objects unloaded after import = 2

========================================================================
Received Import Request.
  Time since last request: 0.000040 seconds.
  path: Assets/BackGround/Pink_8.asset
  artifactKey: Guid(5a1e6d7b9320c824db45850f6ba3afda) Importer(2089858483,192608db42251d675da83286b1cce702)
Start importing Assets/BackGround/Pink_8.asset using Guid(5a1e6d7b9320c824db45850f6ba3afda) Importer(2089858483,192608db42251d675da83286b1cce702) (ScriptedImporter) -> (artifact id: '3d040da32ac09d604d4275a71682e8bd') in 0.0073775 seconds
Number of updated asset objects reloaded before import = 0Number of asset objects unloaded after import = 2

========================================================================
Received Import Request.
  Time since last request: 0.000205 seconds.
  path: Assets/BackGround/Purple_3.asset
  artifactKey: Guid(c7116c1093151604fb722401e768deed) Importer(2089858483,192608db42251d675da83286b1cce702)
Start importing Assets/BackGround/Purple_3.asset using Guid(c7116c1093151604fb722401e768deed) Importer(2089858483,192608db42251d675da83286b1cce702) (ScriptedImporter) -> (artifact id: 'a029295f436a329a32a2e3485b9bfda5') in 0.0056409 seconds
Number of updated asset objects reloaded before import = 0Number of asset objects unloaded after import = 2

========================================================================
Received Import Request.
  Time since last request: 0.000131 seconds.
  path: Assets/BackGround/Purple_12.asset
  artifactKey: Guid(508a8b1be0baa9e4ab8206bf808f291d) Importer(2089858483,192608db42251d675da83286b1cce702)
Start importing Assets/BackGround/Purple_12.asset using Guid(508a8b1be0baa9e4ab8206bf808f291d) Importer(2089858483,192608db42251d675da83286b1cce702) (ScriptedImporter) -> (artifact id: '30e2eaf4ef0201b59de512b0a3cf2778') in 0.0066358 seconds
Number of updated asset objects reloaded before import = 0Number of asset objects unloaded after import = 2

========================================================================
Received Import Request.
  Time since last request: 0.000049 seconds.
  path: Assets/BackGround/Pink_13.asset
  artifactKey: Guid(8044b1616526e6e49a9c243b6ada36f6) Importer(2089858483,192608db42251d675da83286b1cce702)
Start importing Assets/BackGround/Pink_13.asset using Guid(8044b1616526e6e49a9c243b6ada36f6) Importer(2089858483,192608db42251d675da83286b1cce702) (ScriptedImporter) -> (artifact id: '0cb071e488c030fdc13ca91a3cb1dc64') in 0.0087082 seconds
Number of updated asset objects reloaded before import = 0Number of asset objects unloaded after import = 2

========================================================================
Received Import Request.
  Time since last request: 0.000042 seconds.
  path: Assets/BackGround/Brown_13.asset
  artifactKey: Guid(f45ba75e06dccb5458720132e7c06923) Importer(2089858483,192608db42251d675da83286b1cce702)
Start importing Assets/BackGround/Brown_13.asset using Guid(f45ba75e06dccb5458720132e7c06923) Importer(2089858483,192608db42251d675da83286b1cce702) (ScriptedImporter) -> (artifact id: '30146744911244bc5aa30c11e9187f8b') in 0.0056829 seconds
Number of updated asset objects reloaded before import = 0Number of asset objects unloaded after import = 2

========================================================================
Received Import Request.
  Time since last request: 0.000106 seconds.
  path: Assets/BackGround/Brown_14.asset
  artifactKey: Guid(5fbec391f8f60f045984bad3a9e75171) Importer(2089858483,192608db42251d675da83286b1cce702)
Start importing Assets/BackGround/Brown_14.asset using Guid(5fbec391f8f60f045984bad3a9e75171) Importer(2089858483,192608db42251d675da83286b1cce702) (ScriptedImporter) -> (artifact id: '00688f37c5c84047538f80e8d3c65c49') in 0.0070489 seconds
Number of updated asset objects reloaded before import = 0Number of asset objects unloaded after import = 2

========================================================================
Received Import Request.
  Time since last request: 0.000144 seconds.
  path: Assets/BackGround/Purple_2.asset
  artifactKey: Guid(7cc393ede82a9fd4393c94f26a64a4f5) Importer(2089858483,192608db42251d675da83286b1cce702)
Start importing Assets/BackGround/Purple_2.asset using Guid(7cc393ede82a9fd4393c94f26a64a4f5) Importer(2089858483,192608db42251d675da83286b1cce702) (ScriptedImporter) -> (artifact id: '7f35e4bffd50f5ce1baebaf44bb8d3d5') in 0.0066648 seconds
Number of updated asset objects reloaded before import = 0Number of asset objects unloaded after import = 2

========================================================================
Received Import Request.
  Time since last request: 0.000032 seconds.
  path: Assets/BackGround/Blue_3.asset
  artifactKey: Guid(e6884872670080646895ff2b7b25a28c) Importer(2089858483,192608db42251d675da83286b1cce702)
Start importing Assets/BackGround/Blue_3.asset using Guid(e6884872670080646895ff2b7b25a28c) Importer(2089858483,192608db42251d675da83286b1cce702) (ScriptedImporter) -> (artifact id: 'f1cea73834bb305c93b12a35a1b53f38') in 0.0086033 seconds
Number of updated asset objects reloaded before import = 0Number of asset objects unloaded after import = 2

========================================================================
Received Import Request.
  Time since last request: 0.000019 seconds.
  path: Assets/BackGround/Green_7.asset
  artifactKey: Guid(1071671c404183d40b84000b1a6bdf0d) Importer(2089858483,192608db42251d675da83286b1cce702)
Start importing Assets/BackGround/Green_7.asset using Guid(1071671c404183d40b84000b1a6bdf0d) Importer(2089858483,192608db42251d675da83286b1cce702) (ScriptedImporter) -> (artifact id: 'ea1da5e9a58ee363aa5368e423c83324') in 0.0067931 seconds
Number of updated asset objects reloaded before import = 0Number of asset objects unloaded after import = 2

========================================================================
Received Import Request.
  Time since last request: 0.000035 seconds.
  path: Assets/BackGround/Green_6.asset
  artifactKey: Guid(8fa254717eeb0c14b9b2e5214a2e2bdc) Importer(2089858483,192608db42251d675da83286b1cce702)
Start importing Assets/BackGround/Green_6.asset using Guid(8fa254717eeb0c14b9b2e5214a2e2bdc) Importer(2089858483,192608db42251d675da83286b1cce702) (ScriptedImporter) -> (artifact id: 'e9cd23b81a902eb1ad97998a38cd0a20') in 0.0078784 seconds
Number of updated asset objects reloaded before import = 0Number of asset objects unloaded after import = 2

========================================================================
Received Import Request.
  Time since last request: 0.000027 seconds.
  path: Assets/BackGround/Brown_11.asset
  artifactKey: Guid(5a6a63682a7cefd4bba4ea268a1212bb) Importer(2089858483,192608db42251d675da83286b1cce702)
Start importing Assets/BackGround/Brown_11.asset using Guid(5a6a63682a7cefd4bba4ea268a1212bb) Importer(2089858483,192608db42251d675da83286b1cce702) (ScriptedImporter) -> (artifact id: '60124ada950ea1875e3f7b43fbaeb88a') in 0.0099613 seconds
Number of updated asset objects reloaded before import = 0Number of asset objects unloaded after import = 2

========================================================================
Received Import Request.
  Time since last request: 0.000025 seconds.
  path: Assets/BackGround/Brown_6.asset
  artifactKey: Guid(bf54e1f4f98501f4096899d99374c965) Importer(2089858483,192608db42251d675da83286b1cce702)
Start importing Assets/BackGround/Brown_6.asset using Guid(bf54e1f4f98501f4096899d99374c965) Importer(2089858483,192608db42251d675da83286b1cce702) (ScriptedImporter) -> (artifact id: 'df7c71aa6bdd4b63029ed6d9d87d4bb4') in 0.007099 seconds
Number of updated asset objects reloaded before import = 0Number of asset objects unloaded after import = 2

========================================================================
Received Import Request.
  Time since last request: 0.000130 seconds.
  path: Assets/BackGround/Blue_10.asset
  artifactKey: Guid(af1c3dbd6210d054c999dac31dc8b092) Importer(2089858483,192608db42251d675da83286b1cce702)
Start importing Assets/BackGround/Blue_10.asset using Guid(af1c3dbd6210d054c999dac31dc8b092) Importer(2089858483,192608db42251d675da83286b1cce702) (ScriptedImporter) -> (artifact id: '6645aba731807bd8e352fafbe39c4fdd') in 0.0073444 seconds
Number of updated asset objects reloaded before import = 0Number of asset objects unloaded after import = 2

========================================================================
Received Import Request.
  Time since last request: 0.000041 seconds.
  path: Assets/BackGround/Yellow_15.asset
  artifactKey: Guid(04fc70e71f6b48047914f1cc60e6c192) Importer(2089858483,192608db42251d675da83286b1cce702)
Start importing Assets/BackGround/Yellow_15.asset using Guid(04fc70e71f6b48047914f1cc60e6c192) Importer(2089858483,192608db42251d675da83286b1cce702) (ScriptedImporter) -> (artifact id: 'd2a6ada3cb1797622765bbce0ccedbbf') in 0.0048403 seconds
Number of updated asset objects reloaded before import = 0Number of asset objects unloaded after import = 2

========================================================================
Received Import Request.
  Time since last request: 0.000036 seconds.
  path: Assets/BackGround/Pink_5.asset
  artifactKey: Guid(c141efbe52aefa14996697c0992db907) Importer(2089858483,192608db42251d675da83286b1cce702)
Start importing Assets/BackGround/Pink_5.asset using Guid(c141efbe52aefa14996697c0992db907) Importer(2089858483,192608db42251d675da83286b1cce702) (ScriptedImporter) -> (artifact id: 'b5bc51cdb7e3a92cd787492eb8921186') in 0.0090571 seconds
Number of updated asset objects reloaded before import = 0Number of asset objects unloaded after import = 2

========================================================================
Received Import Request.
  Time since last request: 0.000072 seconds.
  path: Assets/BackGround/Gray_1.asset
  artifactKey: Guid(ad085f1bba2ed9645894b8dcc36df959) Importer(2089858483,192608db42251d675da83286b1cce702)
Start importing Assets/BackGround/Gray_1.asset using Guid(ad085f1bba2ed9645894b8dcc36df959) Importer(2089858483,192608db42251d675da83286b1cce702) (ScriptedImporter) -> (artifact id: '06268cc6a4e2c8ec0be4376766041d38') in 0.0066416 seconds
Number of updated asset objects reloaded before import = 0Number of asset objects unloaded after import = 2

========================================================================
Received Import Request.
  Time since last request: 0.000051 seconds.
  path: Assets/BackGround/Yellow_7.asset
  artifactKey: Guid(3b62d8b2110026d46ae7a3e890221526) Importer(2089858483,192608db42251d675da83286b1cce702)
Start importing Assets/BackGround/Yellow_7.asset using Guid(3b62d8b2110026d46ae7a3e890221526) Importer(2089858483,192608db42251d675da83286b1cce702) (ScriptedImporter) -> (artifact id: '6e8d87c807fadf5ed602deac0f6804e8') in 0.0103967 seconds
Number of updated asset objects reloaded before import = 0Number of asset objects unloaded after import = 2

========================================================================
Received Import Request.
  Time since last request: 0.000034 seconds.
  path: Assets/BackGround/Pink_12.asset
  artifactKey: Guid(1b8cac66db212534b94baccd2da1a7c0) Importer(2089858483,192608db42251d675da83286b1cce702)
Start importing Assets/BackGround/Pink_12.asset using Guid(1b8cac66db212534b94baccd2da1a7c0) Importer(2089858483,192608db42251d675da83286b1cce702) (ScriptedImporter) -> (artifact id: '1195a2437ca39f15a9c0e8dc8f1b5b15') in 0.0071001 seconds
Number of updated asset objects reloaded before import = 0Number of asset objects unloaded after import = 2

========================================================================
Received Prepare
Assembly reference Packages/com.unity.cinemachine/Editor/Samples/ExposeHDRPInternals/HDRP-Editor-ref.asmref has no target assembly definition
Assembly reference Packages/com.unity.cinemachine/Editor/Samples/ExposeHDRPInternals/HDRP-Editor-ref.asmref has no target assembly definition
Begin MonoManager ReloadAssembly
[Licensing::Client] Successfully resolved entitlement details
- Loaded All Assemblies, in  0.329 seconds
Assembly reference Packages/com.unity.cinemachine/Editor/Samples/ExposeHDRPInternals/HDRP-Editor-ref.asmref has no target assembly definition
'Packages/com.unity.cinemachine/Editor/Obsolete/CinemachineVirtualCameraBaseEditor.cs' contains partial class of Unity.Object, exactly 1 of the partial classes needs to be in a file with the same filename. This is to know the one that can be referenced from ie. GameObjects
'Packages/com.unity.cinemachine/Editor/Editors/CinemachineVirtualCameraBaseEditor.cs' contains partial class of Unity.Object, exactly 1 of the partial classes needs to be in a file with the same filename. This is to know the one that can be referenced from ie. GameObjects
Refreshing native plugins compatible for Editor in 0.00 ms, found 0 plugins.
Native extension for WindowsStandalone target not found
Assembly reference Packages/com.unity.cinemachine/Editor/Samples/ExposeHDRPInternals/HDRP-Editor-ref.asmref has no target assembly definition
[Package Manager] Failed to launch server process. Reason: Unity was launched with the -noUpm command-line argument
[Package Manager] Unable to send message (not connected to server process).
[Package Manager] Cannot connect to Unity Package Manager local server
Mono: successfully reloaded assembly
- Finished resetting the current domain, in  0.481 seconds
Domain Reload Profiling: 809ms
	BeginReloadAssembly (207ms)
		ExecutionOrderSort (0ms)
		DisableScriptedObjects (7ms)
		BackupInstance (0ms)
		ReleaseScriptingObjects (0ms)
		CreateAndSetChildDomain (39ms)
	RebuildCommonClasses (44ms)
	RebuildNativeTypeToScriptingClass (14ms)
	initialDomainReloadingComplete (19ms)
	LoadAllAssembliesAndSetupDomain (44ms)
		LoadAssemblies (128ms)
		RebuildTransferFunctionScriptingTraits (0ms)
		AnalyzeDomain (34ms)
			TypeCache.Refresh (4ms)
				TypeCache.ScanAssembly (0ms)
			BuildScriptInfoCaches (23ms)
			ResolveRequiredComponents (4ms)
	FinalizeReload (481ms)
		ReleaseScriptCaches (0ms)
		RebuildScriptCaches (0ms)
		SetupLoadedEditorAssemblies (377ms)
			LogAssemblyErrors (0ms)
			InitializePlatformSupportModulesInManaged (2ms)
			SetLoadedEditorAssemblies (4ms)
			BeforeProcessingInitializeOnLoad (110ms)
			ProcessInitializeOnLoadAttributes (216ms)
			ProcessInitializeOnLoadMethodAttributes (36ms)
			AfterProcessingInitializeOnLoad (9ms)
			EditorAssembliesLoaded (0ms)
		ExecutionOrderSort2 (0ms)
		AwakeInstancesAfterBackupRestoration (7ms)
Refreshing native plugins compatible for Editor in 0.00 ms, found 0 plugins.
Preloading 0 native plugins for Editor in 0.00 ms.
Unloading 1 Unused Serialized files (Serialized files now loaded: 0)
Unloading 1155 unused Assets / (306.8 KB). Loaded Objects now: 1675.
Memory consumption went from 68.5 MB to 68.2 MB.
Total: 5.361900 ms (FindLiveObjects: 0.190000 ms CreateObjectMapping: 0.053400 ms MarkObjects: 4.854500 ms  DeleteObjects: 0.262200 ms)

Prepare: number of updated asset objects reloaded= 0
Editor requested this worker to shutdown with reason: Scaling down because of idle timeout
AssetImportWorkerClient::OnTransportError - code=2 error=End of file
AssetImportWorker is now disconnected from the server
Process exiting
Exiting without the bug reporter. Application will terminate with return code 0