[Licensing::Module] Trying to connect to existing licensing client channel...
Built from '6000.2/staging' branch; Version is '6000.2.6f1 (cc51a95c0300) revision 13390249'; Using compiler version '194234433'; Build Type 'Release'
[Licensing::IpcConnector] Successfully connected to: "LicenseClient-Híu" at "2025-10-22T10:12:26.6701302Z"
OS: 'Windows 11  (10.0.22631) 64bit Professional' Language: 'en' Physical Memory: 15606 MB
BatchMode: 1, IsHumanControllingUs: 0, StartBugReporterOnCrash: 0, Is64bit: 1
Date: 2025-10-22T10:12:26Z

COMMAND LINE ARGUMENTS:
C:\Program Files\Unity\Hub\Editor\6000.2.6f1\Editor\Unity.exe
-adb2
-batchMode
-noUpm
-name
AssetImportWorker14
-projectPath
C:/Users/trand/Documents/code/game-pixel-adventure-G8
-logFile
Logs/AssetImportWorker14.log
-srvPort
58587
-licensingIpc
LicenseClient-Híu
-job-worker-count
7
-background-job-worker-count
8
-gc-helper-count
1
-name
AssetImport
Successfully changed project path to: C:/Users/trand/Documents/code/game-pixel-adventure-G8
C:/Users/trand/Documents/code/game-pixel-adventure-G8
[UnityMemory] Configuration Parameters - Can be set up in boot.config
    "memorysetup-allocator-temp-initial-block-size-main=262144"
    "memorysetup-allocator-temp-initial-block-size-worker=262144"
    "memorysetup-bucket-allocator-granularity=16"
    "memorysetup-bucket-allocator-bucket-count=8"
    "memorysetup-bucket-allocator-block-size=33554432"
    "memorysetup-bucket-allocator-block-count=8"
    "memorysetup-main-allocator-block-size=16777216"
    "memorysetup-thread-allocator-block-size=16777216"
    "memorysetup-gfx-main-allocator-block-size=16777216"
    "memorysetup-gfx-thread-allocator-block-size=16777216"
    "memorysetup-cache-allocator-block-size=4194304"
    "memorysetup-typetree-allocator-block-size=2097152"
    "memorysetup-profiler-bucket-allocator-granularity=16"
    "memorysetup-profiler-bucket-allocator-bucket-count=8"
    "memorysetup-profiler-bucket-allocator-block-size=33554432"
    "memorysetup-profiler-bucket-allocator-block-count=8"
    "memorysetup-profiler-allocator-block-size=16777216"
    "memorysetup-profiler-editor-allocator-block-size=1048576"
    "memorysetup-temp-allocator-size-main=16777216"
    "memorysetup-job-temp-allocator-block-size=2097152"
    "memorysetup-job-temp-allocator-block-size-background=1048576"
    "memorysetup-job-temp-allocator-reduction-small-platforms=262144"
    "memorysetup-temp-allocator-size-background-worker=32768"
    "memorysetup-temp-allocator-size-job-worker=262144"
    "memorysetup-temp-allocator-size-preload-manager=33554432"
    "memorysetup-temp-allocator-size-nav-mesh-worker=65536"
    "memorysetup-temp-allocator-size-audio-worker=65536"
    "memorysetup-temp-allocator-size-cloud-worker=32768"
    "memorysetup-temp-allocator-size-gi-baking-worker=262144"
    "memorysetup-temp-allocator-size-gi-baking-worker=262144"
    "memorysetup-temp-allocator-size-gi-baking-worker=262144"
    "memorysetup-temp-allocator-size-gi-baking-worker=262144"
    "memorysetup-temp-allocator-size-gi-baking-worker=262144"
    "memorysetup-temp-allocator-size-gfx=262144"
Player connection [3516]  Target information:

Player connection [3516]  * "[IP] 172.21.176.1 [Port] 0 [Flags] 2 [Guid] 4001184538 [EditorId] 4001184538 [Version] 1048832 [Id] WindowsEditor(7,DESKTOP-KQGGDKQ) [Debug] 1 [PackageName] WindowsEditor [ProjectName] Editor" 

Player connection [3516]  * "[IP] 172.16.0.2 [Port] 0 [Flags] 2 [Guid] 4001184538 [EditorId] 4001184538 [Version] 1048832 [Id] WindowsEditor(7,DESKTOP-KQGGDKQ) [Debug] 1 [PackageName] WindowsEditor [ProjectName] Editor" 

Player connection [3516]  * "[IP] 192.168.100.69 [Port] 0 [Flags] 2 [Guid] 4001184538 [EditorId] 4001184538 [Version] 1048832 [Id] WindowsEditor(7,DESKTOP-KQGGDKQ) [Debug] 1 [PackageName] WindowsEditor [ProjectName] Editor" 

Player connection [3516] Host joined multi-casting on [225.0.0.222:54997]...
Player connection [3516] Host joined alternative multi-casting on [225.0.0.222:34997]...
JobSystem: Creating JobQueue using job-worker-count value 7
Input System module state changed to: Initialized.
[Physics::Module] Initialized fallback backend.
[Physics::Module] Id: 0xdecafbad
[Licensing::Client] Code 10 while verifying Licensing Client signature (process Id: 13960, path: "C:/Program Files/Unity Hub/UnityLicensingClient_V1/Unity.Licensing.Client.exe")
[Licensing::Module] LicensingClient has failed validation; ignoring
[Licensing::Client] Handshaking with LicensingClient:
  Version:                 1.17.3+a4e98f1
  Session Id:              783eb2b496ec445f8e00464c3c359827
  Correlation Id:          810fc0c69dfb65b87449e0fe76cc9d61
  External correlation Id: 945381223707372589
  Machine Id:              ubQtK9t/8iWhmZWiigog6lzgitI=
[Licensing::Module] Successfully connected to LicensingClient on channel: "LicenseClient-Híu" (connect: 0.00s, validation: 0.00s, handshake: 0.07s)
[Licensing::IpcConnector] Successfully connected to: "LicenseClient-Híu-notifications" at "2025-10-22T10:12:26.7441911Z"
[Licensing::Module] Licensing Background thread has ended after 0.07s
Library Redirect Path: Library/
[Physics::Module] Selected backend.
[Physics::Module] Name: PhysX
[Physics::Module] Id: 0xf2b8ea05
[Physics::Module] SDK Version: 4.1.2
[Physics::Module] Integration Version: 1.0.0
[Physics::Module] Threading Mode: Multi-Threaded
Refreshing native plugins compatible for Editor in 0.00 ms, found 0 plugins.
Preloading 0 native plugins for Editor in 0.00 ms.
Initialize engine version: 6000.2.6f1 (cc51a95c0300)
[Subsystems] Discovering subsystems at path C:/Program Files/Unity/Hub/Editor/6000.2.6f1/Editor/Data/Resources/UnitySubsystems
[Subsystems] Discovering subsystems at path C:/Users/trand/Documents/code/game-pixel-adventure-G8/Assets
GfxDevice: creating device client; kGfxThreadingModeNonThreaded
d3d12: failed to query info queue interface (0x80004002).
Direct3D:
    Version:         Direct3D 12 [level 12.1]
    Renderer:        Intel(R) Iris(R) Xe Graphics (ID=0x46a6)
    Vendor:          Intel
    VRAM:            7803 MB
    App VRAM Budget: 7157 MB
    Driver:          32.0.101.6881
    Unified Memory Architecture
    Cache Coherent UMA
Initialize mono
Mono path[0] = 'C:/Program Files/Unity/Hub/Editor/6000.2.6f1/Editor/Data/Managed'
Mono path[1] = 'C:/Program Files/Unity/Hub/Editor/6000.2.6f1/Editor/Data/MonoBleedingEdge/lib/mono/unityjit-win32'
Mono config path = 'C:/Program Files/Unity/Hub/Editor/6000.2.6f1/Editor/Data/MonoBleedingEdge/etc'
Using monoOptions --debugger-agent=transport=dt_socket,embedding=1,server=y,suspend=n,address=127.0.0.1:56112
Begin MonoManager ReloadAssembly
Registering precompiled unity dll's ...
Register platform support module: C:/Program Files/Unity/Hub/Editor/6000.2.6f1/Editor/Data/PlaybackEngines/WindowsStandaloneSupport/UnityEditor.WindowsStandalone.Extensions.dll
Registered in 0.001197 seconds.
- Loaded All Assemblies, in  0.475 seconds
Native extension for WindowsStandalone target not found
Mono: successfully reloaded assembly
- Finished resetting the current domain, in  0.374 seconds
Domain Reload Profiling: 848ms
	BeginReloadAssembly (206ms)
		ExecutionOrderSort (0ms)
		DisableScriptedObjects (0ms)
		BackupInstance (0ms)
		ReleaseScriptingObjects (0ms)
		CreateAndSetChildDomain (1ms)
	RebuildCommonClasses (55ms)
	RebuildNativeTypeToScriptingClass (13ms)
	initialDomainReloadingComplete (44ms)
	LoadAllAssembliesAndSetupDomain (156ms)
		LoadAssemblies (203ms)
		RebuildTransferFunctionScriptingTraits (0ms)
		AnalyzeDomain (154ms)
			TypeCache.Refresh (152ms)
				TypeCache.ScanAssembly (140ms)
			BuildScriptInfoCaches (0ms)
			ResolveRequiredComponents (0ms)
	FinalizeReload (375ms)
		ReleaseScriptCaches (0ms)
		RebuildScriptCaches (0ms)
		SetupLoadedEditorAssemblies (336ms)
			LogAssemblyErrors (0ms)
			InitializePlatformSupportModulesInManaged (61ms)
			SetLoadedEditorAssemblies (5ms)
			BeforeProcessingInitializeOnLoad (97ms)
			ProcessInitializeOnLoadAttributes (122ms)
			ProcessInitializeOnLoadMethodAttributes (50ms)
			AfterProcessingInitializeOnLoad (0ms)
			EditorAssembliesLoaded (0ms)
		ExecutionOrderSort2 (0ms)
		AwakeInstancesAfterBackupRestoration (0ms)
Assembly reference Packages/com.unity.cinemachine/Editor/Samples/ExposeHDRPInternals/HDRP-Editor-ref.asmref has no target assembly definition
========================================================================
Worker process is ready to serve import requests
Import Worker Mode flag is 0x00
Assembly reference Packages/com.unity.cinemachine/Editor/Samples/ExposeHDRPInternals/HDRP-Editor-ref.asmref has no target assembly definition
Assembly reference Packages/com.unity.cinemachine/Editor/Samples/ExposeHDRPInternals/HDRP-Editor-ref.asmref has no target assembly definition
Begin MonoManager ReloadAssembly
[Licensing::Client] Successfully resolved entitlement details
[Licensing::Module] License group:
  Id: ewogICJzdWJzR3JvdXAiIDogInVuaXR5IGVkaXRvciIsCiAgIm5hbWVzcGFjZSIgOiAidW5pdHlfZWRpdG9yIiwKICAidHlwZSIgOiAiRURJVE9SIiwKICAidGFnIiA6ICJVbml0eVBlcnNvbmFsXXXX
  Product: Unity Personal Version
  Type: Assigned
  Expiration: Unlimited
- Loaded All Assemblies, in  0.268 seconds
Assembly reference Packages/com.unity.cinemachine/Editor/Samples/ExposeHDRPInternals/HDRP-Editor-ref.asmref has no target assembly definition
'Packages/com.unity.cinemachine/Editor/Obsolete/CinemachineVirtualCameraBaseEditor.cs' contains partial class of Unity.Object, exactly 1 of the partial classes needs to be in a file with the same filename. This is to know the one that can be referenced from ie. GameObjects
'Packages/com.unity.cinemachine/Editor/Editors/CinemachineVirtualCameraBaseEditor.cs' contains partial class of Unity.Object, exactly 1 of the partial classes needs to be in a file with the same filename. This is to know the one that can be referenced from ie. GameObjects
Refreshing native plugins compatible for Editor in 0.00 ms, found 0 plugins.
Native extension for WindowsStandalone target not found
Assembly reference Packages/com.unity.cinemachine/Editor/Samples/ExposeHDRPInternals/HDRP-Editor-ref.asmref has no target assembly definition
Package Manager log level set to [2]
[Package Manager] Failed to launch server process. Reason: Unity was launched with the -noUpm command-line argument
[Package Manager] Unable to send message (not connected to server process).
[Package Manager] Cannot connect to Unity Package Manager local server
Mono: successfully reloaded assembly
- Finished resetting the current domain, in  0.334 seconds
Domain Reload Profiling: 600ms
	BeginReloadAssembly (165ms)
		ExecutionOrderSort (0ms)
		DisableScriptedObjects (5ms)
		BackupInstance (0ms)
		ReleaseScriptingObjects (0ms)
		CreateAndSetChildDomain (32ms)
	RebuildCommonClasses (32ms)
	RebuildNativeTypeToScriptingClass (11ms)
	initialDomainReloadingComplete (17ms)
	LoadAllAssembliesAndSetupDomain (41ms)
		LoadAssemblies (96ms)
		RebuildTransferFunctionScriptingTraits (0ms)
		AnalyzeDomain (34ms)
			TypeCache.Refresh (22ms)
				TypeCache.ScanAssembly (18ms)
			BuildScriptInfoCaches (7ms)
			ResolveRequiredComponents (3ms)
	FinalizeReload (334ms)
		ReleaseScriptCaches (0ms)
		RebuildScriptCaches (0ms)
		SetupLoadedEditorAssemblies (245ms)
			LogAssemblyErrors (0ms)
			InitializePlatformSupportModulesInManaged (2ms)
			SetLoadedEditorAssemblies (3ms)
			BeforeProcessingInitializeOnLoad (76ms)
			ProcessInitializeOnLoadAttributes (133ms)
			ProcessInitializeOnLoadMethodAttributes (28ms)
			AfterProcessingInitializeOnLoad (4ms)
			EditorAssembliesLoaded (0ms)
		ExecutionOrderSort2 (0ms)
		AwakeInstancesAfterBackupRestoration (5ms)
Launched and connected shader compiler UnityShaderCompiler.exe after 0.01 seconds
Refreshing native plugins compatible for Editor in 0.00 ms, found 0 plugins.
Preloading 0 native plugins for Editor in 0.00 ms.
Unloading 1 Unused Serialized files (Serialized files now loaded: 0)
Unloading 1157 unused Assets / (411.5 KB). Loaded Objects now: 1661.
Memory consumption went from 62.9 MB to 62.5 MB.
Total: 3.715900 ms (FindLiveObjects: 0.134200 ms CreateObjectMapping: 0.061900 ms MarkObjects: 3.244200 ms  DeleteObjects: 0.274400 ms)

========================================================================
Received Import Request.
  Time since last request: 15899.061556 seconds.
  path: Assets/Art/Ground/Terrain (16x16)_3.asset
  artifactKey: Guid(396692ab38b02d244b53d2ccc649ee83) Importer(815301076,1909f56bfc062723c751e8b465ee728b)
Start importing Assets/Art/Ground/Terrain (16x16)_3.asset using Guid(396692ab38b02d244b53d2ccc649ee83) Importer(815301076,1909f56bfc062723c751e8b465ee728b) (PreviewImporter) -> (artifact id: 'edfd76a9df1fab58a5b0971e5755ea51') in 0.1194434 seconds
Number of updated asset objects reloaded before import = 0Number of asset objects unloaded after import = 3

========================================================================
Received Import Request.
  Time since last request: 0.000050 seconds.
  path: Assets/Art/Ground/Terrain (16x16)_4.asset
  artifactKey: Guid(b2ab72fac21064e4d8f7389e1fb6a082) Importer(815301076,1909f56bfc062723c751e8b465ee728b)
Start importing Assets/Art/Ground/Terrain (16x16)_4.asset using Guid(b2ab72fac21064e4d8f7389e1fb6a082) Importer(815301076,1909f56bfc062723c751e8b465ee728b) (PreviewImporter) -> (artifact id: 'cab755bae339fbefda052043335136ce') in 0.0077633 seconds
Number of updated asset objects reloaded before import = 0Number of asset objects unloaded after import = 3

========================================================================
Received Import Request.
  Time since last request: 0.000032 seconds.
  path: Assets/Art/Ground/Terrain (16x16)_18.asset
  artifactKey: Guid(0d8a3f9e00db89f43b0b1423bc7fa645) Importer(815301076,1909f56bfc062723c751e8b465ee728b)
Start importing Assets/Art/Ground/Terrain (16x16)_18.asset using Guid(0d8a3f9e00db89f43b0b1423bc7fa645) Importer(815301076,1909f56bfc062723c751e8b465ee728b) (PreviewImporter) -> (artifact id: '780ff951f130508fe4ed45a64cde811b') in 0.0102508 seconds
Number of updated asset objects reloaded before import = 0Number of asset objects unloaded after import = 3

========================================================================
Received Import Request.
  Time since last request: 0.690200 seconds.
  path: Assets/Art/Ground/Terrain (16x16)_24.asset
  artifactKey: Guid(8b295c52a3365a34b9284eaca106a8dd) Importer(815301076,1909f56bfc062723c751e8b465ee728b)
Start importing Assets/Art/Ground/Terrain (16x16)_24.asset using Guid(8b295c52a3365a34b9284eaca106a8dd) Importer(815301076,1909f56bfc062723c751e8b465ee728b) (PreviewImporter) -> (artifact id: 'b695633d5038a00565f0ac493b6d0f6f') in 0.0065827 seconds
Number of updated asset objects reloaded before import = 0Number of asset objects unloaded after import = 3

========================================================================
Received Import Request.
  Time since last request: 0.041408 seconds.
  path: Assets/Art/Ground/Terrain (16x16)_28.asset
  artifactKey: Guid(68e5b25956cd3c640be8fd86e8bed6e7) Importer(815301076,1909f56bfc062723c751e8b465ee728b)
Start importing Assets/Art/Ground/Terrain (16x16)_28.asset using Guid(68e5b25956cd3c640be8fd86e8bed6e7) Importer(815301076,1909f56bfc062723c751e8b465ee728b) (PreviewImporter) -> (artifact id: '70a907d20b2f316fd8050f990141a1a1') in 0.0138088 seconds
Number of updated asset objects reloaded before import = 0Number of asset objects unloaded after import = 3

========================================================================
Received Import Request.
  Time since last request: 0.003244 seconds.
  path: Assets/Art/Ground/Terrain (16x16)_31.asset
  artifactKey: Guid(027e151e3616e674a9b3956e90af63c7) Importer(815301076,1909f56bfc062723c751e8b465ee728b)
Start importing Assets/Art/Ground/Terrain (16x16)_31.asset using Guid(027e151e3616e674a9b3956e90af63c7) Importer(815301076,1909f56bfc062723c751e8b465ee728b) (PreviewImporter) -> (artifact id: '15b6996b040fd55fa9684006c5f27a6a') in 0.0073306 seconds
Number of updated asset objects reloaded before import = 0Number of asset objects unloaded after import = 3

========================================================================
Received Import Request.
  Time since last request: 0.031272 seconds.
  path: Assets/Art/Ground/Terrain (16x16)_36.asset
  artifactKey: Guid(36508b61db30deb41b4f6c23df498e9a) Importer(815301076,1909f56bfc062723c751e8b465ee728b)
Start importing Assets/Art/Ground/Terrain (16x16)_36.asset using Guid(36508b61db30deb41b4f6c23df498e9a) Importer(815301076,1909f56bfc062723c751e8b465ee728b) (PreviewImporter) -> (artifact id: '309db3b6f6d2bb054df7c886d39e4868') in 0.0178317 seconds
Number of updated asset objects reloaded before import = 0Number of asset objects unloaded after import = 3

========================================================================
Received Import Request.
  Time since last request: 0.547699 seconds.
  path: Assets/Art/Ground/Terrain (16x16)_40.asset
  artifactKey: Guid(1e6ac0a45caa7aa4fb60c1ee1006aa92) Importer(815301076,1909f56bfc062723c751e8b465ee728b)
Start importing Assets/Art/Ground/Terrain (16x16)_40.asset using Guid(1e6ac0a45caa7aa4fb60c1ee1006aa92) Importer(815301076,1909f56bfc062723c751e8b465ee728b) (PreviewImporter) -> (artifact id: 'b37875215ba61cc2f1221cc44d799036') in 0.007347 seconds
Number of updated asset objects reloaded before import = 0Number of asset objects unloaded after import = 3

========================================================================
Received Import Request.
  Time since last request: 0.033519 seconds.
  path: Assets/Art/Ground/Terrain (16x16)_44.asset
  artifactKey: Guid(94dffc054e929aa40bd3166d78b7d742) Importer(815301076,1909f56bfc062723c751e8b465ee728b)
Start importing Assets/Art/Ground/Terrain (16x16)_44.asset using Guid(94dffc054e929aa40bd3166d78b7d742) Importer(815301076,1909f56bfc062723c751e8b465ee728b) (PreviewImporter) -> (artifact id: 'bd356ec221771d045ba24d18f5525604') in 0.0065457 seconds
Number of updated asset objects reloaded before import = 0Number of asset objects unloaded after import = 3

========================================================================
Received Import Request.
  Time since last request: 0.052374 seconds.
  path: Assets/Art/Ground/Terrain (16x16)_48.asset
  artifactKey: Guid(d1a8547d1d062c647833fdb566ca54b7) Importer(815301076,1909f56bfc062723c751e8b465ee728b)
Start importing Assets/Art/Ground/Terrain (16x16)_48.asset using Guid(d1a8547d1d062c647833fdb566ca54b7) Importer(815301076,1909f56bfc062723c751e8b465ee728b) (PreviewImporter) -> (artifact id: 'b682c770d850ae0b7b9b53c1e549be6f') in 0.0091102 seconds
Number of updated asset objects reloaded before import = 0Number of asset objects unloaded after import = 3

========================================================================
Received Import Request.
  Time since last request: 0.000040 seconds.
  path: Assets/Art/Ground/Terrain (16x16)_50.asset
  artifactKey: Guid(92560fb5abf5b2e4eb6dced022dd159d) Importer(815301076,1909f56bfc062723c751e8b465ee728b)
Start importing Assets/Art/Ground/Terrain (16x16)_50.asset using Guid(92560fb5abf5b2e4eb6dced022dd159d) Importer(815301076,1909f56bfc062723c751e8b465ee728b) (PreviewImporter) -> (artifact id: '400df451cd07442f1a75dc7137d8f854') in 0.0132302 seconds
Number of updated asset objects reloaded before import = 0Number of asset objects unloaded after import = 3

========================================================================
Received Import Request.
  Time since last request: 0.000018 seconds.
  path: Assets/Art/Ground/Terrain (16x16)_56.asset
  artifactKey: Guid(9111aa48cfc64ae44a96f47fc5aa98fa) Importer(815301076,1909f56bfc062723c751e8b465ee728b)
Start importing Assets/Art/Ground/Terrain (16x16)_56.asset using Guid(9111aa48cfc64ae44a96f47fc5aa98fa) Importer(815301076,1909f56bfc062723c751e8b465ee728b) (PreviewImporter) -> (artifact id: '386723ac6b27e1dc291bf62d86cbf6ce') in 0.0147944 seconds
Number of updated asset objects reloaded before import = 0Number of asset objects unloaded after import = 3

========================================================================
Received Import Request.
  Time since last request: 0.381976 seconds.
  path: Assets/Art/Ground/Terrain (16x16)_60.asset
  artifactKey: Guid(9fb0b8e5b21c93d4d9cd1e220309cf94) Importer(815301076,1909f56bfc062723c751e8b465ee728b)
Start importing Assets/Art/Ground/Terrain (16x16)_60.asset using Guid(9fb0b8e5b21c93d4d9cd1e220309cf94) Importer(815301076,1909f56bfc062723c751e8b465ee728b) (PreviewImporter) -> (artifact id: 'adcb7010ca02000274d63b83f6a2191c') in 0.0065856 seconds
Number of updated asset objects reloaded before import = 0Number of asset objects unloaded after import = 3

========================================================================
Received Import Request.
  Time since last request: 0.034715 seconds.
  path: Assets/Art/Ground/Terrain (16x16)_64.asset
  artifactKey: Guid(ee739d9999daf104b83a9c4dce277366) Importer(815301076,1909f56bfc062723c751e8b465ee728b)
Start importing Assets/Art/Ground/Terrain (16x16)_64.asset using Guid(ee739d9999daf104b83a9c4dce277366) Importer(815301076,1909f56bfc062723c751e8b465ee728b) (PreviewImporter) -> (artifact id: 'ae821cd6cd188dc91ac1d2ebc216267d') in 0.0069928 seconds
Number of updated asset objects reloaded before import = 0Number of asset objects unloaded after import = 3

========================================================================
Received Import Request.
  Time since last request: 0.019867 seconds.
  path: Assets/Art/Ground/Terrain (16x16)_68.asset
  artifactKey: Guid(e9e6b933987394b4abf0e911b82a65fa) Importer(815301076,1909f56bfc062723c751e8b465ee728b)
Start importing Assets/Art/Ground/Terrain (16x16)_68.asset using Guid(e9e6b933987394b4abf0e911b82a65fa) Importer(815301076,1909f56bfc062723c751e8b465ee728b) (PreviewImporter) -> (artifact id: 'bc32fb178d6f9fefecb54f36ceb940f7') in 0.0063807 seconds
Number of updated asset objects reloaded before import = 0Number of asset objects unloaded after import = 3

========================================================================
Received Import Request.
  Time since last request: 0.026347 seconds.
  path: Assets/Art/Ground/Terrain (16x16)_72.asset
  artifactKey: Guid(1b447aec9360d964485635403c3f120d) Importer(815301076,1909f56bfc062723c751e8b465ee728b)
Start importing Assets/Art/Ground/Terrain (16x16)_72.asset using Guid(1b447aec9360d964485635403c3f120d) Importer(815301076,1909f56bfc062723c751e8b465ee728b) (PreviewImporter) -> (artifact id: '19db630880798c5fd3f5ee78e6d770e2') in 0.0064999 seconds
Number of updated asset objects reloaded before import = 0Number of asset objects unloaded after import = 3

========================================================================
Received Import Request.
  Time since last request: 0.240368 seconds.
  path: Assets/Art/Ground/Terrain (16x16)_76.asset
  artifactKey: Guid(3fb18ac53540632439b8e750c9bcf3d1) Importer(815301076,1909f56bfc062723c751e8b465ee728b)
Start importing Assets/Art/Ground/Terrain (16x16)_76.asset using Guid(3fb18ac53540632439b8e750c9bcf3d1) Importer(815301076,1909f56bfc062723c751e8b465ee728b) (PreviewImporter) -> (artifact id: '8af588becaa1972bcbfbe7271c0d4749') in 0.0079686 seconds
Number of updated asset objects reloaded before import = 0Number of asset objects unloaded after import = 3

========================================================================
Received Import Request.
  Time since last request: 0.026495 seconds.
  path: Assets/Art/Ground/Terrain (16x16)_80.asset
  artifactKey: Guid(9861e5506bb2b1e4f9fb4952d1920582) Importer(815301076,1909f56bfc062723c751e8b465ee728b)
Start importing Assets/Art/Ground/Terrain (16x16)_80.asset using Guid(9861e5506bb2b1e4f9fb4952d1920582) Importer(815301076,1909f56bfc062723c751e8b465ee728b) (PreviewImporter) -> (artifact id: '7acf3f645155063080f334e958b58e03') in 0.0062592 seconds
Number of updated asset objects reloaded before import = 0Number of asset objects unloaded after import = 3

========================================================================
Received Import Request.
  Time since last request: 0.023959 seconds.
  path: Assets/Art/Ground/Terrain (16x16)_84.asset
  artifactKey: Guid(ff76299149d53c647b94988e5152e5e8) Importer(815301076,1909f56bfc062723c751e8b465ee728b)
Start importing Assets/Art/Ground/Terrain (16x16)_84.asset using Guid(ff76299149d53c647b94988e5152e5e8) Importer(815301076,1909f56bfc062723c751e8b465ee728b) (PreviewImporter) -> (artifact id: '26aca6b50924e82d36c2ece22e0de9a6') in 0.0069644 seconds
Number of updated asset objects reloaded before import = 0Number of asset objects unloaded after import = 3

========================================================================
Received Import Request.
  Time since last request: 0.002004 seconds.
  path: Assets/Art/Ground/Terrain (16x16)_88.asset
  artifactKey: Guid(c541377096d0a73479234cddd8a762fa) Importer(815301076,1909f56bfc062723c751e8b465ee728b)
Start importing Assets/Art/Ground/Terrain (16x16)_88.asset using Guid(c541377096d0a73479234cddd8a762fa) Importer(815301076,1909f56bfc062723c751e8b465ee728b) (PreviewImporter) -> (artifact id: '7701d50d2f30bc4b47a9131bb5c1ffc1') in 0.0075515 seconds
Number of updated asset objects reloaded before import = 0Number of asset objects unloaded after import = 3

========================================================================
Received Import Request.
  Time since last request: 0.304209 seconds.
  path: Assets/Art/Ground/Terrain (16x16)_92.asset
  artifactKey: Guid(ea582f74f07fc9a4ea74470c8d9e70f4) Importer(815301076,1909f56bfc062723c751e8b465ee728b)
Start importing Assets/Art/Ground/Terrain (16x16)_92.asset using Guid(ea582f74f07fc9a4ea74470c8d9e70f4) Importer(815301076,1909f56bfc062723c751e8b465ee728b) (PreviewImporter) -> (artifact id: 'd6ceee6638656020ddb83132f74e70ac') in 0.0083362 seconds
Number of updated asset objects reloaded before import = 0Number of asset objects unloaded after import = 3

========================================================================
Received Import Request.
  Time since last request: 0.019800 seconds.
  path: Assets/Art/Ground/Terrain (16x16)_96.asset
  artifactKey: Guid(f40a741ae21fd524896812542d703911) Importer(815301076,1909f56bfc062723c751e8b465ee728b)
Start importing Assets/Art/Ground/Terrain (16x16)_96.asset using Guid(f40a741ae21fd524896812542d703911) Importer(815301076,1909f56bfc062723c751e8b465ee728b) (PreviewImporter) -> (artifact id: '85cf36ac74fcbc28737289db8e4f2bad') in 0.0073318 seconds
Number of updated asset objects reloaded before import = 0Number of asset objects unloaded after import = 3

========================================================================
Received Import Request.
  Time since last request: 0.007551 seconds.
  path: Assets/Art/Ground/Terrain (16x16)_100.asset
  artifactKey: Guid(66265597924299a42aaf5d120d211aa8) Importer(815301076,1909f56bfc062723c751e8b465ee728b)
Start importing Assets/Art/Ground/Terrain (16x16)_100.asset using Guid(66265597924299a42aaf5d120d211aa8) Importer(815301076,1909f56bfc062723c751e8b465ee728b) (PreviewImporter) -> (artifact id: 'ceeaf7687e3ad1c6b6852679d7424d72') in 0.0214726 seconds
Number of updated asset objects reloaded before import = 0Number of asset objects unloaded after import = 3

========================================================================
Received Import Request.
  Time since last request: 0.254734 seconds.
  path: Assets/Art/Ground/Terrain (16x16)_104.asset
  artifactKey: Guid(c97550538ca10244e8f2e2b2c1ab2821) Importer(815301076,1909f56bfc062723c751e8b465ee728b)
Start importing Assets/Art/Ground/Terrain (16x16)_104.asset using Guid(c97550538ca10244e8f2e2b2c1ab2821) Importer(815301076,1909f56bfc062723c751e8b465ee728b) (PreviewImporter) -> (artifact id: 'dfe4a70e2f99fafb59a7d2e27ece276f') in 0.0081842 seconds
Number of updated asset objects reloaded before import = 0Number of asset objects unloaded after import = 3

========================================================================
Received Import Request.
  Time since last request: 0.031038 seconds.
  path: Assets/Art/Ground/Terrain (16x16)_108.asset
  artifactKey: Guid(df19b4e7f5a153a4fa9baa2e31177f4d) Importer(815301076,1909f56bfc062723c751e8b465ee728b)
Start importing Assets/Art/Ground/Terrain (16x16)_108.asset using Guid(df19b4e7f5a153a4fa9baa2e31177f4d) Importer(815301076,1909f56bfc062723c751e8b465ee728b) (PreviewImporter) -> (artifact id: 'daa96b14e81febe1cea09b4020013515') in 0.0061041 seconds
Number of updated asset objects reloaded before import = 0Number of asset objects unloaded after import = 3

========================================================================
Received Import Request.
  Time since last request: 0.000017 seconds.
  path: Assets/Art/Ground/Terrain (16x16)_109.asset
  artifactKey: Guid(a29f216833f25964a9f79248230a9da4) Importer(815301076,1909f56bfc062723c751e8b465ee728b)
Start importing Assets/Art/Ground/Terrain (16x16)_109.asset using Guid(a29f216833f25964a9f79248230a9da4) Importer(815301076,1909f56bfc062723c751e8b465ee728b) (PreviewImporter) -> (artifact id: 'a551356dc05b33ab2b3c41bc3e6f3fb4') in 0.0097155 seconds
Number of updated asset objects reloaded before import = 0Number of asset objects unloaded after import = 3

========================================================================
Received Import Request.
  Time since last request: 0.279360 seconds.
  path: Assets/Art/Ground/Terrain (16x16)_116.asset
  artifactKey: Guid(5f6fed329dfffe443bfc54fffc5b9ca6) Importer(815301076,1909f56bfc062723c751e8b465ee728b)
Start importing Assets/Art/Ground/Terrain (16x16)_116.asset using Guid(5f6fed329dfffe443bfc54fffc5b9ca6) Importer(815301076,1909f56bfc062723c751e8b465ee728b) (PreviewImporter) -> (artifact id: 'd52de74c6beb4f73a7b57979cb2e73bd') in 0.0072492 seconds
Number of updated asset objects reloaded before import = 0Number of asset objects unloaded after import = 3

========================================================================
Received Import Request.
  Time since last request: 0.009066 seconds.
  path: Assets/Art/Ground/Terrain (16x16)_120.asset
  artifactKey: Guid(39b37768d09a0d04bab5383ea987d123) Importer(815301076,1909f56bfc062723c751e8b465ee728b)
Start importing Assets/Art/Ground/Terrain (16x16)_120.asset using Guid(39b37768d09a0d04bab5383ea987d123) Importer(815301076,1909f56bfc062723c751e8b465ee728b) (PreviewImporter) -> (artifact id: '072473185c3a1ef389285194676a8d95') in 0.0319977 seconds
Number of updated asset objects reloaded before import = 0Number of asset objects unloaded after import = 3

========================================================================
Received Import Request.
  Time since last request: 0.008199 seconds.
  path: Assets/Art/Ground/Terrain (16x16)_124.asset
  artifactKey: Guid(e2e4542be06e24344a156b36dd5f997e) Importer(815301076,1909f56bfc062723c751e8b465ee728b)
Start importing Assets/Art/Ground/Terrain (16x16)_124.asset using Guid(e2e4542be06e24344a156b36dd5f997e) Importer(815301076,1909f56bfc062723c751e8b465ee728b) (PreviewImporter) -> (artifact id: '4331e7e5510566ae40db16bce8a09dd0') in 0.0142017 seconds
Number of updated asset objects reloaded before import = 0Number of asset objects unloaded after import = 3

========================================================================
Received Import Request.
  Time since last request: 0.018787 seconds.
  path: Assets/Art/Ground/Terrain (16x16)_128.asset
  artifactKey: Guid(2d68acb7c00744e45945114cd186d39e) Importer(815301076,1909f56bfc062723c751e8b465ee728b)
Start importing Assets/Art/Ground/Terrain (16x16)_128.asset using Guid(2d68acb7c00744e45945114cd186d39e) Importer(815301076,1909f56bfc062723c751e8b465ee728b) (PreviewImporter) -> (artifact id: '18513713d0c27d1f341ff2c2349c37cf') in 0.0106179 seconds
Number of updated asset objects reloaded before import = 0Number of asset objects unloaded after import = 3

========================================================================
Received Import Request.
  Time since last request: 88.449257 seconds.
  path: Assets/Art/Terrain (16x16)_130.asset
  artifactKey: Guid(cd794338d3f6f4c4e82fda3d68e3dbe6) Importer(815301076,1909f56bfc062723c751e8b465ee728b)
Start importing Assets/Art/Terrain (16x16)_130.asset using Guid(cd794338d3f6f4c4e82fda3d68e3dbe6) Importer(815301076,1909f56bfc062723c751e8b465ee728b) (PreviewImporter) -> (artifact id: '472f0f835dc67e9d5d3a2fb25a89dae0') in 0.0060035 seconds
Number of updated asset objects reloaded before import = 0Number of asset objects unloaded after import = 3

========================================================================
Received Import Request.
  Time since last request: 0.000019 seconds.
  path: Assets/Art/Terrain (16x16)_131.asset
  artifactKey: Guid(91a8267febfad11418fb4eb873a84663) Importer(815301076,1909f56bfc062723c751e8b465ee728b)
Start importing Assets/Art/Terrain (16x16)_131.asset using Guid(91a8267febfad11418fb4eb873a84663) Importer(815301076,1909f56bfc062723c751e8b465ee728b) (PreviewImporter) -> (artifact id: '736b6203222e5ad195dd7ab8c331219a') in 0.0059912 seconds
Number of updated asset objects reloaded before import = 0Number of asset objects unloaded after import = 3

========================================================================
Received Import Request.
  Time since last request: 0.026776 seconds.
  path: Assets/Art/Terrain (16x16)_134.asset
  artifactKey: Guid(0b16537b3ce12fe4c8b22c926b9be351) Importer(815301076,1909f56bfc062723c751e8b465ee728b)
Start importing Assets/Art/Terrain (16x16)_134.asset using Guid(0b16537b3ce12fe4c8b22c926b9be351) Importer(815301076,1909f56bfc062723c751e8b465ee728b) (PreviewImporter) -> (artifact id: '7e0610a67a81fc942228365d0fe51b1d') in 0.0097192 seconds
Number of updated asset objects reloaded before import = 0Number of asset objects unloaded after import = 3

========================================================================
Received Import Request.
  Time since last request: 0.000022 seconds.
  path: Assets/Art/Terrain (16x16)_135.asset
  artifactKey: Guid(9dea933f0fe354a4fa58b23c9a14df23) Importer(815301076,1909f56bfc062723c751e8b465ee728b)
Start importing Assets/Art/Terrain (16x16)_135.asset using Guid(9dea933f0fe354a4fa58b23c9a14df23) Importer(815301076,1909f56bfc062723c751e8b465ee728b) (PreviewImporter) -> (artifact id: 'b96bda608c280dbc9bf3fae12555b034') in 0.0106692 seconds
Number of updated asset objects reloaded before import = 0Number of asset objects unloaded after import = 3

========================================================================
Received Import Request.
  Time since last request: 0.000022 seconds.
  path: Assets/Art/Terrain (16x16)_137.asset
  artifactKey: Guid(cc5f1178ab23a6f4e84b7ae79baed10a) Importer(815301076,1909f56bfc062723c751e8b465ee728b)
Start importing Assets/Art/Terrain (16x16)_137.asset using Guid(cc5f1178ab23a6f4e84b7ae79baed10a) Importer(815301076,1909f56bfc062723c751e8b465ee728b) (PreviewImporter) -> (artifact id: 'f5cfadde6a719709b2e633e6b358d3da') in 0.0090986 seconds
Number of updated asset objects reloaded before import = 0Number of asset objects unloaded after import = 3

========================================================================
Received Import Request.
  Time since last request: 0.000023 seconds.
  path: Assets/Art/Terrain (16x16)_140.asset
  artifactKey: Guid(6c28523d8b9dd4148a22c14e0b7e8248) Importer(815301076,1909f56bfc062723c751e8b465ee728b)
Start importing Assets/Art/Terrain (16x16)_140.asset using Guid(6c28523d8b9dd4148a22c14e0b7e8248) Importer(815301076,1909f56bfc062723c751e8b465ee728b) (PreviewImporter) -> (artifact id: 'efa50f0581983f6826696a70e142d18e') in 0.0120256 seconds
Number of updated asset objects reloaded before import = 0Number of asset objects unloaded after import = 3

========================================================================
Received Import Request.
  Time since last request: 0.001171 seconds.
  path: Assets/Art/Terrain (16x16)_142.asset
  artifactKey: Guid(66bd62c74f1f90743aa84b26b349c8c2) Importer(815301076,1909f56bfc062723c751e8b465ee728b)
Start importing Assets/Art/Terrain (16x16)_142.asset using Guid(66bd62c74f1f90743aa84b26b349c8c2) Importer(815301076,1909f56bfc062723c751e8b465ee728b) (PreviewImporter) -> (artifact id: '2a3ad3794c2ae39b89f266d941fda522') in 0.0109818 seconds
Number of updated asset objects reloaded before import = 0Number of asset objects unloaded after import = 3

========================================================================
Received Import Request.
  Time since last request: 0.000027 seconds.
  path: Assets/Art/Terrain (16x16)_143.asset
  artifactKey: Guid(a4df7eab8df7a3a4783baeac4c26b4d2) Importer(815301076,1909f56bfc062723c751e8b465ee728b)
Start importing Assets/Art/Terrain (16x16)_143.asset using Guid(a4df7eab8df7a3a4783baeac4c26b4d2) Importer(815301076,1909f56bfc062723c751e8b465ee728b) (PreviewImporter) -> (artifact id: 'a7eaef3c3667149e3f943f072d0ac40e') in 0.0064303 seconds
Number of updated asset objects reloaded before import = 0Number of asset objects unloaded after import = 3

========================================================================
Received Import Request.
  Time since last request: 278.069127 seconds.
  path: Assets/BackGround
  artifactKey: Guid(890f01ae0f5ee8b4db97f7f8cb49de23) Importer(2089858483,192608db42251d675da83286b1cce702)
Start importing Assets/BackGround using Guid(890f01ae0f5ee8b4db97f7f8cb49de23) Importer(2089858483,192608db42251d675da83286b1cce702) (ScriptedImporter) -> (artifact id: '0e183e635ba50121c17353cf566bd4f6') in 0.0598331 seconds
Number of updated asset objects reloaded before import = 0Number of asset objects unloaded after import = 1

========================================================================
Received Import Request.
  Time since last request: 9.928689 seconds.
  path: Assets/BackGround/Brown_0.asset
  artifactKey: Guid(e7182a88ddb8ebd42b68c9d7c99bcc8a) Importer(2089858483,192608db42251d675da83286b1cce702)
Start importing Assets/BackGround/Brown_0.asset using Guid(e7182a88ddb8ebd42b68c9d7c99bcc8a) Importer(2089858483,192608db42251d675da83286b1cce702) (ScriptedImporter) -> (artifact id: '3279398da522bb9730235ade9ab44bde') in 0.1144453 seconds
Number of updated asset objects reloaded before import = 0Number of asset objects unloaded after import = 2

Editor requested this worker to shutdown with reason: Scaling down because of idle timeout
AssetImportWorker is now disconnected from the server
Process exiting
Exiting without the bug reporter. Application will terminate with return code 0