[Licensing::Module] Trying to connect to existing licensing client channel...
Built from '6000.2/staging' branch; Version is '6000.2.6f1 (cc51a95c0300) revision 13390249'; Using compiler version '194234433'; Build Type 'Release'
[Licensing::IpcConnector] Successfully connected to: "LicenseClient-Híu" at "2025-10-22T10:09:31.5452463Z"
OS: 'Windows 11  (10.0.22631) 64bit Professional' Language: 'en' Physical Memory: 15606 MB
BatchMode: 1, IsHumanControllingUs: 0, StartBugReporterOnCrash: 0, Is64bit: 1
Date: 2025-10-22T10:09:31Z

COMMAND LINE ARGUMENTS:
C:\Program Files\Unity\Hub\Editor\6000.2.6f1\Editor\Unity.exe
-adb2
-batchMode
-noUpm
-name
AssetImportWorker12
-projectPath
C:/Users/trand/Documents/code/game-pixel-adventure-G8
-logFile
Logs/AssetImportWorker12.log
-srvPort
58587
-licensingIpc
LicenseClient-Híu
-job-worker-count
7
-background-job-worker-count
8
-gc-helper-count
1
-name
AssetImport
Successfully changed project path to: C:/Users/trand/Documents/code/game-pixel-adventure-G8
C:/Users/trand/Documents/code/game-pixel-adventure-G8
[UnityMemory] Configuration Parameters - Can be set up in boot.config
    "memorysetup-allocator-temp-initial-block-size-main=262144"
    "memorysetup-allocator-temp-initial-block-size-worker=262144"
    "memorysetup-bucket-allocator-granularity=16"
    "memorysetup-bucket-allocator-bucket-count=8"
    "memorysetup-bucket-allocator-block-size=33554432"
    "memorysetup-bucket-allocator-block-count=8"
    "memorysetup-main-allocator-block-size=16777216"
    "memorysetup-thread-allocator-block-size=16777216"
    "memorysetup-gfx-main-allocator-block-size=16777216"
    "memorysetup-gfx-thread-allocator-block-size=16777216"
    "memorysetup-cache-allocator-block-size=4194304"
    "memorysetup-typetree-allocator-block-size=2097152"
    "memorysetup-profiler-bucket-allocator-granularity=16"
    "memorysetup-profiler-bucket-allocator-bucket-count=8"
    "memorysetup-profiler-bucket-allocator-block-size=33554432"
    "memorysetup-profiler-bucket-allocator-block-count=8"
    "memorysetup-profiler-allocator-block-size=16777216"
    "memorysetup-profiler-editor-allocator-block-size=1048576"
    "memorysetup-temp-allocator-size-main=16777216"
    "memorysetup-job-temp-allocator-block-size=2097152"
    "memorysetup-job-temp-allocator-block-size-background=1048576"
    "memorysetup-job-temp-allocator-reduction-small-platforms=262144"
    "memorysetup-temp-allocator-size-background-worker=32768"
    "memorysetup-temp-allocator-size-job-worker=262144"
    "memorysetup-temp-allocator-size-preload-manager=33554432"
    "memorysetup-temp-allocator-size-nav-mesh-worker=65536"
    "memorysetup-temp-allocator-size-audio-worker=65536"
    "memorysetup-temp-allocator-size-cloud-worker=32768"
    "memorysetup-temp-allocator-size-gi-baking-worker=262144"
    "memorysetup-temp-allocator-size-gi-baking-worker=262144"
    "memorysetup-temp-allocator-size-gi-baking-worker=262144"
    "memorysetup-temp-allocator-size-gi-baking-worker=262144"
    "memorysetup-temp-allocator-size-gi-baking-worker=262144"
    "memorysetup-temp-allocator-size-gfx=262144"
Player connection [20924]  Target information:

Player connection [20924]  * "[IP] 172.21.176.1 [Port] 0 [Flags] 2 [Guid] 1095942786 [EditorId] 1095942786 [Version] 1048832 [Id] WindowsEditor(7,DESKTOP-KQGGDKQ) [Debug] 1 [PackageName] WindowsEditor [ProjectName] Editor" 

Player connection [20924]  * "[IP] 172.16.0.2 [Port] 0 [Flags] 2 [Guid] 1095942786 [EditorId] 1095942786 [Version] 1048832 [Id] WindowsEditor(7,DESKTOP-KQGGDKQ) [Debug] 1 [PackageName] WindowsEditor [ProjectName] Editor" 

Player connection [20924]  * "[IP] 192.168.100.69 [Port] 0 [Flags] 2 [Guid] 1095942786 [EditorId] 1095942786 [Version] 1048832 [Id] WindowsEditor(7,DESKTOP-KQGGDKQ) [Debug] 1 [PackageName] WindowsEditor [ProjectName] Editor" 

Player connection [20924] Host joined multi-casting on [225.0.0.222:54997]...
Player connection [20924] Host joined alternative multi-casting on [225.0.0.222:34997]...
JobSystem: Creating JobQueue using job-worker-count value 7
Input System module state changed to: Initialized.
[Physics::Module] Initialized fallback backend.
[Physics::Module] Id: 0xdecafbad
[Licensing::Client] Code 10 while verifying Licensing Client signature (process Id: 13960, path: "C:/Program Files/Unity Hub/UnityLicensingClient_V1/Unity.Licensing.Client.exe")
[Licensing::Module] LicensingClient has failed validation; ignoring
[Licensing::Client] Handshaking with LicensingClient:
  Version:                 1.17.3+a4e98f1
  Session Id:              8550c292d3554b93827c600dd9fdcac5
  Correlation Id:          810fc0c69dfb65b87449e0fe76cc9d61
  External correlation Id: 3771911811392531593
  Machine Id:              ubQtK9t/8iWhmZWiigog6lzgitI=
[Licensing::Module] Successfully connected to LicensingClient on channel: "LicenseClient-Híu" (connect: 0.00s, validation: 0.00s, handshake: 0.05s)
[Licensing::IpcConnector] Successfully connected to: "LicenseClient-Híu-notifications" at "2025-10-22T10:09:31.6015212Z"
[Licensing::Module] Licensing Background thread has ended after 0.06s
Library Redirect Path: Library/
[Physics::Module] Selected backend.
[Physics::Module] Name: PhysX
[Physics::Module] Id: 0xf2b8ea05
[Physics::Module] SDK Version: 4.1.2
[Physics::Module] Integration Version: 1.0.0
[Physics::Module] Threading Mode: Multi-Threaded
Refreshing native plugins compatible for Editor in 0.00 ms, found 0 plugins.
Preloading 0 native plugins for Editor in 0.00 ms.
Initialize engine version: 6000.2.6f1 (cc51a95c0300)
[Subsystems] Discovering subsystems at path C:/Program Files/Unity/Hub/Editor/6000.2.6f1/Editor/Data/Resources/UnitySubsystems
[Subsystems] Discovering subsystems at path C:/Users/trand/Documents/code/game-pixel-adventure-G8/Assets
GfxDevice: creating device client; kGfxThreadingModeNonThreaded
d3d12: failed to query info queue interface (0x80004002).
Direct3D:
    Version:         Direct3D 12 [level 12.1]
    Renderer:        Intel(R) Iris(R) Xe Graphics (ID=0x46a6)
    Vendor:          Intel
    VRAM:            7803 MB
    App VRAM Budget: 7157 MB
    Driver:          32.0.101.6881
    Unified Memory Architecture
    Cache Coherent UMA
Initialize mono
Mono path[0] = 'C:/Program Files/Unity/Hub/Editor/6000.2.6f1/Editor/Data/Managed'
Mono path[1] = 'C:/Program Files/Unity/Hub/Editor/6000.2.6f1/Editor/Data/MonoBleedingEdge/lib/mono/unityjit-win32'
Mono config path = 'C:/Program Files/Unity/Hub/Editor/6000.2.6f1/Editor/Data/MonoBleedingEdge/etc'
Using monoOptions --debugger-agent=transport=dt_socket,embedding=1,server=y,suspend=n,address=127.0.0.1:56292
Begin MonoManager ReloadAssembly
Registering precompiled unity dll's ...
Register platform support module: C:/Program Files/Unity/Hub/Editor/6000.2.6f1/Editor/Data/PlaybackEngines/WindowsStandaloneSupport/UnityEditor.WindowsStandalone.Extensions.dll
Registered in 0.001394 seconds.
- Loaded All Assemblies, in  0.462 seconds
Native extension for WindowsStandalone target not found
Mono: successfully reloaded assembly
- Finished resetting the current domain, in  0.527 seconds
Domain Reload Profiling: 987ms
	BeginReloadAssembly (134ms)
		ExecutionOrderSort (0ms)
		DisableScriptedObjects (0ms)
		BackupInstance (0ms)
		ReleaseScriptingObjects (0ms)
		CreateAndSetChildDomain (1ms)
	RebuildCommonClasses (36ms)
	RebuildNativeTypeToScriptingClass (13ms)
	initialDomainReloadingComplete (51ms)
	LoadAllAssembliesAndSetupDomain (227ms)
		LoadAssemblies (131ms)
		RebuildTransferFunctionScriptingTraits (0ms)
		AnalyzeDomain (222ms)
			TypeCache.Refresh (221ms)
				TypeCache.ScanAssembly (205ms)
			BuildScriptInfoCaches (0ms)
			ResolveRequiredComponents (0ms)
	FinalizeReload (527ms)
		ReleaseScriptCaches (0ms)
		RebuildScriptCaches (0ms)
		SetupLoadedEditorAssemblies (481ms)
			LogAssemblyErrors (0ms)
			InitializePlatformSupportModulesInManaged (75ms)
			SetLoadedEditorAssemblies (5ms)
			BeforeProcessingInitializeOnLoad (105ms)
			ProcessInitializeOnLoadAttributes (222ms)
			ProcessInitializeOnLoadMethodAttributes (75ms)
			AfterProcessingInitializeOnLoad (0ms)
			EditorAssembliesLoaded (0ms)
		ExecutionOrderSort2 (0ms)
		AwakeInstancesAfterBackupRestoration (0ms)
Assembly reference Packages/com.unity.cinemachine/Editor/Samples/ExposeHDRPInternals/HDRP-Editor-ref.asmref has no target assembly definition
========================================================================
Worker process is ready to serve import requests
Import Worker Mode flag is 0x00
Assembly reference Packages/com.unity.cinemachine/Editor/Samples/ExposeHDRPInternals/HDRP-Editor-ref.asmref has no target assembly definition
Assembly reference Packages/com.unity.cinemachine/Editor/Samples/ExposeHDRPInternals/HDRP-Editor-ref.asmref has no target assembly definition
Begin MonoManager ReloadAssembly
[Licensing::Client] Successfully resolved entitlement details
[Licensing::Module] License group:
  Id: ewogICJzdWJzR3JvdXAiIDogInVuaXR5IGVkaXRvciIsCiAgIm5hbWVzcGFjZSIgOiAidW5pdHlfZWRpdG9yIiwKICAidHlwZSIgOiAiRURJVE9SIiwKICAidGFnIiA6ICJVbml0eVBlcnNvbmFsXXXX
  Product: Unity Personal Version
  Type: Assigned
  Expiration: Unlimited
- Loaded All Assemblies, in  0.323 seconds
Assembly reference Packages/com.unity.cinemachine/Editor/Samples/ExposeHDRPInternals/HDRP-Editor-ref.asmref has no target assembly definition
'Packages/com.unity.cinemachine/Editor/Obsolete/CinemachineVirtualCameraBaseEditor.cs' contains partial class of Unity.Object, exactly 1 of the partial classes needs to be in a file with the same filename. This is to know the one that can be referenced from ie. GameObjects
'Packages/com.unity.cinemachine/Editor/Editors/CinemachineVirtualCameraBaseEditor.cs' contains partial class of Unity.Object, exactly 1 of the partial classes needs to be in a file with the same filename. This is to know the one that can be referenced from ie. GameObjects
Refreshing native plugins compatible for Editor in 0.00 ms, found 0 plugins.
Native extension for WindowsStandalone target not found
Assembly reference Packages/com.unity.cinemachine/Editor/Samples/ExposeHDRPInternals/HDRP-Editor-ref.asmref has no target assembly definition
Package Manager log level set to [2]
[Package Manager] Failed to launch server process. Reason: Unity was launched with the -noUpm command-line argument
[Package Manager] Unable to send message (not connected to server process).
[Package Manager] Cannot connect to Unity Package Manager local server
Mono: successfully reloaded assembly
- Finished resetting the current domain, in  0.409 seconds
Domain Reload Profiling: 731ms
	BeginReloadAssembly (197ms)
		ExecutionOrderSort (0ms)
		DisableScriptedObjects (7ms)
		BackupInstance (0ms)
		ReleaseScriptingObjects (0ms)
		CreateAndSetChildDomain (39ms)
	RebuildCommonClasses (39ms)
	RebuildNativeTypeToScriptingClass (15ms)
	initialDomainReloadingComplete (20ms)
	LoadAllAssembliesAndSetupDomain (50ms)
		LoadAssemblies (106ms)
		RebuildTransferFunctionScriptingTraits (0ms)
		AnalyzeDomain (41ms)
			TypeCache.Refresh (26ms)
				TypeCache.ScanAssembly (20ms)
			BuildScriptInfoCaches (10ms)
			ResolveRequiredComponents (3ms)
	FinalizeReload (410ms)
		ReleaseScriptCaches (0ms)
		RebuildScriptCaches (0ms)
		SetupLoadedEditorAssemblies (289ms)
			LogAssemblyErrors (0ms)
			InitializePlatformSupportModulesInManaged (2ms)
			SetLoadedEditorAssemblies (3ms)
			BeforeProcessingInitializeOnLoad (91ms)
			ProcessInitializeOnLoadAttributes (155ms)
			ProcessInitializeOnLoadMethodAttributes (33ms)
			AfterProcessingInitializeOnLoad (4ms)
			EditorAssembliesLoaded (0ms)
		ExecutionOrderSort2 (0ms)
		AwakeInstancesAfterBackupRestoration (7ms)
Launched and connected shader compiler UnityShaderCompiler.exe after 0.01 seconds
Refreshing native plugins compatible for Editor in 0.00 ms, found 0 plugins.
Preloading 0 native plugins for Editor in 0.00 ms.
Unloading 1 Unused Serialized files (Serialized files now loaded: 0)
Unloading 1157 unused Assets / (396.9 KB). Loaded Objects now: 1661.
Memory consumption went from 62.8 MB to 62.4 MB.
Total: 4.518700 ms (FindLiveObjects: 0.241200 ms CreateObjectMapping: 0.095100 ms MarkObjects: 3.846700 ms  DeleteObjects: 0.334000 ms)

========================================================================
Received Import Request.
  Time since last request: 15751.559323 seconds.
  path: Assets/Art/Gray_0 1.asset
  artifactKey: Guid(ec233601bd4e99a4eb434c5faad4ee7b) Importer(2089858483,192608db42251d675da83286b1cce702)
Start importing Assets/Art/Gray_0 1.asset using Guid(ec233601bd4e99a4eb434c5faad4ee7b) Importer(2089858483,192608db42251d675da83286b1cce702) (ScriptedImporter) -> (artifact id: '55216eaca1f03150b912027072283ceb') in 0.1426888 seconds
Number of updated asset objects reloaded before import = 0Number of asset objects unloaded after import = 2

========================================================================
Received Import Request.
  Time since last request: 144.900501 seconds.
  path: Assets/Art/Ground/Terrain (16x16)_26.asset
  artifactKey: Guid(8cb2b020d2de0cd4bbe7de00a53bf22e) Importer(2089858483,192608db42251d675da83286b1cce702)
Start importing Assets/Art/Ground/Terrain (16x16)_26.asset using Guid(8cb2b020d2de0cd4bbe7de00a53bf22e) Importer(2089858483,192608db42251d675da83286b1cce702) (ScriptedImporter) -> (artifact id: '2fcc5bcb78791491ce6ff0e29c5d0d81') in 0.0123961 seconds
Number of updated asset objects reloaded before import = 0Number of asset objects unloaded after import = 2

========================================================================
Received Import Request.
  Time since last request: 0.000023 seconds.
  path: Assets/Art/Ground/Terrain (16x16)_54.asset
  artifactKey: Guid(525fae98a8509c94d924229aa2ab1e99) Importer(2089858483,192608db42251d675da83286b1cce702)
Start importing Assets/Art/Ground/Terrain (16x16)_54.asset using Guid(525fae98a8509c94d924229aa2ab1e99) Importer(2089858483,192608db42251d675da83286b1cce702) (ScriptedImporter) -> (artifact id: '55434e6e4d441c13c029ce069e8e4ece') in 0.007869 seconds
Number of updated asset objects reloaded before import = 0Number of asset objects unloaded after import = 2

========================================================================
Received Import Request.
  Time since last request: 0.000031 seconds.
  path: Assets/Art/Ground/Terrain (16x16)_37.asset
  artifactKey: Guid(cea9fbf8c3fa8454593133a8c7dfc923) Importer(2089858483,192608db42251d675da83286b1cce702)
Start importing Assets/Art/Ground/Terrain (16x16)_37.asset using Guid(cea9fbf8c3fa8454593133a8c7dfc923) Importer(2089858483,192608db42251d675da83286b1cce702) (ScriptedImporter) -> (artifact id: 'a169b7bd80a8e6d2972a39c29b61014f') in 0.0063798 seconds
Number of updated asset objects reloaded before import = 0Number of asset objects unloaded after import = 2

========================================================================
Received Import Request.
  Time since last request: 0.000034 seconds.
  path: Assets/Art/Ground/Terrain (16x16)_86.asset
  artifactKey: Guid(c4ed65b97cc4d6a4697fca15c4dcc97d) Importer(2089858483,192608db42251d675da83286b1cce702)
Start importing Assets/Art/Ground/Terrain (16x16)_86.asset using Guid(c4ed65b97cc4d6a4697fca15c4dcc97d) Importer(2089858483,192608db42251d675da83286b1cce702) (ScriptedImporter) -> (artifact id: '77a098cfd7e86a4bb474ddc3a42d7136') in 0.0067209 seconds
Number of updated asset objects reloaded before import = 0Number of asset objects unloaded after import = 2

========================================================================
Received Import Request.
  Time since last request: 0.000029 seconds.
  path: Assets/Art/Ground/Terrain (16x16)_1.asset
  artifactKey: Guid(953be41463117114da9253ad7c7b587a) Importer(2089858483,192608db42251d675da83286b1cce702)
Start importing Assets/Art/Ground/Terrain (16x16)_1.asset using Guid(953be41463117114da9253ad7c7b587a) Importer(2089858483,192608db42251d675da83286b1cce702) (ScriptedImporter) -> (artifact id: 'd2f3b47be426a858718d5f42a6e204b0') in 0.006516 seconds
Number of updated asset objects reloaded before import = 0Number of asset objects unloaded after import = 2

========================================================================
Received Import Request.
  Time since last request: 0.000024 seconds.
  path: Assets/Art/Ground/Terrain (16x16)_76.asset
  artifactKey: Guid(3fb18ac53540632439b8e750c9bcf3d1) Importer(2089858483,192608db42251d675da83286b1cce702)
Start importing Assets/Art/Ground/Terrain (16x16)_76.asset using Guid(3fb18ac53540632439b8e750c9bcf3d1) Importer(2089858483,192608db42251d675da83286b1cce702) (ScriptedImporter) -> (artifact id: '8ecc8f86abf6a7e61e9a0f55a53a35d6') in 0.0067532 seconds
Number of updated asset objects reloaded before import = 0Number of asset objects unloaded after import = 2

========================================================================
Received Import Request.
  Time since last request: 0.000023 seconds.
  path: Assets/Art/Ground/Terrain (16x16)_22.asset
  artifactKey: Guid(b8c7b79859c152945a2474043d8e74cb) Importer(2089858483,192608db42251d675da83286b1cce702)
Start importing Assets/Art/Ground/Terrain (16x16)_22.asset using Guid(b8c7b79859c152945a2474043d8e74cb) Importer(2089858483,192608db42251d675da83286b1cce702) (ScriptedImporter) -> (artifact id: '79501c659f34fb88101b077b70365d30') in 0.0068825 seconds
Number of updated asset objects reloaded before import = 0Number of asset objects unloaded after import = 2

========================================================================
Received Import Request.
  Time since last request: 0.000573 seconds.
  path: Assets/Art/Ground/Terrain (16x16)_125.asset
  artifactKey: Guid(bc897d964cbafe04da7f05c7ae030172) Importer(2089858483,192608db42251d675da83286b1cce702)
Start importing Assets/Art/Ground/Terrain (16x16)_125.asset using Guid(bc897d964cbafe04da7f05c7ae030172) Importer(2089858483,192608db42251d675da83286b1cce702) (ScriptedImporter) -> (artifact id: '3ff6ada28d567bbff9cea647d5eaf83f') in 0.0065603 seconds
Number of updated asset objects reloaded before import = 0Number of asset objects unloaded after import = 2

========================================================================
Received Import Request.
  Time since last request: 0.000021 seconds.
  path: Assets/Art/Ground/Terrain (16x16)_94.asset
  artifactKey: Guid(6c295fc77c62c594295f7513b61276a9) Importer(2089858483,192608db42251d675da83286b1cce702)
Start importing Assets/Art/Ground/Terrain (16x16)_94.asset using Guid(6c295fc77c62c594295f7513b61276a9) Importer(2089858483,192608db42251d675da83286b1cce702) (ScriptedImporter) -> (artifact id: 'c57a2ba1db88140d1b93afac80a4877b') in 0.0066899 seconds
Number of updated asset objects reloaded before import = 0Number of asset objects unloaded after import = 2

========================================================================
Received Import Request.
  Time since last request: 0.000025 seconds.
  path: Assets/Art/Ground/Terrain (16x16)_44.asset
  artifactKey: Guid(94dffc054e929aa40bd3166d78b7d742) Importer(2089858483,192608db42251d675da83286b1cce702)
Start importing Assets/Art/Ground/Terrain (16x16)_44.asset using Guid(94dffc054e929aa40bd3166d78b7d742) Importer(2089858483,192608db42251d675da83286b1cce702) (ScriptedImporter) -> (artifact id: 'd65b41fb5c2aec88e55995779dde2ea8') in 0.0078774 seconds
Number of updated asset objects reloaded before import = 0Number of asset objects unloaded after import = 2

========================================================================
Received Import Request.
  Time since last request: 0.000021 seconds.
  path: Assets/Art/Ground/Terrain (16x16)_52.asset
  artifactKey: Guid(0ec1ff236f8a2374b9bdc2d05f7f3b8e) Importer(2089858483,192608db42251d675da83286b1cce702)
Start importing Assets/Art/Ground/Terrain (16x16)_52.asset using Guid(0ec1ff236f8a2374b9bdc2d05f7f3b8e) Importer(2089858483,192608db42251d675da83286b1cce702) (ScriptedImporter) -> (artifact id: '46cc685eca4230346191f54c5b304707') in 0.0074451 seconds
Number of updated asset objects reloaded before import = 0Number of asset objects unloaded after import = 2

========================================================================
Received Import Request.
  Time since last request: 0.000023 seconds.
  path: Assets/Art/Ground/Terrain (16x16)_19.asset
  artifactKey: Guid(cfa43b259dce5fc48b3f4049a0098c19) Importer(2089858483,192608db42251d675da83286b1cce702)
Start importing Assets/Art/Ground/Terrain (16x16)_19.asset using Guid(cfa43b259dce5fc48b3f4049a0098c19) Importer(2089858483,192608db42251d675da83286b1cce702) (ScriptedImporter) -> (artifact id: 'b24c3ce3d0c9d0986408208ad077933f') in 0.0069768 seconds
Number of updated asset objects reloaded before import = 0Number of asset objects unloaded after import = 2

========================================================================
Received Import Request.
  Time since last request: 0.000043 seconds.
  path: Assets/Art/Ground/Terrain (16x16)_20.asset
  artifactKey: Guid(2e3a0096b2a7e494f90fe366a148a3f9) Importer(2089858483,192608db42251d675da83286b1cce702)
Start importing Assets/Art/Ground/Terrain (16x16)_20.asset using Guid(2e3a0096b2a7e494f90fe366a148a3f9) Importer(2089858483,192608db42251d675da83286b1cce702) (ScriptedImporter) -> (artifact id: '7f78a73ed7d204f3b8e471c274aba343') in 0.0052254 seconds
Number of updated asset objects reloaded before import = 0Number of asset objects unloaded after import = 2

========================================================================
Received Import Request.
  Time since last request: 0.000037 seconds.
  path: Assets/Art/Ground/Terrain (16x16)_99.asset
  artifactKey: Guid(b2dc6f03d4a2d394487ccf9377fd87f1) Importer(2089858483,192608db42251d675da83286b1cce702)
Start importing Assets/Art/Ground/Terrain (16x16)_99.asset using Guid(b2dc6f03d4a2d394487ccf9377fd87f1) Importer(2089858483,192608db42251d675da83286b1cce702) (ScriptedImporter) -> (artifact id: '2025af4958d651172928ab29be77059e') in 0.0076717 seconds
Number of updated asset objects reloaded before import = 0Number of asset objects unloaded after import = 2

========================================================================
Received Import Request.
  Time since last request: 0.000023 seconds.
  path: Assets/Art/Ground/Terrain (16x16)_17.asset
  artifactKey: Guid(57c2e6d71bfed46408041e3c1fe3fe18) Importer(2089858483,192608db42251d675da83286b1cce702)
Start importing Assets/Art/Ground/Terrain (16x16)_17.asset using Guid(57c2e6d71bfed46408041e3c1fe3fe18) Importer(2089858483,192608db42251d675da83286b1cce702) (ScriptedImporter) -> (artifact id: 'f9679099cad33ac0f31d4f89d4ddd5e8') in 0.0073414 seconds
Number of updated asset objects reloaded before import = 0Number of asset objects unloaded after import = 2

========================================================================
Received Import Request.
  Time since last request: 0.000029 seconds.
  path: Assets/Art/Ground/Terrain (16x16)_56.asset
  artifactKey: Guid(9111aa48cfc64ae44a96f47fc5aa98fa) Importer(2089858483,192608db42251d675da83286b1cce702)
Start importing Assets/Art/Ground/Terrain (16x16)_56.asset using Guid(9111aa48cfc64ae44a96f47fc5aa98fa) Importer(2089858483,192608db42251d675da83286b1cce702) (ScriptedImporter) -> (artifact id: 'b341d5c74b40db3e2b8988ad9eb2206f') in 0.007281 seconds
Number of updated asset objects reloaded before import = 0Number of asset objects unloaded after import = 2

========================================================================
Received Import Request.
  Time since last request: 0.000025 seconds.
  path: Assets/Art/Ground/Terrain (16x16)_53.asset
  artifactKey: Guid(fa18832a50dca1c4c9a83018b8a6898f) Importer(2089858483,192608db42251d675da83286b1cce702)
Start importing Assets/Art/Ground/Terrain (16x16)_53.asset using Guid(fa18832a50dca1c4c9a83018b8a6898f) Importer(2089858483,192608db42251d675da83286b1cce702) (ScriptedImporter) -> (artifact id: '2e1c60d6bbc28e837efcf9385c6da19b') in 0.0062072 seconds
Number of updated asset objects reloaded before import = 0Number of asset objects unloaded after import = 2

========================================================================
Received Import Request.
  Time since last request: 0.000023 seconds.
  path: Assets/Art/Ground/Terrain (16x16)_42.asset
  artifactKey: Guid(8d5a09f2189a7f1449ff9276f9f9a3ae) Importer(2089858483,192608db42251d675da83286b1cce702)
Start importing Assets/Art/Ground/Terrain (16x16)_42.asset using Guid(8d5a09f2189a7f1449ff9276f9f9a3ae) Importer(2089858483,192608db42251d675da83286b1cce702) (ScriptedImporter) -> (artifact id: 'd2a890f3ac2bf6175a17ed97babb57cb') in 0.0055911 seconds
Number of updated asset objects reloaded before import = 0Number of asset objects unloaded after import = 2

========================================================================
Received Import Request.
  Time since last request: 0.000023 seconds.
  path: Assets/Art/Ground/Terrain (16x16)_36.asset
  artifactKey: Guid(36508b61db30deb41b4f6c23df498e9a) Importer(2089858483,192608db42251d675da83286b1cce702)
Start importing Assets/Art/Ground/Terrain (16x16)_36.asset using Guid(36508b61db30deb41b4f6c23df498e9a) Importer(2089858483,192608db42251d675da83286b1cce702) (ScriptedImporter) -> (artifact id: 'c72bb88c50f199e1b4c9290a744a1f61') in 0.0063572 seconds
Number of updated asset objects reloaded before import = 0Number of asset objects unloaded after import = 2

========================================================================
Received Import Request.
  Time since last request: 0.000039 seconds.
  path: Assets/Art/Ground/Terrain (16x16)_110.asset
  artifactKey: Guid(cd720fa781abc11428619075e2d637f8) Importer(2089858483,192608db42251d675da83286b1cce702)
Start importing Assets/Art/Ground/Terrain (16x16)_110.asset using Guid(cd720fa781abc11428619075e2d637f8) Importer(2089858483,192608db42251d675da83286b1cce702) (ScriptedImporter) -> (artifact id: '9bea1ad7aac45704de3add51c1340d73') in 0.0060667 seconds
Number of updated asset objects reloaded before import = 0Number of asset objects unloaded after import = 2

========================================================================
Received Import Request.
  Time since last request: 0.000226 seconds.
  path: Assets/Art/Ground/Terrain (16x16)_35.asset
  artifactKey: Guid(d28a9112ffb9ff846aac813f6cb11d44) Importer(2089858483,192608db42251d675da83286b1cce702)
Start importing Assets/Art/Ground/Terrain (16x16)_35.asset using Guid(d28a9112ffb9ff846aac813f6cb11d44) Importer(2089858483,192608db42251d675da83286b1cce702) (ScriptedImporter) -> (artifact id: '57fccbd7e629973704df82aa2ad4aca1') in 0.0063589 seconds
Number of updated asset objects reloaded before import = 0Number of asset objects unloaded after import = 2

========================================================================
Received Import Request.
  Time since last request: 0.000022 seconds.
  path: Assets/Art/Ground/Terrain (16x16)_4.asset
  artifactKey: Guid(b2ab72fac21064e4d8f7389e1fb6a082) Importer(2089858483,192608db42251d675da83286b1cce702)
Start importing Assets/Art/Ground/Terrain (16x16)_4.asset using Guid(b2ab72fac21064e4d8f7389e1fb6a082) Importer(2089858483,192608db42251d675da83286b1cce702) (ScriptedImporter) -> (artifact id: 'd8a4950b1007370b2d98c2ab454ed0eb') in 0.0055541 seconds
Number of updated asset objects reloaded before import = 0Number of asset objects unloaded after import = 2

========================================================================
Received Import Request.
  Time since last request: 0.000160 seconds.
  path: Assets/Art/Ground/Terrain (16x16)_61.asset
  artifactKey: Guid(55a45ac0ab54abb47860068c8a1943c9) Importer(2089858483,192608db42251d675da83286b1cce702)
Start importing Assets/Art/Ground/Terrain (16x16)_61.asset using Guid(55a45ac0ab54abb47860068c8a1943c9) Importer(2089858483,192608db42251d675da83286b1cce702) (ScriptedImporter) -> (artifact id: 'e929a2d88371b780af03512a0300139e') in 0.0063852 seconds
Number of updated asset objects reloaded before import = 0Number of asset objects unloaded after import = 2

========================================================================
Received Import Request.
  Time since last request: 0.000024 seconds.
  path: Assets/Art/Ground/Terrain (16x16)_102.asset
  artifactKey: Guid(06e45728745913347b6f547c33aed659) Importer(2089858483,192608db42251d675da83286b1cce702)
Start importing Assets/Art/Ground/Terrain (16x16)_102.asset using Guid(06e45728745913347b6f547c33aed659) Importer(2089858483,192608db42251d675da83286b1cce702) (ScriptedImporter) -> (artifact id: '241521a8cfe91c143a6b743453d8c2f1') in 0.0054798 seconds
Number of updated asset objects reloaded before import = 0Number of asset objects unloaded after import = 2

========================================================================
Received Import Request.
  Time since last request: 0.000478 seconds.
  path: Assets/Art/Ground/Terrain (16x16)_62.asset
  artifactKey: Guid(941ea414980447c41b96b0ba9952bc20) Importer(2089858483,192608db42251d675da83286b1cce702)
Start importing Assets/Art/Ground/Terrain (16x16)_62.asset using Guid(941ea414980447c41b96b0ba9952bc20) Importer(2089858483,192608db42251d675da83286b1cce702) (ScriptedImporter) -> (artifact id: 'a41d899e216e9121fef32563611ea7bb') in 0.0060296 seconds
Number of updated asset objects reloaded before import = 0Number of asset objects unloaded after import = 2

========================================================================
Received Import Request.
  Time since last request: 0.000189 seconds.
  path: Assets/Art/Ground/Terrain (16x16)_75.asset
  artifactKey: Guid(c3adf6271759ee949bb8c8263d456cae) Importer(2089858483,192608db42251d675da83286b1cce702)
Start importing Assets/Art/Ground/Terrain (16x16)_75.asset using Guid(c3adf6271759ee949bb8c8263d456cae) Importer(2089858483,192608db42251d675da83286b1cce702) (ScriptedImporter) -> (artifact id: '36eebeae8dff94808ba2c74f0540db7b') in 0.005823 seconds
Number of updated asset objects reloaded before import = 0Number of asset objects unloaded after import = 2

========================================================================
Received Import Request.
  Time since last request: 0.000027 seconds.
  path: Assets/Art/Ground/Terrain (16x16)_142.asset
  artifactKey: Guid(66bd62c74f1f90743aa84b26b349c8c2) Importer(2089858483,192608db42251d675da83286b1cce702)
Start importing Assets/Art/Ground/Terrain (16x16)_142.asset using Guid(66bd62c74f1f90743aa84b26b349c8c2) Importer(2089858483,192608db42251d675da83286b1cce702) (ScriptedImporter) -> (artifact id: '0e43cf383347742f4a83ac062662c566') in 0.0057422 seconds
Number of updated asset objects reloaded before import = 0Number of asset objects unloaded after import = 2

========================================================================
Received Import Request.
  Time since last request: 0.000013 seconds.
  path: Assets/Art/Ground/Terrain (16x16)_90.asset
  artifactKey: Guid(3e698304eab941c4392031b0bcc1a294) Importer(2089858483,192608db42251d675da83286b1cce702)
Start importing Assets/Art/Ground/Terrain (16x16)_90.asset using Guid(3e698304eab941c4392031b0bcc1a294) Importer(2089858483,192608db42251d675da83286b1cce702) (ScriptedImporter) -> (artifact id: '4c2ad8b581daae28f44213ea38bc4f95') in 0.0052331 seconds
Number of updated asset objects reloaded before import = 0Number of asset objects unloaded after import = 2

========================================================================
Received Import Request.
  Time since last request: 0.000032 seconds.
  path: Assets/Art/Ground/Terrain (16x16)_112.asset
  artifactKey: Guid(cd03c87915ccf164ab4ec1c7f18f286e) Importer(2089858483,192608db42251d675da83286b1cce702)
Start importing Assets/Art/Ground/Terrain (16x16)_112.asset using Guid(cd03c87915ccf164ab4ec1c7f18f286e) Importer(2089858483,192608db42251d675da83286b1cce702) (ScriptedImporter) -> (artifact id: '35252cf8d26c412be5f9c0166456c274') in 0.0056683 seconds
Number of updated asset objects reloaded before import = 0Number of asset objects unloaded after import = 2

========================================================================
Received Import Request.
  Time since last request: 0.000022 seconds.
  path: Assets/Art/Ground/Terrain (16x16)_89.asset
  artifactKey: Guid(8c0aef226876adc488d292e9e0d6b604) Importer(2089858483,192608db42251d675da83286b1cce702)
Start importing Assets/Art/Ground/Terrain (16x16)_89.asset using Guid(8c0aef226876adc488d292e9e0d6b604) Importer(2089858483,192608db42251d675da83286b1cce702) (ScriptedImporter) -> (artifact id: '3f3eaeca8d974bd30c4e69b17e2b55e9') in 0.0056914 seconds
Number of updated asset objects reloaded before import = 0Number of asset objects unloaded after import = 2

========================================================================
Received Import Request.
  Time since last request: 0.000024 seconds.
  path: Assets/Art/Ground/Terrain (16x16)_84.asset
  artifactKey: Guid(ff76299149d53c647b94988e5152e5e8) Importer(2089858483,192608db42251d675da83286b1cce702)
Start importing Assets/Art/Ground/Terrain (16x16)_84.asset using Guid(ff76299149d53c647b94988e5152e5e8) Importer(2089858483,192608db42251d675da83286b1cce702) (ScriptedImporter) -> (artifact id: '1b0750751db6270fc2a632825be21abe') in 0.0063191 seconds
Number of updated asset objects reloaded before import = 0Number of asset objects unloaded after import = 2

========================================================================
Received Import Request.
  Time since last request: 0.000024 seconds.
  path: Assets/Art/Ground/Terrain (16x16)_6.asset
  artifactKey: Guid(a3de9581213af394b99775df8dfde2ab) Importer(2089858483,192608db42251d675da83286b1cce702)
Start importing Assets/Art/Ground/Terrain (16x16)_6.asset using Guid(a3de9581213af394b99775df8dfde2ab) Importer(2089858483,192608db42251d675da83286b1cce702) (ScriptedImporter) -> (artifact id: 'f4530bf5a640c97e800afd6bcdb028c9') in 0.0058981 seconds
Number of updated asset objects reloaded before import = 0Number of asset objects unloaded after import = 2

========================================================================
Received Import Request.
  Time since last request: 0.000024 seconds.
  path: Assets/Art/Ground/Terrain (16x16)_68.asset
  artifactKey: Guid(e9e6b933987394b4abf0e911b82a65fa) Importer(2089858483,192608db42251d675da83286b1cce702)
Start importing Assets/Art/Ground/Terrain (16x16)_68.asset using Guid(e9e6b933987394b4abf0e911b82a65fa) Importer(2089858483,192608db42251d675da83286b1cce702) (ScriptedImporter) -> (artifact id: '4b1773b8561919dae4c52865b6148524') in 0.005647 seconds
Number of updated asset objects reloaded before import = 0Number of asset objects unloaded after import = 2

========================================================================
Received Import Request.
  Time since last request: 0.000119 seconds.
  path: Assets/Art/Ground/Terrain (16x16)_87.asset
  artifactKey: Guid(f2723cc84a5c41747b24bf2ba66aa34a) Importer(2089858483,192608db42251d675da83286b1cce702)
Start importing Assets/Art/Ground/Terrain (16x16)_87.asset using Guid(f2723cc84a5c41747b24bf2ba66aa34a) Importer(2089858483,192608db42251d675da83286b1cce702) (ScriptedImporter) -> (artifact id: '4d4d72fc2716ff93dc1c84dfae8ccfc7') in 0.0078298 seconds
Number of updated asset objects reloaded before import = 0Number of asset objects unloaded after import = 2

========================================================================
Received Import Request.
  Time since last request: 0.000077 seconds.
  path: Assets/Art/Ground/Terrain (16x16)_63.asset
  artifactKey: Guid(e70ab7b4aff811f47afa5e603f2d5779) Importer(2089858483,192608db42251d675da83286b1cce702)
Start importing Assets/Art/Ground/Terrain (16x16)_63.asset using Guid(e70ab7b4aff811f47afa5e603f2d5779) Importer(2089858483,192608db42251d675da83286b1cce702) (ScriptedImporter) -> (artifact id: '5f9a48245ddd8535386cd81ff4df3b6f') in 0.0056628 seconds
Number of updated asset objects reloaded before import = 0Number of asset objects unloaded after import = 2

========================================================================
Received Import Request.
  Time since last request: 0.000023 seconds.
  path: Assets/Art/Ground/Terrain (16x16)_45.asset
  artifactKey: Guid(20707254284c7184b91471842089ccf2) Importer(2089858483,192608db42251d675da83286b1cce702)
Start importing Assets/Art/Ground/Terrain (16x16)_45.asset using Guid(20707254284c7184b91471842089ccf2) Importer(2089858483,192608db42251d675da83286b1cce702) (ScriptedImporter) -> (artifact id: 'f1b8404ab38b6583c0dbbdc786c89452') in 0.0082787 seconds
Number of updated asset objects reloaded before import = 0Number of asset objects unloaded after import = 2

========================================================================
Received Import Request.
  Time since last request: 0.000036 seconds.
  path: Assets/Art/Ground/Terrain (16x16)_122.asset
  artifactKey: Guid(5eef96c1d86231c4795467eae9d42e31) Importer(2089858483,192608db42251d675da83286b1cce702)
Start importing Assets/Art/Ground/Terrain (16x16)_122.asset using Guid(5eef96c1d86231c4795467eae9d42e31) Importer(2089858483,192608db42251d675da83286b1cce702) (ScriptedImporter) -> (artifact id: 'a5fe72d74bb843c8f42c154eb1e50e67') in 0.00707 seconds
Number of updated asset objects reloaded before import = 0Number of asset objects unloaded after import = 2

========================================================================
Received Import Request.
  Time since last request: 0.000019 seconds.
  path: Assets/Art/Ground/Terrain (16x16)_70.asset
  artifactKey: Guid(52e8f256675e6c5409898d1752bc5310) Importer(2089858483,192608db42251d675da83286b1cce702)
Start importing Assets/Art/Ground/Terrain (16x16)_70.asset using Guid(52e8f256675e6c5409898d1752bc5310) Importer(2089858483,192608db42251d675da83286b1cce702) (ScriptedImporter) -> (artifact id: '81985a5db5e28d53de6fe9e137acd03f') in 0.0062831 seconds
Number of updated asset objects reloaded before import = 0Number of asset objects unloaded after import = 2

========================================================================
Received Import Request.
  Time since last request: 0.000020 seconds.
  path: Assets/Art/Ground/Terrain (16x16)_109.asset
  artifactKey: Guid(a29f216833f25964a9f79248230a9da4) Importer(2089858483,192608db42251d675da83286b1cce702)
Start importing Assets/Art/Ground/Terrain (16x16)_109.asset using Guid(a29f216833f25964a9f79248230a9da4) Importer(2089858483,192608db42251d675da83286b1cce702) (ScriptedImporter) -> (artifact id: '8dea5bd077fa2f55307cb4b3290c79d6') in 0.006103 seconds
Number of updated asset objects reloaded before import = 0Number of asset objects unloaded after import = 2

========================================================================
Received Import Request.
  Time since last request: 0.000024 seconds.
  path: Assets/Art/Ground/Terrain (16x16)_103.asset
  artifactKey: Guid(409f65b8503ad8745898405d1ac5ab1b) Importer(2089858483,192608db42251d675da83286b1cce702)
Start importing Assets/Art/Ground/Terrain (16x16)_103.asset using Guid(409f65b8503ad8745898405d1ac5ab1b) Importer(2089858483,192608db42251d675da83286b1cce702) (ScriptedImporter) -> (artifact id: '3c9996af58d5836da215337109021109') in 0.0053655 seconds
Number of updated asset objects reloaded before import = 0Number of asset objects unloaded after import = 2

========================================================================
Received Import Request.
  Time since last request: 0.000078 seconds.
  path: Assets/Art/Ground/Terrain (16x16)_50.asset
  artifactKey: Guid(92560fb5abf5b2e4eb6dced022dd159d) Importer(2089858483,192608db42251d675da83286b1cce702)
Start importing Assets/Art/Ground/Terrain (16x16)_50.asset using Guid(92560fb5abf5b2e4eb6dced022dd159d) Importer(2089858483,192608db42251d675da83286b1cce702) (ScriptedImporter) -> (artifact id: '9292d9d420800fad5ed3106472325cb2') in 0.0066135 seconds
Number of updated asset objects reloaded before import = 0Number of asset objects unloaded after import = 2

========================================================================
Received Import Request.
  Time since last request: 0.000025 seconds.
  path: Assets/Art/Ground/Terrain (16x16)_107.asset
  artifactKey: Guid(68c2acb8a5f235d409991c277a64470e) Importer(2089858483,192608db42251d675da83286b1cce702)
Start importing Assets/Art/Ground/Terrain (16x16)_107.asset using Guid(68c2acb8a5f235d409991c277a64470e) Importer(2089858483,192608db42251d675da83286b1cce702) (ScriptedImporter) -> (artifact id: '3d6ddcf63ff5d1c8eef8bb46ae15d935') in 0.0052504 seconds
Number of updated asset objects reloaded before import = 0Number of asset objects unloaded after import = 2

========================================================================
Received Import Request.
  Time since last request: 0.000017 seconds.
  path: Assets/Art/Ground/Terrain (16x16)_118.asset
  artifactKey: Guid(cfe1bc032f999304b89b1e0c7ed5b94e) Importer(2089858483,192608db42251d675da83286b1cce702)
Start importing Assets/Art/Ground/Terrain (16x16)_118.asset using Guid(cfe1bc032f999304b89b1e0c7ed5b94e) Importer(2089858483,192608db42251d675da83286b1cce702) (ScriptedImporter) -> (artifact id: '36eaf7ec8642f54ff1de054b0154a065') in 0.0048413 seconds
Number of updated asset objects reloaded before import = 0Number of asset objects unloaded after import = 2

========================================================================
Received Import Request.
  Time since last request: 0.000021 seconds.
  path: Assets/Art/Ground/Terrain (16x16)_116.asset
  artifactKey: Guid(5f6fed329dfffe443bfc54fffc5b9ca6) Importer(2089858483,192608db42251d675da83286b1cce702)
Start importing Assets/Art/Ground/Terrain (16x16)_116.asset using Guid(5f6fed329dfffe443bfc54fffc5b9ca6) Importer(2089858483,192608db42251d675da83286b1cce702) (ScriptedImporter) -> (artifact id: 'bc51ebc7a19cd8b0f68f74a2ca9d9452') in 0.0065868 seconds
Number of updated asset objects reloaded before import = 0Number of asset objects unloaded after import = 2

========================================================================
Received Import Request.
  Time since last request: 0.000021 seconds.
  path: Assets/Art/Ground/Terrain (16x16)_24.asset
  artifactKey: Guid(8b295c52a3365a34b9284eaca106a8dd) Importer(2089858483,192608db42251d675da83286b1cce702)
Start importing Assets/Art/Ground/Terrain (16x16)_24.asset using Guid(8b295c52a3365a34b9284eaca106a8dd) Importer(2089858483,192608db42251d675da83286b1cce702) (ScriptedImporter) -> (artifact id: '38d824706cc037444c0306eec11c8e7f') in 0.0049871 seconds
Number of updated asset objects reloaded before import = 0Number of asset objects unloaded after import = 2

========================================================================
Received Import Request.
  Time since last request: 0.000019 seconds.
  path: Assets/Art/Ground/Terrain (16x16)_80.asset
  artifactKey: Guid(9861e5506bb2b1e4f9fb4952d1920582) Importer(2089858483,192608db42251d675da83286b1cce702)
Start importing Assets/Art/Ground/Terrain (16x16)_80.asset using Guid(9861e5506bb2b1e4f9fb4952d1920582) Importer(2089858483,192608db42251d675da83286b1cce702) (ScriptedImporter) -> (artifact id: '4d7466cad6708c3c04a0248445e71c85') in 0.0057166 seconds
Number of updated asset objects reloaded before import = 0Number of asset objects unloaded after import = 2

========================================================================
Received Import Request.
  Time since last request: 0.000023 seconds.
  path: Assets/Art/Ground/Terrain (16x16)_60.asset
  artifactKey: Guid(9fb0b8e5b21c93d4d9cd1e220309cf94) Importer(2089858483,192608db42251d675da83286b1cce702)
Start importing Assets/Art/Ground/Terrain (16x16)_60.asset using Guid(9fb0b8e5b21c93d4d9cd1e220309cf94) Importer(2089858483,192608db42251d675da83286b1cce702) (ScriptedImporter) -> (artifact id: '171619a481e072cc2fce97db3ee2f34b') in 0.0056413 seconds
Number of updated asset objects reloaded before import = 0Number of asset objects unloaded after import = 2

========================================================================
Received Import Request.
  Time since last request: 0.000014 seconds.
  path: Assets/Art/Ground/Terrain (16x16)_124.asset
  artifactKey: Guid(e2e4542be06e24344a156b36dd5f997e) Importer(2089858483,192608db42251d675da83286b1cce702)
Start importing Assets/Art/Ground/Terrain (16x16)_124.asset using Guid(e2e4542be06e24344a156b36dd5f997e) Importer(2089858483,192608db42251d675da83286b1cce702) (ScriptedImporter) -> (artifact id: '7d22a975e989da354b6a6f9b4568e151') in 0.0053137 seconds
Number of updated asset objects reloaded before import = 0Number of asset objects unloaded after import = 2

========================================================================
Received Import Request.
  Time since last request: 0.000021 seconds.
  path: Assets/Art/Ground/Terrain (16x16)_88.asset
  artifactKey: Guid(c541377096d0a73479234cddd8a762fa) Importer(2089858483,192608db42251d675da83286b1cce702)
Start importing Assets/Art/Ground/Terrain (16x16)_88.asset using Guid(c541377096d0a73479234cddd8a762fa) Importer(2089858483,192608db42251d675da83286b1cce702) (ScriptedImporter) -> (artifact id: '3accdd0a865459ffa9dc5d22f751050f') in 0.0073567 seconds
Number of updated asset objects reloaded before import = 0Number of asset objects unloaded after import = 2

========================================================================
Received Import Request.
  Time since last request: 0.000019 seconds.
  path: Assets/Art/Ground/Terrain (16x16)_7.asset
  artifactKey: Guid(1d5ca5512238b9b4f9c76fd6e6657f1a) Importer(2089858483,192608db42251d675da83286b1cce702)
Start importing Assets/Art/Ground/Terrain (16x16)_7.asset using Guid(1d5ca5512238b9b4f9c76fd6e6657f1a) Importer(2089858483,192608db42251d675da83286b1cce702) (ScriptedImporter) -> (artifact id: 'ac1d5a23f67477e23f9e44d92c1db8c6') in 0.0065004 seconds
Number of updated asset objects reloaded before import = 0Number of asset objects unloaded after import = 2

========================================================================
Received Import Request.
  Time since last request: 0.000024 seconds.
  path: Assets/Art/Ground/Terrain (16x16)_28.asset
  artifactKey: Guid(68e5b25956cd3c640be8fd86e8bed6e7) Importer(2089858483,192608db42251d675da83286b1cce702)
Start importing Assets/Art/Ground/Terrain (16x16)_28.asset using Guid(68e5b25956cd3c640be8fd86e8bed6e7) Importer(2089858483,192608db42251d675da83286b1cce702) (ScriptedImporter) -> (artifact id: 'a4156561125ded999e160ca0146f0aca') in 0.0066015 seconds
Number of updated asset objects reloaded before import = 0Number of asset objects unloaded after import = 2

========================================================================
Received Import Request.
  Time since last request: 0.149375 seconds.
  path: Assets/Art/Ground/Terrain (16x16)_55.asset
  artifactKey: Guid(7369ae5b6a0c9524380d2ab3481c202b) Importer(2089858483,192608db42251d675da83286b1cce702)
Start importing Assets/Art/Ground/Terrain (16x16)_55.asset using Guid(7369ae5b6a0c9524380d2ab3481c202b) Importer(2089858483,192608db42251d675da83286b1cce702) (ScriptedImporter) -> (artifact id: 'cfe22b51e3162380afb038100b88b4b0') in 0.0067846 seconds
Number of updated asset objects reloaded before import = 0Number of asset objects unloaded after import = 2

========================================================================
Received Import Request.
  Time since last request: 0.000039 seconds.
  path: Assets/Art/Ground/Terrain (16x16)_0.asset
  artifactKey: Guid(700803bb6ea11d840a6b0330de5cfaed) Importer(2089858483,192608db42251d675da83286b1cce702)
Start importing Assets/Art/Ground/Terrain (16x16)_0.asset using Guid(700803bb6ea11d840a6b0330de5cfaed) Importer(2089858483,192608db42251d675da83286b1cce702) (ScriptedImporter) -> (artifact id: '7eb888beffee92551e4c5579f08076c3') in 0.0053798 seconds
Number of updated asset objects reloaded before import = 0Number of asset objects unloaded after import = 2

========================================================================
Received Import Request.
  Time since last request: 0.000024 seconds.
  path: Assets/Art/Ground/Terrain (16x16)_138.asset
  artifactKey: Guid(fc199afc4542fd444a567d0d331e0f30) Importer(2089858483,192608db42251d675da83286b1cce702)
Start importing Assets/Art/Ground/Terrain (16x16)_138.asset using Guid(fc199afc4542fd444a567d0d331e0f30) Importer(2089858483,192608db42251d675da83286b1cce702) (ScriptedImporter) -> (artifact id: 'a3518b13fd2fb73a35200b87cf99bb1d') in 0.0069617 seconds
Number of updated asset objects reloaded before import = 0Number of asset objects unloaded after import = 2

========================================================================
Received Import Request.
  Time since last request: 0.000020 seconds.
  path: Assets/Art/Ground/Terrain (16x16)_126.asset
  artifactKey: Guid(9d234f3ccdad38b47a681755b056717b) Importer(2089858483,192608db42251d675da83286b1cce702)
Start importing Assets/Art/Ground/Terrain (16x16)_126.asset using Guid(9d234f3ccdad38b47a681755b056717b) Importer(2089858483,192608db42251d675da83286b1cce702) (ScriptedImporter) -> (artifact id: 'c949d65449fbcbf101ea23f4cc85f502') in 0.0064138 seconds
Number of updated asset objects reloaded before import = 0Number of asset objects unloaded after import = 2

========================================================================
Received Import Request.
  Time since last request: 0.000022 seconds.
  path: Assets/Art/Ground/Terrain (16x16)_143.asset
  artifactKey: Guid(a4df7eab8df7a3a4783baeac4c26b4d2) Importer(2089858483,192608db42251d675da83286b1cce702)
Start importing Assets/Art/Ground/Terrain (16x16)_143.asset using Guid(a4df7eab8df7a3a4783baeac4c26b4d2) Importer(2089858483,192608db42251d675da83286b1cce702) (ScriptedImporter) -> (artifact id: 'ccaeb6d193f2498fcd8fd0b96233e59b') in 0.00685 seconds
Number of updated asset objects reloaded before import = 0Number of asset objects unloaded after import = 2

========================================================================
Received Import Request.
  Time since last request: 0.000023 seconds.
  path: Assets/Art/Ground/Terrain (16x16)_134.asset
  artifactKey: Guid(0b16537b3ce12fe4c8b22c926b9be351) Importer(2089858483,192608db42251d675da83286b1cce702)
Start importing Assets/Art/Ground/Terrain (16x16)_134.asset using Guid(0b16537b3ce12fe4c8b22c926b9be351) Importer(2089858483,192608db42251d675da83286b1cce702) (ScriptedImporter) -> (artifact id: '36ae997056c1357b8d14abc0109784e5') in 0.0060003 seconds
Number of updated asset objects reloaded before import = 0Number of asset objects unloaded after import = 2

========================================================================
Received Import Request.
  Time since last request: 0.000080 seconds.
  path: Assets/Art/Ground/Terrain (16x16)_115.asset
  artifactKey: Guid(4e92ca8e7e3f3ce418efde842a98bb58) Importer(2089858483,192608db42251d675da83286b1cce702)
Start importing Assets/Art/Ground/Terrain (16x16)_115.asset using Guid(4e92ca8e7e3f3ce418efde842a98bb58) Importer(2089858483,192608db42251d675da83286b1cce702) (ScriptedImporter) -> (artifact id: 'ffd0e957c9a52d5becbc9d479267a157') in 0.0094082 seconds
Number of updated asset objects reloaded before import = 0Number of asset objects unloaded after import = 2

========================================================================
Received Import Request.
  Time since last request: 0.000023 seconds.
  path: Assets/Art/Ground/Terrain (16x16)_48.asset
  artifactKey: Guid(d1a8547d1d062c647833fdb566ca54b7) Importer(2089858483,192608db42251d675da83286b1cce702)
Start importing Assets/Art/Ground/Terrain (16x16)_48.asset using Guid(d1a8547d1d062c647833fdb566ca54b7) Importer(2089858483,192608db42251d675da83286b1cce702) (ScriptedImporter) -> (artifact id: '3c49a8b1ff0f8b53219e4a7259300a8d') in 0.006644 seconds
Number of updated asset objects reloaded before import = 0Number of asset objects unloaded after import = 2

========================================================================
Received Import Request.
  Time since last request: 0.000125 seconds.
  path: Assets/Art/Ground/Terrain (16x16)_18.asset
  artifactKey: Guid(0d8a3f9e00db89f43b0b1423bc7fa645) Importer(2089858483,192608db42251d675da83286b1cce702)
Start importing Assets/Art/Ground/Terrain (16x16)_18.asset using Guid(0d8a3f9e00db89f43b0b1423bc7fa645) Importer(2089858483,192608db42251d675da83286b1cce702) (ScriptedImporter) -> (artifact id: 'a81b0534e9b2635d0f6dbebc00a589ff') in 0.0066394 seconds
Number of updated asset objects reloaded before import = 0Number of asset objects unloaded after import = 2

========================================================================
Received Import Request.
  Time since last request: 0.000023 seconds.
  path: Assets/Art/Ground/Terrain (16x16)_72.asset
  artifactKey: Guid(1b447aec9360d964485635403c3f120d) Importer(2089858483,192608db42251d675da83286b1cce702)
Start importing Assets/Art/Ground/Terrain (16x16)_72.asset using Guid(1b447aec9360d964485635403c3f120d) Importer(2089858483,192608db42251d675da83286b1cce702) (ScriptedImporter) -> (artifact id: '2a83c2a22feaab97e4da02ee509194f7') in 0.0074408 seconds
Number of updated asset objects reloaded before import = 0Number of asset objects unloaded after import = 2

========================================================================
Received Import Request.
  Time since last request: 0.000022 seconds.
  path: Assets/Art/Ground/Terrain (16x16)_31.asset
  artifactKey: Guid(027e151e3616e674a9b3956e90af63c7) Importer(2089858483,192608db42251d675da83286b1cce702)
Start importing Assets/Art/Ground/Terrain (16x16)_31.asset using Guid(027e151e3616e674a9b3956e90af63c7) Importer(2089858483,192608db42251d675da83286b1cce702) (ScriptedImporter) -> (artifact id: '562ee83f1e2ae4abc66b494c00b0dec7') in 0.0065897 seconds
Number of updated asset objects reloaded before import = 0Number of asset objects unloaded after import = 2

========================================================================
Received Import Request.
  Time since last request: 0.000133 seconds.
  path: Assets/Art/Ground/Terrain (16x16)_140.asset
  artifactKey: Guid(6c28523d8b9dd4148a22c14e0b7e8248) Importer(2089858483,192608db42251d675da83286b1cce702)
Start importing Assets/Art/Ground/Terrain (16x16)_140.asset using Guid(6c28523d8b9dd4148a22c14e0b7e8248) Importer(2089858483,192608db42251d675da83286b1cce702) (ScriptedImporter) -> (artifact id: '5d1c2c14ce03aae98b461272eb30286f') in 0.0101982 seconds
Number of updated asset objects reloaded before import = 0Number of asset objects unloaded after import = 2

========================================================================
Received Import Request.
  Time since last request: 0.000024 seconds.
  path: Assets/Art/Ground/Terrain (16x16)_10.asset
  artifactKey: Guid(fab278bc56058c740b7772e8ef1629a8) Importer(2089858483,192608db42251d675da83286b1cce702)
Start importing Assets/Art/Ground/Terrain (16x16)_10.asset using Guid(fab278bc56058c740b7772e8ef1629a8) Importer(2089858483,192608db42251d675da83286b1cce702) (ScriptedImporter) -> (artifact id: 'fa617bb20c479e34df9c71aac3a748c2') in 0.0107206 seconds
Number of updated asset objects reloaded before import = 0Number of asset objects unloaded after import = 2

========================================================================
Received Import Request.
  Time since last request: 0.000023 seconds.
  path: Assets/Art/Ground/Terrain (16x16)_57.asset
  artifactKey: Guid(d41e828d2995aab4dbe436ec28f86522) Importer(2089858483,192608db42251d675da83286b1cce702)
Start importing Assets/Art/Ground/Terrain (16x16)_57.asset using Guid(d41e828d2995aab4dbe436ec28f86522) Importer(2089858483,192608db42251d675da83286b1cce702) (ScriptedImporter) -> (artifact id: '422641895b419c7e41ff3e1a884baca3') in 0.0128835 seconds
Number of updated asset objects reloaded before import = 0Number of asset objects unloaded after import = 2

========================================================================
Received Import Request.
  Time since last request: 0.000268 seconds.
  path: Assets/Art/Ground/Terrain (16x16)_82.asset
  artifactKey: Guid(42fe022f65d0a7e46bcc43ecb6a54895) Importer(2089858483,192608db42251d675da83286b1cce702)
Start importing Assets/Art/Ground/Terrain (16x16)_82.asset using Guid(42fe022f65d0a7e46bcc43ecb6a54895) Importer(2089858483,192608db42251d675da83286b1cce702) (ScriptedImporter) -> (artifact id: 'a63cf272c05c85156ddff34041692866') in 0.0114296 seconds
Number of updated asset objects reloaded before import = 0Number of asset objects unloaded after import = 2

========================================================================
Received Import Request.
  Time since last request: 0.000187 seconds.
  path: Assets/Art/Ground/Terrain (16x16)_8.asset
  artifactKey: Guid(a2eb2babaa4d6c443bc2c9d435f032c9) Importer(2089858483,192608db42251d675da83286b1cce702)
Start importing Assets/Art/Ground/Terrain (16x16)_8.asset using Guid(a2eb2babaa4d6c443bc2c9d435f032c9) Importer(2089858483,192608db42251d675da83286b1cce702) (ScriptedImporter) -> (artifact id: 'f5b767f1099691d7ed2c0f2321f67d81') in 0.0124085 seconds
Number of updated asset objects reloaded before import = 0Number of asset objects unloaded after import = 2

========================================================================
Received Import Request.
  Time since last request: 0.000271 seconds.
  path: Assets/Art/Ground/Terrain (16x16)_69.asset
  artifactKey: Guid(7e29a9efda5e176408fd6e5599cbce33) Importer(2089858483,192608db42251d675da83286b1cce702)
Start importing Assets/Art/Ground/Terrain (16x16)_69.asset using Guid(7e29a9efda5e176408fd6e5599cbce33) Importer(2089858483,192608db42251d675da83286b1cce702) (ScriptedImporter) -> (artifact id: 'cdf4e5d2e8cdf9095fc48c7595f4a8bc') in 0.0142353 seconds
Number of updated asset objects reloaded before import = 0Number of asset objects unloaded after import = 2

========================================================================
Received Import Request.
  Time since last request: 0.000355 seconds.
  path: Assets/Art/Ground/Terrain (16x16)_15.asset
  artifactKey: Guid(0552daab46a8aea4dbb2ba80fdd45a0a) Importer(2089858483,192608db42251d675da83286b1cce702)
Start importing Assets/Art/Ground/Terrain (16x16)_15.asset using Guid(0552daab46a8aea4dbb2ba80fdd45a0a) Importer(2089858483,192608db42251d675da83286b1cce702) (ScriptedImporter) -> (artifact id: '0461fb6a2745aae3da700c9340ab0cad') in 0.0104259 seconds
Number of updated asset objects reloaded before import = 0Number of asset objects unloaded after import = 2

========================================================================
Received Import Request.
  Time since last request: 0.000161 seconds.
  path: Assets/Art/Ground/Terrain (16x16)_51.asset
  artifactKey: Guid(0a4b888b0ded3544eb45dc6203c2ab43) Importer(2089858483,192608db42251d675da83286b1cce702)
Start importing Assets/Art/Ground/Terrain (16x16)_51.asset using Guid(0a4b888b0ded3544eb45dc6203c2ab43) Importer(2089858483,192608db42251d675da83286b1cce702) (ScriptedImporter) -> (artifact id: '291b68fbbfd48393f24c884836d91b43') in 0.0108526 seconds
Number of updated asset objects reloaded before import = 0Number of asset objects unloaded after import = 2

========================================================================
Received Import Request.
  Time since last request: 0.000229 seconds.
  path: Assets/Art/Ground/Terrain (16x16)_119.asset
  artifactKey: Guid(d5660d0fddd43044c827af0f4036b75f) Importer(2089858483,192608db42251d675da83286b1cce702)
Start importing Assets/Art/Ground/Terrain (16x16)_119.asset using Guid(d5660d0fddd43044c827af0f4036b75f) Importer(2089858483,192608db42251d675da83286b1cce702) (ScriptedImporter) -> (artifact id: '7def78232ca2b7ba4c49222784efe32e') in 0.0123294 seconds
Number of updated asset objects reloaded before import = 0Number of asset objects unloaded after import = 2

========================================================================
Received Import Request.
  Time since last request: 0.000350 seconds.
  path: Assets/Art/Ground/Terrain (16x16)_135.asset
  artifactKey: Guid(9dea933f0fe354a4fa58b23c9a14df23) Importer(2089858483,192608db42251d675da83286b1cce702)
Start importing Assets/Art/Ground/Terrain (16x16)_135.asset using Guid(9dea933f0fe354a4fa58b23c9a14df23) Importer(2089858483,192608db42251d675da83286b1cce702) (ScriptedImporter) -> (artifact id: '416bd63732c25098d440bf3cdbd2d1c8') in 0.0144851 seconds
Number of updated asset objects reloaded before import = 0Number of asset objects unloaded after import = 2

========================================================================
Received Import Request.
  Time since last request: 0.000270 seconds.
  path: Assets/Art/Ground/Terrain (16x16)_66.asset
  artifactKey: Guid(5b4e8f9b1cad5464a8424753b7a123ea) Importer(2089858483,192608db42251d675da83286b1cce702)
Start importing Assets/Art/Ground/Terrain (16x16)_66.asset using Guid(5b4e8f9b1cad5464a8424753b7a123ea) Importer(2089858483,192608db42251d675da83286b1cce702) (ScriptedImporter) -> (artifact id: '2657a69bd06f495f11fd488c185ca140') in 0.0121949 seconds
Number of updated asset objects reloaded before import = 0Number of asset objects unloaded after import = 2

========================================================================
Received Import Request.
  Time since last request: 1.719053 seconds.
  path: Assets/Art/Ground/Terrain (16x16)_2.asset
  artifactKey: Guid(5731c7cc80348e643947bf052509db5d) Importer(815301076,1909f56bfc062723c751e8b465ee728b)
Start importing Assets/Art/Ground/Terrain (16x16)_2.asset using Guid(5731c7cc80348e643947bf052509db5d) Importer(815301076,1909f56bfc062723c751e8b465ee728b) (PreviewImporter) -> (artifact id: '3636b7c5852fc6e021eeadc149c0ef38') in 0.1418439 seconds
Number of updated asset objects reloaded before import = 0Number of asset objects unloaded after import = 3

========================================================================
Received Import Request.
  Time since last request: 0.687554 seconds.
  path: Assets/Art/Ground/Terrain (16x16)_23.asset
  artifactKey: Guid(9437b4d333ada0a4cb9b9549cbd73454) Importer(815301076,1909f56bfc062723c751e8b465ee728b)
Start importing Assets/Art/Ground/Terrain (16x16)_23.asset using Guid(9437b4d333ada0a4cb9b9549cbd73454) Importer(815301076,1909f56bfc062723c751e8b465ee728b) (PreviewImporter) -> (artifact id: '47066137b0d77bb215d8a86a02658993') in 0.0109911 seconds
Number of updated asset objects reloaded before import = 0Number of asset objects unloaded after import = 3

========================================================================
Received Import Request.
  Time since last request: 0.036946 seconds.
  path: Assets/Art/Ground/Terrain (16x16)_27.asset
  artifactKey: Guid(384f3be4b521ac8449b0b5473b75b192) Importer(815301076,1909f56bfc062723c751e8b465ee728b)
Start importing Assets/Art/Ground/Terrain (16x16)_27.asset using Guid(384f3be4b521ac8449b0b5473b75b192) Importer(815301076,1909f56bfc062723c751e8b465ee728b) (PreviewImporter) -> (artifact id: '4ebdad3216e32ecc2fa0543636827c65') in 0.0155792 seconds
Number of updated asset objects reloaded before import = 0Number of asset objects unloaded after import = 3

========================================================================
Received Import Request.
  Time since last request: 0.001379 seconds.
  path: Assets/Art/Ground/Terrain (16x16)_30.asset
  artifactKey: Guid(de6687debf7112646a7a61c51864d2ee) Importer(815301076,1909f56bfc062723c751e8b465ee728b)
Start importing Assets/Art/Ground/Terrain (16x16)_30.asset using Guid(de6687debf7112646a7a61c51864d2ee) Importer(815301076,1909f56bfc062723c751e8b465ee728b) (PreviewImporter) -> (artifact id: '25283e9b5f1bb2b04f1a95c5e51fe930') in 0.0081692 seconds
Number of updated asset objects reloaded before import = 0Number of asset objects unloaded after import = 3

========================================================================
Received Import Request.
  Time since last request: 0.030395 seconds.
  path: Assets/Art/Ground/Terrain (16x16)_35.asset
  artifactKey: Guid(d28a9112ffb9ff846aac813f6cb11d44) Importer(815301076,1909f56bfc062723c751e8b465ee728b)
Start importing Assets/Art/Ground/Terrain (16x16)_35.asset using Guid(d28a9112ffb9ff846aac813f6cb11d44) Importer(815301076,1909f56bfc062723c751e8b465ee728b) (PreviewImporter) -> (artifact id: 'bef00db66f82f764657e038f6f3e6e70') in 0.018171 seconds
Number of updated asset objects reloaded before import = 0Number of asset objects unloaded after import = 3

========================================================================
Received Import Request.
  Time since last request: 0.547532 seconds.
  path: Assets/Art/Ground/Terrain (16x16)_39.asset
  artifactKey: Guid(00f5b82ead6aa4746a2c015f672c3231) Importer(815301076,1909f56bfc062723c751e8b465ee728b)
Start importing Assets/Art/Ground/Terrain (16x16)_39.asset using Guid(00f5b82ead6aa4746a2c015f672c3231) Importer(815301076,1909f56bfc062723c751e8b465ee728b) (PreviewImporter) -> (artifact id: '64324cbf197ec7da949764cdc6b44c43') in 0.0079904 seconds
Number of updated asset objects reloaded before import = 0Number of asset objects unloaded after import = 3

========================================================================
Received Import Request.
  Time since last request: 0.032852 seconds.
  path: Assets/Art/Ground/Terrain (16x16)_43.asset
  artifactKey: Guid(c27cb9d402293c147a4fe1f73216e58f) Importer(815301076,1909f56bfc062723c751e8b465ee728b)
Start importing Assets/Art/Ground/Terrain (16x16)_43.asset using Guid(c27cb9d402293c147a4fe1f73216e58f) Importer(815301076,1909f56bfc062723c751e8b465ee728b) (PreviewImporter) -> (artifact id: '9e07909624edb6a96f4ebebf70e39143') in 0.0073339 seconds
Number of updated asset objects reloaded before import = 0Number of asset objects unloaded after import = 3

========================================================================
Received Import Request.
  Time since last request: 0.051662 seconds.
  path: Assets/Art/Ground/Terrain (16x16)_47.asset
  artifactKey: Guid(751963e921084614f83bd287b7508507) Importer(815301076,1909f56bfc062723c751e8b465ee728b)
Start importing Assets/Art/Ground/Terrain (16x16)_47.asset using Guid(751963e921084614f83bd287b7508507) Importer(815301076,1909f56bfc062723c751e8b465ee728b) (PreviewImporter) -> (artifact id: 'ce1c1ba07c28ba7bf549ecdce7bc73b2') in 0.0094844 seconds
Number of updated asset objects reloaded before import = 0Number of asset objects unloaded after import = 3

========================================================================
Received Import Request.
  Time since last request: 0.000020 seconds.
  path: Assets/Art/Ground/Terrain (16x16)_51.asset
  artifactKey: Guid(0a4b888b0ded3544eb45dc6203c2ab43) Importer(815301076,1909f56bfc062723c751e8b465ee728b)
Start importing Assets/Art/Ground/Terrain (16x16)_51.asset using Guid(0a4b888b0ded3544eb45dc6203c2ab43) Importer(815301076,1909f56bfc062723c751e8b465ee728b) (PreviewImporter) -> (artifact id: '950c1c24084824c1a618f131377c3dc5') in 0.0104292 seconds
Number of updated asset objects reloaded before import = 0Number of asset objects unloaded after import = 3

========================================================================
Received Import Request.
  Time since last request: 0.002405 seconds.
  path: Assets/Art/Ground/Terrain (16x16)_55.asset
  artifactKey: Guid(7369ae5b6a0c9524380d2ab3481c202b) Importer(815301076,1909f56bfc062723c751e8b465ee728b)
Start importing Assets/Art/Ground/Terrain (16x16)_55.asset using Guid(7369ae5b6a0c9524380d2ab3481c202b) Importer(815301076,1909f56bfc062723c751e8b465ee728b) (PreviewImporter) -> (artifact id: '6af8e556cac547936f0d439af0bc3e45') in 0.0155059 seconds
Number of updated asset objects reloaded before import = 0Number of asset objects unloaded after import = 3

========================================================================
Received Import Request.
  Time since last request: 0.381314 seconds.
  path: Assets/Art/Ground/Terrain (16x16)_59.asset
  artifactKey: Guid(85f91a00f44f6aa48a97e039c1099806) Importer(815301076,1909f56bfc062723c751e8b465ee728b)
Start importing Assets/Art/Ground/Terrain (16x16)_59.asset using Guid(85f91a00f44f6aa48a97e039c1099806) Importer(815301076,1909f56bfc062723c751e8b465ee728b) (PreviewImporter) -> (artifact id: 'a958ec16aeae7505f7c9771fa15b80f9') in 0.0068368 seconds
Number of updated asset objects reloaded before import = 0Number of asset objects unloaded after import = 3

========================================================================
Received Import Request.
  Time since last request: 0.034293 seconds.
  path: Assets/Art/Ground/Terrain (16x16)_63.asset
  artifactKey: Guid(e70ab7b4aff811f47afa5e603f2d5779) Importer(815301076,1909f56bfc062723c751e8b465ee728b)
Start importing Assets/Art/Ground/Terrain (16x16)_63.asset using Guid(e70ab7b4aff811f47afa5e603f2d5779) Importer(815301076,1909f56bfc062723c751e8b465ee728b) (PreviewImporter) -> (artifact id: '002fda611f19d73388026f255d0f5721') in 0.0071949 seconds
Number of updated asset objects reloaded before import = 0Number of asset objects unloaded after import = 3

========================================================================
Received Import Request.
  Time since last request: 0.019681 seconds.
  path: Assets/Art/Ground/Terrain (16x16)_67.asset
  artifactKey: Guid(9c420e50d7d304c43ab4a597d0bd6da5) Importer(815301076,1909f56bfc062723c751e8b465ee728b)
Start importing Assets/Art/Ground/Terrain (16x16)_67.asset using Guid(9c420e50d7d304c43ab4a597d0bd6da5) Importer(815301076,1909f56bfc062723c751e8b465ee728b) (PreviewImporter) -> (artifact id: '98ed30c4044c13846bf5965335f6cf43') in 0.0066549 seconds
Number of updated asset objects reloaded before import = 0Number of asset objects unloaded after import = 3

========================================================================
Received Import Request.
  Time since last request: 0.025944 seconds.
  path: Assets/Art/Ground/Terrain (16x16)_71.asset
  artifactKey: Guid(9e5c15ab46874ac478cc9900800f487a) Importer(815301076,1909f56bfc062723c751e8b465ee728b)
Start importing Assets/Art/Ground/Terrain (16x16)_71.asset using Guid(9e5c15ab46874ac478cc9900800f487a) Importer(815301076,1909f56bfc062723c751e8b465ee728b) (PreviewImporter) -> (artifact id: 'f50ac4192301eb927e66c0cf065aa858') in 0.0064482 seconds
Number of updated asset objects reloaded before import = 0Number of asset objects unloaded after import = 3

========================================================================
Received Import Request.
  Time since last request: 0.240434 seconds.
  path: Assets/Art/Ground/Terrain (16x16)_75.asset
  artifactKey: Guid(c3adf6271759ee949bb8c8263d456cae) Importer(815301076,1909f56bfc062723c751e8b465ee728b)
Start importing Assets/Art/Ground/Terrain (16x16)_75.asset using Guid(c3adf6271759ee949bb8c8263d456cae) Importer(815301076,1909f56bfc062723c751e8b465ee728b) (PreviewImporter) -> (artifact id: 'cb29ccd113581ad3bed92d1ab3a1af81') in 0.0085303 seconds
Number of updated asset objects reloaded before import = 0Number of asset objects unloaded after import = 3

========================================================================
Received Import Request.
  Time since last request: 0.025912 seconds.
  path: Assets/Art/Ground/Terrain (16x16)_79.asset
  artifactKey: Guid(3dea518310249344a803558486abc047) Importer(815301076,1909f56bfc062723c751e8b465ee728b)
Start importing Assets/Art/Ground/Terrain (16x16)_79.asset using Guid(3dea518310249344a803558486abc047) Importer(815301076,1909f56bfc062723c751e8b465ee728b) (PreviewImporter) -> (artifact id: '19130cf7334f40f3d6710c3337bc8238') in 0.0061341 seconds
Number of updated asset objects reloaded before import = 0Number of asset objects unloaded after import = 3

========================================================================
Received Import Request.
  Time since last request: 0.024068 seconds.
  path: Assets/Art/Ground/Terrain (16x16)_83.asset
  artifactKey: Guid(9f29026d1e4f7794bb1bdd0e12fa73d1) Importer(815301076,1909f56bfc062723c751e8b465ee728b)
Start importing Assets/Art/Ground/Terrain (16x16)_83.asset using Guid(9f29026d1e4f7794bb1bdd0e12fa73d1) Importer(815301076,1909f56bfc062723c751e8b465ee728b) (PreviewImporter) -> (artifact id: '2eb7d9f54945dcc62b8934daec244982') in 0.0082398 seconds
Number of updated asset objects reloaded before import = 0Number of asset objects unloaded after import = 3

========================================================================
Received Import Request.
  Time since last request: 0.000838 seconds.
  path: Assets/Art/Ground/Terrain (16x16)_87.asset
  artifactKey: Guid(f2723cc84a5c41747b24bf2ba66aa34a) Importer(815301076,1909f56bfc062723c751e8b465ee728b)
Start importing Assets/Art/Ground/Terrain (16x16)_87.asset using Guid(f2723cc84a5c41747b24bf2ba66aa34a) Importer(815301076,1909f56bfc062723c751e8b465ee728b) (PreviewImporter) -> (artifact id: '0b506f04ebe95292649b67a4e78fe444') in 0.0107993 seconds
Number of updated asset objects reloaded before import = 0Number of asset objects unloaded after import = 3

========================================================================
Received Import Request.
  Time since last request: 0.301125 seconds.
  path: Assets/Art/Ground/Terrain (16x16)_91.asset
  artifactKey: Guid(5b4c22a858385c04e868a46c46910f30) Importer(815301076,1909f56bfc062723c751e8b465ee728b)
Start importing Assets/Art/Ground/Terrain (16x16)_91.asset using Guid(5b4c22a858385c04e868a46c46910f30) Importer(815301076,1909f56bfc062723c751e8b465ee728b) (PreviewImporter) -> (artifact id: '84837e92cdc86144352fd670b463d480') in 0.0085391 seconds
Number of updated asset objects reloaded before import = 0Number of asset objects unloaded after import = 3

========================================================================
Received Import Request.
  Time since last request: 0.019600 seconds.
  path: Assets/Art/Ground/Terrain (16x16)_95.asset
  artifactKey: Guid(adcd1f19db7d4f84096c398573813d17) Importer(815301076,1909f56bfc062723c751e8b465ee728b)
Start importing Assets/Art/Ground/Terrain (16x16)_95.asset using Guid(adcd1f19db7d4f84096c398573813d17) Importer(815301076,1909f56bfc062723c751e8b465ee728b) (PreviewImporter) -> (artifact id: 'da959c0f73b6f40cdfd6162d598780a2') in 0.0067922 seconds
Number of updated asset objects reloaded before import = 0Number of asset objects unloaded after import = 3

========================================================================
Received Import Request.
  Time since last request: 0.007835 seconds.
  path: Assets/Art/Ground/Terrain (16x16)_99.asset
  artifactKey: Guid(b2dc6f03d4a2d394487ccf9377fd87f1) Importer(815301076,1909f56bfc062723c751e8b465ee728b)
Start importing Assets/Art/Ground/Terrain (16x16)_99.asset using Guid(b2dc6f03d4a2d394487ccf9377fd87f1) Importer(815301076,1909f56bfc062723c751e8b465ee728b) (PreviewImporter) -> (artifact id: 'd68c444b6d0f9abe7270488f60829662') in 0.0107742 seconds
Number of updated asset objects reloaded before import = 0Number of asset objects unloaded after import = 3

========================================================================
Received Import Request.
  Time since last request: 0.265380 seconds.
  path: Assets/Art/Ground/Terrain (16x16)_103.asset
  artifactKey: Guid(409f65b8503ad8745898405d1ac5ab1b) Importer(815301076,1909f56bfc062723c751e8b465ee728b)
Start importing Assets/Art/Ground/Terrain (16x16)_103.asset using Guid(409f65b8503ad8745898405d1ac5ab1b) Importer(815301076,1909f56bfc062723c751e8b465ee728b) (PreviewImporter) -> (artifact id: '0dcc1088a8a0ae6d87ecfe2a3ab4e670') in 0.0087861 seconds
Number of updated asset objects reloaded before import = 0Number of asset objects unloaded after import = 3

========================================================================
Received Import Request.
  Time since last request: 0.030393 seconds.
  path: Assets/Art/Ground/Terrain (16x16)_107.asset
  artifactKey: Guid(68c2acb8a5f235d409991c277a64470e) Importer(815301076,1909f56bfc062723c751e8b465ee728b)
Start importing Assets/Art/Ground/Terrain (16x16)_107.asset using Guid(68c2acb8a5f235d409991c277a64470e) Importer(815301076,1909f56bfc062723c751e8b465ee728b) (PreviewImporter) -> (artifact id: '6f621413006234e5005f9b5758b51fcc') in 0.005828 seconds
Number of updated asset objects reloaded before import = 0Number of asset objects unloaded after import = 3

========================================================================
Received Import Request.
  Time since last request: 0.000017 seconds.
  path: Assets/Art/Ground/Terrain (16x16)_112.asset
  artifactKey: Guid(cd03c87915ccf164ab4ec1c7f18f286e) Importer(815301076,1909f56bfc062723c751e8b465ee728b)
Start importing Assets/Art/Ground/Terrain (16x16)_112.asset using Guid(cd03c87915ccf164ab4ec1c7f18f286e) Importer(815301076,1909f56bfc062723c751e8b465ee728b) (PreviewImporter) -> (artifact id: '443656c0f9c69517e7dc590298cb4c79') in 0.0102374 seconds
Number of updated asset objects reloaded before import = 0Number of asset objects unloaded after import = 3

========================================================================
Received Import Request.
  Time since last request: 0.279237 seconds.
  path: Assets/Art/Ground/Terrain (16x16)_115.asset
  artifactKey: Guid(4e92ca8e7e3f3ce418efde842a98bb58) Importer(815301076,1909f56bfc062723c751e8b465ee728b)
Start importing Assets/Art/Ground/Terrain (16x16)_115.asset using Guid(4e92ca8e7e3f3ce418efde842a98bb58) Importer(815301076,1909f56bfc062723c751e8b465ee728b) (PreviewImporter) -> (artifact id: 'c3b4c23fb10c890b90196d84c10980c7') in 0.0074806 seconds
Number of updated asset objects reloaded before import = 0Number of asset objects unloaded after import = 3

========================================================================
Received Import Request.
  Time since last request: 0.008892 seconds.
  path: Assets/Art/Ground/Terrain (16x16)_119.asset
  artifactKey: Guid(d5660d0fddd43044c827af0f4036b75f) Importer(815301076,1909f56bfc062723c751e8b465ee728b)
Start importing Assets/Art/Ground/Terrain (16x16)_119.asset using Guid(d5660d0fddd43044c827af0f4036b75f) Importer(815301076,1909f56bfc062723c751e8b465ee728b) (PreviewImporter) -> (artifact id: '4fa144e83084a83d1c535ac5b60b8408') in 0.0083607 seconds
Number of updated asset objects reloaded before import = 0Number of asset objects unloaded after import = 3

========================================================================
Received Import Request.
  Time since last request: 0.031716 seconds.
  path: Assets/Art/Ground/Terrain (16x16)_123.asset
  artifactKey: Guid(054ae69cfcb6a104ca10c848dabb6df6) Importer(815301076,1909f56bfc062723c751e8b465ee728b)
Start importing Assets/Art/Ground/Terrain (16x16)_123.asset using Guid(054ae69cfcb6a104ca10c848dabb6df6) Importer(815301076,1909f56bfc062723c751e8b465ee728b) (PreviewImporter) -> (artifact id: '0a1bab81051d072012f344a612128c0b') in 0.0170648 seconds
Number of updated asset objects reloaded before import = 0Number of asset objects unloaded after import = 3

========================================================================
Received Import Request.
  Time since last request: 0.016037 seconds.
  path: Assets/Art/Ground/Terrain (16x16)_127.asset
  artifactKey: Guid(1516851c66564dd40b1fd720c3d329f3) Importer(815301076,1909f56bfc062723c751e8b465ee728b)
Start importing Assets/Art/Ground/Terrain (16x16)_127.asset using Guid(1516851c66564dd40b1fd720c3d329f3) Importer(815301076,1909f56bfc062723c751e8b465ee728b) (PreviewImporter) -> (artifact id: '4b741604ad20a24ba32cc69dd7f7fa6d') in 0.0069319 seconds
Number of updated asset objects reloaded before import = 0Number of asset objects unloaded after import = 3

Editor requested this worker to shutdown with reason: Scaling down because of idle timeout
AssetImportWorker is now disconnected from the server
Process exiting
Exiting without the bug reporter. Application will terminate with return code 0