Built from '6000.2/staging' branch; Version is '6000.2.6f1 (cc51a95c0300) revision 13390249'; Using compiler version '194234433'; Build Type 'Release'
[Licensing::Module] Trying to connect to existing licensing client channel...
OS: 'Windows 11  (10.0.22631) 64bit Professional' Language: 'en' Physical Memory: 15606 MB
BatchMode: 1, IsHumanControllingUs: 0, StartBugReporterOnCrash: 0, Is64bit: 1
Date: 2025-10-22T09:35:27Z
[Licensing::IpcConnector] Successfully connected to: "LicenseClient-Híu" at "2025-10-22T09:35:27.9257753Z"

COMMAND LINE ARGUMENTS:
C:\Program Files\Unity\Hub\Editor\6000.2.6f1\Editor\Unity.exe
-adb2
-batchMode
-noUpm
-name
AssetImportWorker6
-projectPath
C:/Users/trand/Documents/code/game-pixel-adventure-G8
-logFile
Logs/AssetImportWorker6.log
-srvPort
58587
-licensingIpc
LicenseClient-Híu
-job-worker-count
7
-background-job-worker-count
8
-gc-helper-count
1
-name
AssetImport
Successfully changed project path to: C:/Users/trand/Documents/code/game-pixel-adventure-G8
C:/Users/trand/Documents/code/game-pixel-adventure-G8
[UnityMemory] Configuration Parameters - Can be set up in boot.config
    "memorysetup-allocator-temp-initial-block-size-main=262144"
    "memorysetup-allocator-temp-initial-block-size-worker=262144"
    "memorysetup-bucket-allocator-granularity=16"
    "memorysetup-bucket-allocator-bucket-count=8"
    "memorysetup-bucket-allocator-block-size=33554432"
    "memorysetup-bucket-allocator-block-count=8"
    "memorysetup-main-allocator-block-size=16777216"
    "memorysetup-thread-allocator-block-size=16777216"
    "memorysetup-gfx-main-allocator-block-size=16777216"
    "memorysetup-gfx-thread-allocator-block-size=16777216"
    "memorysetup-cache-allocator-block-size=4194304"
    "memorysetup-typetree-allocator-block-size=2097152"
    "memorysetup-profiler-bucket-allocator-granularity=16"
    "memorysetup-profiler-bucket-allocator-bucket-count=8"
    "memorysetup-profiler-bucket-allocator-block-size=33554432"
    "memorysetup-profiler-bucket-allocator-block-count=8"
    "memorysetup-profiler-allocator-block-size=16777216"
    "memorysetup-profiler-editor-allocator-block-size=1048576"
    "memorysetup-temp-allocator-size-main=16777216"
    "memorysetup-job-temp-allocator-block-size=2097152"
    "memorysetup-job-temp-allocator-block-size-background=1048576"
    "memorysetup-job-temp-allocator-reduction-small-platforms=262144"
    "memorysetup-temp-allocator-size-background-worker=32768"
    "memorysetup-temp-allocator-size-job-worker=262144"
    "memorysetup-temp-allocator-size-preload-manager=33554432"
    "memorysetup-temp-allocator-size-nav-mesh-worker=65536"
    "memorysetup-temp-allocator-size-audio-worker=65536"
    "memorysetup-temp-allocator-size-cloud-worker=32768"
    "memorysetup-temp-allocator-size-gi-baking-worker=262144"
    "memorysetup-temp-allocator-size-gi-baking-worker=262144"
    "memorysetup-temp-allocator-size-gi-baking-worker=262144"
    "memorysetup-temp-allocator-size-gi-baking-worker=262144"
    "memorysetup-temp-allocator-size-gi-baking-worker=262144"
    "memorysetup-temp-allocator-size-gfx=262144"
Player connection [8780]  Target information:

Player connection [8780]  * "[IP] 172.21.176.1 [Port] 0 [Flags] 2 [Guid] 3469161118 [EditorId] 3469161118 [Version] 1048832 [Id] WindowsEditor(7,DESKTOP-KQGGDKQ) [Debug] 1 [PackageName] WindowsEditor [ProjectName] Editor" 

Player connection [8780]  * "[IP] 172.16.0.2 [Port] 0 [Flags] 2 [Guid] 3469161118 [EditorId] 3469161118 [Version] 1048832 [Id] WindowsEditor(7,DESKTOP-KQGGDKQ) [Debug] 1 [PackageName] WindowsEditor [ProjectName] Editor" 

Player connection [8780]  * "[IP] 192.168.100.69 [Port] 0 [Flags] 2 [Guid] 3469161118 [EditorId] 3469161118 [Version] 1048832 [Id] WindowsEditor(7,DESKTOP-KQGGDKQ) [Debug] 1 [PackageName] WindowsEditor [ProjectName] Editor" 

Player connection [8780] Host joined multi-casting on [225.0.0.222:54997]...
Player connection [8780] Host joined alternative multi-casting on [225.0.0.222:34997]...
JobSystem: Creating JobQueue using job-worker-count value 7
Input System module state changed to: Initialized.
[Physics::Module] Initialized fallback backend.
[Physics::Module] Id: 0xdecafbad
[Licensing::Client] Code 10 while verifying Licensing Client signature (process Id: 13960, path: "C:/Program Files/Unity Hub/UnityLicensingClient_V1/Unity.Licensing.Client.exe")
[Licensing::Module] LicensingClient has failed validation; ignoring
[Licensing::Client] Handshaking with LicensingClient:
  Version:                 1.17.3+a4e98f1
  Session Id:              6e0bffc67c1d453e91af4b03312230ee
  Correlation Id:          810fc0c69dfb65b87449e0fe76cc9d61
  External correlation Id: 9189424183681585680
  Machine Id:              ubQtK9t/8iWhmZWiigog6lzgitI=
[Licensing::Module] Successfully connected to LicensingClient on channel: "LicenseClient-Híu" (connect: 0.00s, validation: 0.00s, handshake: 0.09s)
[Licensing::IpcConnector] Successfully connected to: "LicenseClient-Híu-notifications" at "2025-10-22T09:35:28.0204127Z"
[Licensing::Module] Licensing Background thread has ended after 0.10s
Library Redirect Path: Library/
[Physics::Module] Selected backend.
[Physics::Module] Name: PhysX
[Physics::Module] Id: 0xf2b8ea05
[Physics::Module] SDK Version: 4.1.2
[Physics::Module] Integration Version: 1.0.0
[Physics::Module] Threading Mode: Multi-Threaded
Refreshing native plugins compatible for Editor in 0.00 ms, found 0 plugins.
Preloading 0 native plugins for Editor in 0.00 ms.
Initialize engine version: 6000.2.6f1 (cc51a95c0300)
[Subsystems] Discovering subsystems at path C:/Program Files/Unity/Hub/Editor/6000.2.6f1/Editor/Data/Resources/UnitySubsystems
[Subsystems] Discovering subsystems at path C:/Users/trand/Documents/code/game-pixel-adventure-G8/Assets
GfxDevice: creating device client; kGfxThreadingModeNonThreaded
d3d12: failed to query info queue interface (0x80004002).
Direct3D:
    Version:         Direct3D 12 [level 12.1]
    Renderer:        Intel(R) Iris(R) Xe Graphics (ID=0x46a6)
    Vendor:          Intel
    VRAM:            7803 MB
    App VRAM Budget: 7157 MB
    Driver:          32.0.101.6881
    Unified Memory Architecture
    Cache Coherent UMA
Initialize mono
Mono path[0] = 'C:/Program Files/Unity/Hub/Editor/6000.2.6f1/Editor/Data/Managed'
Mono path[1] = 'C:/Program Files/Unity/Hub/Editor/6000.2.6f1/Editor/Data/MonoBleedingEdge/lib/mono/unityjit-win32'
Mono config path = 'C:/Program Files/Unity/Hub/Editor/6000.2.6f1/Editor/Data/MonoBleedingEdge/etc'
Using monoOptions --debugger-agent=transport=dt_socket,embedding=1,server=y,suspend=n,address=127.0.0.1:56528
Begin MonoManager ReloadAssembly
Registering precompiled unity dll's ...
Register platform support module: C:/Program Files/Unity/Hub/Editor/6000.2.6f1/Editor/Data/PlaybackEngines/WindowsStandaloneSupport/UnityEditor.WindowsStandalone.Extensions.dll
Registered in 0.001057 seconds.
- Loaded All Assemblies, in  0.384 seconds
Native extension for WindowsStandalone target not found
Mono: successfully reloaded assembly
- Finished resetting the current domain, in  0.375 seconds
Domain Reload Profiling: 759ms
	BeginReloadAssembly (143ms)
		ExecutionOrderSort (0ms)
		DisableScriptedObjects (0ms)
		BackupInstance (0ms)
		ReleaseScriptingObjects (0ms)
		CreateAndSetChildDomain (1ms)
	RebuildCommonClasses (33ms)
	RebuildNativeTypeToScriptingClass (10ms)
	initialDomainReloadingComplete (45ms)
	LoadAllAssembliesAndSetupDomain (152ms)
		LoadAssemblies (140ms)
		RebuildTransferFunctionScriptingTraits (0ms)
		AnalyzeDomain (150ms)
			TypeCache.Refresh (148ms)
				TypeCache.ScanAssembly (134ms)
			BuildScriptInfoCaches (0ms)
			ResolveRequiredComponents (0ms)
	FinalizeReload (376ms)
		ReleaseScriptCaches (0ms)
		RebuildScriptCaches (0ms)
		SetupLoadedEditorAssemblies (332ms)
			LogAssemblyErrors (0ms)
			InitializePlatformSupportModulesInManaged (45ms)
			SetLoadedEditorAssemblies (4ms)
			BeforeProcessingInitializeOnLoad (67ms)
			ProcessInitializeOnLoadAttributes (141ms)
			ProcessInitializeOnLoadMethodAttributes (74ms)
			AfterProcessingInitializeOnLoad (0ms)
			EditorAssembliesLoaded (0ms)
		ExecutionOrderSort2 (0ms)
		AwakeInstancesAfterBackupRestoration (0ms)
Assembly reference Packages/com.unity.cinemachine/Editor/Samples/ExposeHDRPInternals/HDRP-Editor-ref.asmref has no target assembly definition
========================================================================
Worker process is ready to serve import requests
Import Worker Mode flag is 0x00
Assembly reference Packages/com.unity.cinemachine/Editor/Samples/ExposeHDRPInternals/HDRP-Editor-ref.asmref has no target assembly definition
Assembly reference Packages/com.unity.cinemachine/Editor/Samples/ExposeHDRPInternals/HDRP-Editor-ref.asmref has no target assembly definition
Begin MonoManager ReloadAssembly
[Licensing::Client] Successfully resolved entitlement details
[Licensing::Module] License group:
  Id: ewogICJzdWJzR3JvdXAiIDogInVuaXR5IGVkaXRvciIsCiAgIm5hbWVzcGFjZSIgOiAidW5pdHlfZWRpdG9yIiwKICAidHlwZSIgOiAiRURJVE9SIiwKICAidGFnIiA6ICJVbml0eVBlcnNvbmFsXXXX
  Product: Unity Personal Version
  Type: Assigned
  Expiration: Unlimited
- Loaded All Assemblies, in  0.272 seconds
Assembly reference Packages/com.unity.cinemachine/Editor/Samples/ExposeHDRPInternals/HDRP-Editor-ref.asmref has no target assembly definition
'Packages/com.unity.cinemachine/Editor/Obsolete/CinemachineVirtualCameraBaseEditor.cs' contains partial class of Unity.Object, exactly 1 of the partial classes needs to be in a file with the same filename. This is to know the one that can be referenced from ie. GameObjects
'Packages/com.unity.cinemachine/Editor/Editors/CinemachineVirtualCameraBaseEditor.cs' contains partial class of Unity.Object, exactly 1 of the partial classes needs to be in a file with the same filename. This is to know the one that can be referenced from ie. GameObjects
Refreshing native plugins compatible for Editor in 0.00 ms, found 0 plugins.
Native extension for WindowsStandalone target not found
Assembly reference Packages/com.unity.cinemachine/Editor/Samples/ExposeHDRPInternals/HDRP-Editor-ref.asmref has no target assembly definition
Package Manager log level set to [2]
[Package Manager] Failed to launch server process. Reason: Unity was launched with the -noUpm command-line argument
[Package Manager] Unable to send message (not connected to server process).
[Package Manager] Cannot connect to Unity Package Manager local server
Mono: successfully reloaded assembly
- Finished resetting the current domain, in  0.369 seconds
Domain Reload Profiling: 640ms
	BeginReloadAssembly (166ms)
		ExecutionOrderSort (0ms)
		DisableScriptedObjects (5ms)
		BackupInstance (0ms)
		ReleaseScriptingObjects (0ms)
		CreateAndSetChildDomain (29ms)
	RebuildCommonClasses (33ms)
	RebuildNativeTypeToScriptingClass (11ms)
	initialDomainReloadingComplete (18ms)
	LoadAllAssembliesAndSetupDomain (42ms)
		LoadAssemblies (97ms)
		RebuildTransferFunctionScriptingTraits (0ms)
		AnalyzeDomain (35ms)
			TypeCache.Refresh (23ms)
				TypeCache.ScanAssembly (19ms)
			BuildScriptInfoCaches (8ms)
			ResolveRequiredComponents (3ms)
	FinalizeReload (369ms)
		ReleaseScriptCaches (0ms)
		RebuildScriptCaches (0ms)
		SetupLoadedEditorAssemblies (274ms)
			LogAssemblyErrors (0ms)
			InitializePlatformSupportModulesInManaged (2ms)
			SetLoadedEditorAssemblies (2ms)
			BeforeProcessingInitializeOnLoad (79ms)
			ProcessInitializeOnLoadAttributes (154ms)
			ProcessInitializeOnLoadMethodAttributes (32ms)
			AfterProcessingInitializeOnLoad (4ms)
			EditorAssembliesLoaded (0ms)
		ExecutionOrderSort2 (0ms)
		AwakeInstancesAfterBackupRestoration (6ms)
Launched and connected shader compiler UnityShaderCompiler.exe after 0.01 seconds
Refreshing native plugins compatible for Editor in 0.00 ms, found 0 plugins.
Preloading 0 native plugins for Editor in 0.00 ms.
Unloading 1 Unused Serialized files (Serialized files now loaded: 0)
Unloading 1157 unused Assets / (352.7 KB). Loaded Objects now: 1661.
Memory consumption went from 61.0 MB to 60.6 MB.
Total: 3.646200 ms (FindLiveObjects: 0.104400 ms CreateObjectMapping: 0.052400 ms MarkObjects: 3.233400 ms  DeleteObjects: 0.255400 ms)

========================================================================
Received Import Request.
  Time since last request: 13792.644285 seconds.
  path: Assets/Sprites/UI/Terrain (16x16).png
  artifactKey: Guid(9fc1462d9ee766048a032435f78739d8) Importer(815301076,1909f56bfc062723c751e8b465ee728b)
Start importing Assets/Sprites/UI/Terrain (16x16).png using Guid(9fc1462d9ee766048a032435f78739d8) Importer(815301076,1909f56bfc062723c751e8b465ee728b) (PreviewImporter) -> (artifact id: 'e9965f81d39f514245f1424e0ae625aa') in 0.5734343 seconds
Number of updated asset objects reloaded before import = 0Number of asset objects unloaded after import = 146

========================================================================
Received Import Request.
  Time since last request: 12.432359 seconds.
  path: Assets/Art/New Tile Palette.prefab
  artifactKey: Guid(f0d0f861dfcd9de4db9e8646a61f238e) Importer(815301076,1909f56bfc062723c751e8b465ee728b)
Start importing Assets/Art/New Tile Palette.prefab using Guid(f0d0f861dfcd9de4db9e8646a61f238e) Importer(815301076,1909f56bfc062723c751e8b465ee728b) (PreviewImporter) -> (artifact id: '8264ac8d0b596f208162a71d6607ee58') in 0.0436383 seconds
Number of updated asset objects reloaded before import = 0Number of asset objects unloaded after import = 10

========================================================================
Received Import Request.
  Time since last request: 0.605625 seconds.
  path: Assets/Art/New Tile Palette.prefab
  artifactKey: Guid(f0d0f861dfcd9de4db9e8646a61f238e) Importer(815301076,1909f56bfc062723c751e8b465ee728b)
Start importing Assets/Art/New Tile Palette.prefab using Guid(f0d0f861dfcd9de4db9e8646a61f238e) Importer(815301076,1909f56bfc062723c751e8b465ee728b) (PreviewImporter) -> (artifact id: '80e297c17206da3a4cfc22885ec06962') in 0.0446323 seconds
Number of updated asset objects reloaded before import = 0Number of asset objects unloaded after import = 299

========================================================================
Received Import Request.
  Time since last request: 89.813522 seconds.
  path: ProjectSettings/TagManager.asset
  artifactKey: Guid(00000000000000003000000000000000) Importer(815301076,1909f56bfc062723c751e8b465ee728b)
Start importing ProjectSettings/TagManager.asset using Guid(00000000000000003000000000000000) Importer(815301076,1909f56bfc062723c751e8b465ee728b) (PreviewImporter) -> (artifact id: '7fc3161e1a0387d6ade66a375686d86b') in 0.0011054 seconds
Number of updated asset objects reloaded before import = 0Number of asset objects unloaded after import = 0

========================================================================
Received Prepare
Assembly reference Packages/com.unity.cinemachine/Editor/Samples/ExposeHDRPInternals/HDRP-Editor-ref.asmref has no target assembly definition
Assembly reference Packages/com.unity.cinemachine/Editor/Samples/ExposeHDRPInternals/HDRP-Editor-ref.asmref has no target assembly definition
Begin MonoManager ReloadAssembly
[Licensing::Client] Successfully resolved entitlement details
- Loaded All Assemblies, in  0.310 seconds
Assembly reference Packages/com.unity.cinemachine/Editor/Samples/ExposeHDRPInternals/HDRP-Editor-ref.asmref has no target assembly definition
'Packages/com.unity.cinemachine/Editor/Obsolete/CinemachineVirtualCameraBaseEditor.cs' contains partial class of Unity.Object, exactly 1 of the partial classes needs to be in a file with the same filename. This is to know the one that can be referenced from ie. GameObjects
'Packages/com.unity.cinemachine/Editor/Editors/CinemachineVirtualCameraBaseEditor.cs' contains partial class of Unity.Object, exactly 1 of the partial classes needs to be in a file with the same filename. This is to know the one that can be referenced from ie. GameObjects
Refreshing native plugins compatible for Editor in 0.00 ms, found 0 plugins.
Native extension for WindowsStandalone target not found
Assembly reference Packages/com.unity.cinemachine/Editor/Samples/ExposeHDRPInternals/HDRP-Editor-ref.asmref has no target assembly definition
[Package Manager] Failed to launch server process. Reason: Unity was launched with the -noUpm command-line argument
[Package Manager] Unable to send message (not connected to server process).
[Package Manager] Cannot connect to Unity Package Manager local server
Mono: successfully reloaded assembly
- Finished resetting the current domain, in  0.363 seconds
Domain Reload Profiling: 672ms
	BeginReloadAssembly (198ms)
		ExecutionOrderSort (0ms)
		DisableScriptedObjects (9ms)
		BackupInstance (0ms)
		ReleaseScriptingObjects (0ms)
		CreateAndSetChildDomain (32ms)
	RebuildCommonClasses (38ms)
	RebuildNativeTypeToScriptingClass (11ms)
	initialDomainReloadingComplete (21ms)
	LoadAllAssembliesAndSetupDomain (41ms)
		LoadAssemblies (108ms)
		RebuildTransferFunctionScriptingTraits (0ms)
		AnalyzeDomain (32ms)
			TypeCache.Refresh (4ms)
				TypeCache.ScanAssembly (0ms)
			BuildScriptInfoCaches (24ms)
			ResolveRequiredComponents (3ms)
	FinalizeReload (364ms)
		ReleaseScriptCaches (0ms)
		RebuildScriptCaches (0ms)
		SetupLoadedEditorAssemblies (276ms)
			LogAssemblyErrors (0ms)
			InitializePlatformSupportModulesInManaged (2ms)
			SetLoadedEditorAssemblies (4ms)
			BeforeProcessingInitializeOnLoad (86ms)
			ProcessInitializeOnLoadAttributes (156ms)
			ProcessInitializeOnLoadMethodAttributes (25ms)
			AfterProcessingInitializeOnLoad (4ms)
			EditorAssembliesLoaded (0ms)
		ExecutionOrderSort2 (0ms)
		AwakeInstancesAfterBackupRestoration (6ms)
Refreshing native plugins compatible for Editor in 0.00 ms, found 0 plugins.
Preloading 0 native plugins for Editor in 0.00 ms.
Unloading 1 Unused Serialized files (Serialized files now loaded: 0)
Unloading 1156 unused Assets / (242.3 KB). Loaded Objects now: 1675.
Memory consumption went from 68.5 MB to 68.3 MB.
Total: 3.901900 ms (FindLiveObjects: 0.196500 ms CreateObjectMapping: 0.069700 ms MarkObjects: 3.408500 ms  DeleteObjects: 0.225800 ms)

Prepare: number of updated asset objects reloaded= 0
========================================================================
Received Prepare
Assembly reference Packages/com.unity.cinemachine/Editor/Samples/ExposeHDRPInternals/HDRP-Editor-ref.asmref has no target assembly definition
Assembly reference Packages/com.unity.cinemachine/Editor/Samples/ExposeHDRPInternals/HDRP-Editor-ref.asmref has no target assembly definition
Begin MonoManager ReloadAssembly
- Loaded All Assemblies, in  0.259 seconds
Assembly reference Packages/com.unity.cinemachine/Editor/Samples/ExposeHDRPInternals/HDRP-Editor-ref.asmref has no target assembly definition
'Packages/com.unity.cinemachine/Editor/Obsolete/CinemachineVirtualCameraBaseEditor.cs' contains partial class of Unity.Object, exactly 1 of the partial classes needs to be in a file with the same filename. This is to know the one that can be referenced from ie. GameObjects
'Packages/com.unity.cinemachine/Editor/Editors/CinemachineVirtualCameraBaseEditor.cs' contains partial class of Unity.Object, exactly 1 of the partial classes needs to be in a file with the same filename. This is to know the one that can be referenced from ie. GameObjects
Refreshing native plugins compatible for Editor in 0.00 ms, found 0 plugins.
Native extension for WindowsStandalone target not found
Assembly reference Packages/com.unity.cinemachine/Editor/Samples/ExposeHDRPInternals/HDRP-Editor-ref.asmref has no target assembly definition
[Package Manager] Failed to launch server process. Reason: Unity was launched with the -noUpm command-line argument
[Package Manager] Unable to send message (not connected to server process).
[Package Manager] Cannot connect to Unity Package Manager local server
Mono: successfully reloaded assembly
- Finished resetting the current domain, in  0.352 seconds
Domain Reload Profiling: 611ms
	BeginReloadAssembly (153ms)
		ExecutionOrderSort (0ms)
		DisableScriptedObjects (5ms)
		BackupInstance (0ms)
		ReleaseScriptingObjects (0ms)
		CreateAndSetChildDomain (27ms)
	RebuildCommonClasses (32ms)
	RebuildNativeTypeToScriptingClass (10ms)
	initialDomainReloadingComplete (17ms)
	LoadAllAssembliesAndSetupDomain (46ms)
		LoadAssemblies (93ms)
		RebuildTransferFunctionScriptingTraits (0ms)
		AnalyzeDomain (39ms)
			TypeCache.Refresh (3ms)
				TypeCache.ScanAssembly (0ms)
			BuildScriptInfoCaches (26ms)
			ResolveRequiredComponents (7ms)
	FinalizeReload (353ms)
		ReleaseScriptCaches (0ms)
		RebuildScriptCaches (0ms)
		SetupLoadedEditorAssemblies (266ms)
			LogAssemblyErrors (0ms)
			InitializePlatformSupportModulesInManaged (1ms)
			SetLoadedEditorAssemblies (4ms)
			BeforeProcessingInitializeOnLoad (88ms)
			ProcessInitializeOnLoadAttributes (140ms)
			ProcessInitializeOnLoadMethodAttributes (29ms)
			AfterProcessingInitializeOnLoad (4ms)
			EditorAssembliesLoaded (0ms)
		ExecutionOrderSort2 (0ms)
		AwakeInstancesAfterBackupRestoration (7ms)
Refreshing native plugins compatible for Editor in 0.00 ms, found 0 plugins.
Preloading 0 native plugins for Editor in 0.00 ms.
Unloading 1 Unused Serialized files (Serialized files now loaded: 0)
Unloading 1155 unused Assets / (354.3 KB). Loaded Objects now: 1675.
Memory consumption went from 68.7 MB to 68.3 MB.
Total: 4.811300 ms (FindLiveObjects: 0.131100 ms CreateObjectMapping: 0.052500 ms MarkObjects: 4.243100 ms  DeleteObjects: 0.383200 ms)

Prepare: number of updated asset objects reloaded= 0
========================================================================
Received Prepare
Assembly reference Packages/com.unity.cinemachine/Editor/Samples/ExposeHDRPInternals/HDRP-Editor-ref.asmref has no target assembly definition
Assembly reference Packages/com.unity.cinemachine/Editor/Samples/ExposeHDRPInternals/HDRP-Editor-ref.asmref has no target assembly definition
Begin MonoManager ReloadAssembly
[Licensing::Client] Successfully resolved entitlement details
- Loaded All Assemblies, in  0.294 seconds
Assembly reference Packages/com.unity.cinemachine/Editor/Samples/ExposeHDRPInternals/HDRP-Editor-ref.asmref has no target assembly definition
'Packages/com.unity.cinemachine/Editor/Obsolete/CinemachineVirtualCameraBaseEditor.cs' contains partial class of Unity.Object, exactly 1 of the partial classes needs to be in a file with the same filename. This is to know the one that can be referenced from ie. GameObjects
'Packages/com.unity.cinemachine/Editor/Editors/CinemachineVirtualCameraBaseEditor.cs' contains partial class of Unity.Object, exactly 1 of the partial classes needs to be in a file with the same filename. This is to know the one that can be referenced from ie. GameObjects
Refreshing native plugins compatible for Editor in 0.00 ms, found 0 plugins.
Native extension for WindowsStandalone target not found
Assembly reference Packages/com.unity.cinemachine/Editor/Samples/ExposeHDRPInternals/HDRP-Editor-ref.asmref has no target assembly definition
[Package Manager] Failed to launch server process. Reason: Unity was launched with the -noUpm command-line argument
[Package Manager] Unable to send message (not connected to server process).
[Package Manager] Cannot connect to Unity Package Manager local server
Mono: successfully reloaded assembly
- Finished resetting the current domain, in  0.381 seconds
Domain Reload Profiling: 674ms
	BeginReloadAssembly (182ms)
		ExecutionOrderSort (0ms)
		DisableScriptedObjects (6ms)
		BackupInstance (0ms)
		ReleaseScriptingObjects (0ms)
		CreateAndSetChildDomain (29ms)
	RebuildCommonClasses (38ms)
	RebuildNativeTypeToScriptingClass (11ms)
	initialDomainReloadingComplete (19ms)
	LoadAllAssembliesAndSetupDomain (42ms)
		LoadAssemblies (106ms)
		RebuildTransferFunctionScriptingTraits (0ms)
		AnalyzeDomain (33ms)
			TypeCache.Refresh (4ms)
				TypeCache.ScanAssembly (0ms)
			BuildScriptInfoCaches (24ms)
			ResolveRequiredComponents (4ms)
	FinalizeReload (381ms)
		ReleaseScriptCaches (0ms)
		RebuildScriptCaches (0ms)
		SetupLoadedEditorAssemblies (278ms)
			LogAssemblyErrors (0ms)
			InitializePlatformSupportModulesInManaged (2ms)
			SetLoadedEditorAssemblies (4ms)
			BeforeProcessingInitializeOnLoad (86ms)
			ProcessInitializeOnLoadAttributes (154ms)
			ProcessInitializeOnLoadMethodAttributes (28ms)
			AfterProcessingInitializeOnLoad (4ms)
			EditorAssembliesLoaded (0ms)
		ExecutionOrderSort2 (0ms)
		AwakeInstancesAfterBackupRestoration (6ms)
Refreshing native plugins compatible for Editor in 0.00 ms, found 0 plugins.
Preloading 0 native plugins for Editor in 0.00 ms.
Unloading 1 Unused Serialized files (Serialized files now loaded: 0)
Unloading 1155 unused Assets / (249.9 KB). Loaded Objects now: 1675.
Memory consumption went from 68.8 MB to 68.6 MB.
Total: 3.697800 ms (FindLiveObjects: 0.112800 ms CreateObjectMapping: 0.056100 ms MarkObjects: 3.227900 ms  DeleteObjects: 0.299600 ms)

Prepare: number of updated asset objects reloaded= 0
========================================================================
Received Prepare
Assembly reference Packages/com.unity.cinemachine/Editor/Samples/ExposeHDRPInternals/HDRP-Editor-ref.asmref has no target assembly definition
Assembly reference Packages/com.unity.cinemachine/Editor/Samples/ExposeHDRPInternals/HDRP-Editor-ref.asmref has no target assembly definition
Begin MonoManager ReloadAssembly
[Licensing::Client] Successfully resolved entitlement details
- Loaded All Assemblies, in  0.283 seconds
Assembly reference Packages/com.unity.cinemachine/Editor/Samples/ExposeHDRPInternals/HDRP-Editor-ref.asmref has no target assembly definition
'Packages/com.unity.cinemachine/Editor/Obsolete/CinemachineVirtualCameraBaseEditor.cs' contains partial class of Unity.Object, exactly 1 of the partial classes needs to be in a file with the same filename. This is to know the one that can be referenced from ie. GameObjects
'Packages/com.unity.cinemachine/Editor/Editors/CinemachineVirtualCameraBaseEditor.cs' contains partial class of Unity.Object, exactly 1 of the partial classes needs to be in a file with the same filename. This is to know the one that can be referenced from ie. GameObjects
Refreshing native plugins compatible for Editor in 0.00 ms, found 0 plugins.
Native extension for WindowsStandalone target not found
Assembly reference Packages/com.unity.cinemachine/Editor/Samples/ExposeHDRPInternals/HDRP-Editor-ref.asmref has no target assembly definition
[Package Manager] Failed to launch server process. Reason: Unity was launched with the -noUpm command-line argument
[Package Manager] Unable to send message (not connected to server process).
[Package Manager] Cannot connect to Unity Package Manager local server
Mono: successfully reloaded assembly
- Finished resetting the current domain, in  0.411 seconds
Domain Reload Profiling: 692ms
	BeginReloadAssembly (181ms)
		ExecutionOrderSort (0ms)
		DisableScriptedObjects (7ms)
		BackupInstance (0ms)
		ReleaseScriptingObjects (0ms)
		CreateAndSetChildDomain (32ms)
	RebuildCommonClasses (33ms)
	RebuildNativeTypeToScriptingClass (11ms)
	initialDomainReloadingComplete (18ms)
	LoadAllAssembliesAndSetupDomain (38ms)
		LoadAssemblies (107ms)
		RebuildTransferFunctionScriptingTraits (0ms)
		AnalyzeDomain (30ms)
			TypeCache.Refresh (4ms)
				TypeCache.ScanAssembly (0ms)
			BuildScriptInfoCaches (21ms)
			ResolveRequiredComponents (3ms)
	FinalizeReload (411ms)
		ReleaseScriptCaches (0ms)
		RebuildScriptCaches (0ms)
		SetupLoadedEditorAssemblies (294ms)
			LogAssemblyErrors (0ms)
			InitializePlatformSupportModulesInManaged (2ms)
			SetLoadedEditorAssemblies (4ms)
			BeforeProcessingInitializeOnLoad (91ms)
			ProcessInitializeOnLoadAttributes (161ms)
			ProcessInitializeOnLoadMethodAttributes (31ms)
			AfterProcessingInitializeOnLoad (5ms)
			EditorAssembliesLoaded (0ms)
		ExecutionOrderSort2 (0ms)
		AwakeInstancesAfterBackupRestoration (6ms)
Refreshing native plugins compatible for Editor in 0.00 ms, found 0 plugins.
Preloading 0 native plugins for Editor in 0.00 ms.
Unloading 1 Unused Serialized files (Serialized files now loaded: 0)
Unloading 1155 unused Assets / (233.2 KB). Loaded Objects now: 1675.
Memory consumption went from 68.9 MB to 68.7 MB.
Total: 4.857300 ms (FindLiveObjects: 0.106100 ms CreateObjectMapping: 0.049500 ms MarkObjects: 4.444600 ms  DeleteObjects: 0.251800 ms)

Prepare: number of updated asset objects reloaded= 0
========================================================================
Received Prepare
Assembly reference Packages/com.unity.cinemachine/Editor/Samples/ExposeHDRPInternals/HDRP-Editor-ref.asmref has no target assembly definition
Assembly reference Packages/com.unity.cinemachine/Editor/Samples/ExposeHDRPInternals/HDRP-Editor-ref.asmref has no target assembly definition
Begin MonoManager ReloadAssembly
- Loaded All Assemblies, in  0.259 seconds
Assembly reference Packages/com.unity.cinemachine/Editor/Samples/ExposeHDRPInternals/HDRP-Editor-ref.asmref has no target assembly definition
'Packages/com.unity.cinemachine/Editor/Obsolete/CinemachineVirtualCameraBaseEditor.cs' contains partial class of Unity.Object, exactly 1 of the partial classes needs to be in a file with the same filename. This is to know the one that can be referenced from ie. GameObjects
'Packages/com.unity.cinemachine/Editor/Editors/CinemachineVirtualCameraBaseEditor.cs' contains partial class of Unity.Object, exactly 1 of the partial classes needs to be in a file with the same filename. This is to know the one that can be referenced from ie. GameObjects
Refreshing native plugins compatible for Editor in 0.00 ms, found 0 plugins.
Native extension for WindowsStandalone target not found
Assembly reference Packages/com.unity.cinemachine/Editor/Samples/ExposeHDRPInternals/HDRP-Editor-ref.asmref has no target assembly definition
[Package Manager] Failed to launch server process. Reason: Unity was launched with the -noUpm command-line argument
[Package Manager] Unable to send message (not connected to server process).
[Package Manager] Cannot connect to Unity Package Manager local server
Mono: successfully reloaded assembly
- Finished resetting the current domain, in  0.382 seconds
Domain Reload Profiling: 641ms
	BeginReloadAssembly (154ms)
		ExecutionOrderSort (0ms)
		DisableScriptedObjects (5ms)
		BackupInstance (0ms)
		ReleaseScriptingObjects (0ms)
		CreateAndSetChildDomain (27ms)
	RebuildCommonClasses (35ms)
	RebuildNativeTypeToScriptingClass (15ms)
	initialDomainReloadingComplete (20ms)
	LoadAllAssembliesAndSetupDomain (34ms)
		LoadAssemblies (93ms)
		RebuildTransferFunctionScriptingTraits (0ms)
		AnalyzeDomain (26ms)
			TypeCache.Refresh (3ms)
				TypeCache.ScanAssembly (0ms)
			BuildScriptInfoCaches (18ms)
			ResolveRequiredComponents (3ms)
	FinalizeReload (383ms)
		ReleaseScriptCaches (0ms)
		RebuildScriptCaches (0ms)
		SetupLoadedEditorAssemblies (280ms)
			LogAssemblyErrors (0ms)
			InitializePlatformSupportModulesInManaged (2ms)
			SetLoadedEditorAssemblies (4ms)
			BeforeProcessingInitializeOnLoad (82ms)
			ProcessInitializeOnLoadAttributes (155ms)
			ProcessInitializeOnLoadMethodAttributes (30ms)
			AfterProcessingInitializeOnLoad (6ms)
			EditorAssembliesLoaded (0ms)
		ExecutionOrderSort2 (0ms)
		AwakeInstancesAfterBackupRestoration (10ms)
Refreshing native plugins compatible for Editor in 0.00 ms, found 0 plugins.
Preloading 0 native plugins for Editor in 0.00 ms.
Unloading 1 Unused Serialized files (Serialized files now loaded: 0)
Unloading 1155 unused Assets / (289.4 KB). Loaded Objects now: 1675.
Memory consumption went from 69.1 MB to 68.8 MB.
Total: 4.463900 ms (FindLiveObjects: 0.133400 ms CreateObjectMapping: 0.053800 ms MarkObjects: 4.024200 ms  DeleteObjects: 0.251300 ms)

Prepare: number of updated asset objects reloaded= 0
========================================================================
Received Import Request.
  Time since last request: 1269.783241 seconds.
  path: ProjectSettings/TagManager.asset
  artifactKey: Guid(00000000000000003000000000000000) Importer(815301076,1909f56bfc062723c751e8b465ee728b)
Start importing ProjectSettings/TagManager.asset using Guid(00000000000000003000000000000000) Importer(815301076,1909f56bfc062723c751e8b465ee728b) (PreviewImporter) -> (artifact id: '5b9e28817631b61c53e331e861cc5942') in 0.0197612 seconds
Number of updated asset objects reloaded before import = 0Number of asset objects unloaded after import = 0

========================================================================
Received Import Request.
  Time since last request: 71.627866 seconds.
  path: Assets/Sprites/UI/Blue.png
  artifactKey: Guid(189c94f7e8c4d4c41896d29dc3b78c72) Importer(815301076,1909f56bfc062723c751e8b465ee728b)
Start importing Assets/Sprites/UI/Blue.png using Guid(189c94f7e8c4d4c41896d29dc3b78c72) Importer(815301076,1909f56bfc062723c751e8b465ee728b) (PreviewImporter) -> (artifact id: '9de182716c7d1a3c7f904fd0b7fa898f') in 0.0461837 seconds
Number of updated asset objects reloaded before import = 0Number of asset objects unloaded after import = 2

========================================================================
Received Import Request.
  Time since last request: 0.000053 seconds.
  path: Assets/Sprites/UI/Yellow.png
  artifactKey: Guid(99c52106cc8c33d41b22d8ce69f9b558) Importer(815301076,1909f56bfc062723c751e8b465ee728b)
Start importing Assets/Sprites/UI/Yellow.png using Guid(99c52106cc8c33d41b22d8ce69f9b558) Importer(815301076,1909f56bfc062723c751e8b465ee728b) (PreviewImporter) -> (artifact id: '7f724a82ddcf7c4c99dcf74d969191c6') in 0.0060621 seconds
Number of updated asset objects reloaded before import = 0Number of asset objects unloaded after import = 2

========================================================================
Received Import Request.
  Time since last request: 0.000048 seconds.
  path: Assets/Sprites/UI/Purple.png
  artifactKey: Guid(5af31e784ef30de408565f21c40e6046) Importer(815301076,1909f56bfc062723c751e8b465ee728b)
Start importing Assets/Sprites/UI/Purple.png using Guid(5af31e784ef30de408565f21c40e6046) Importer(815301076,1909f56bfc062723c751e8b465ee728b) (PreviewImporter) -> (artifact id: '9573e82968df733c585c2af0f7109613') in 0.0054179 seconds
Number of updated asset objects reloaded before import = 0Number of asset objects unloaded after import = 2

========================================================================
Received Import Request.
  Time since last request: 0.000035 seconds.
  path: Assets/Sprites/UI/Green.png
  artifactKey: Guid(220581b9d5be96a48a4ddf701ef95306) Importer(815301076,1909f56bfc062723c751e8b465ee728b)
Start importing Assets/Sprites/UI/Green.png using Guid(220581b9d5be96a48a4ddf701ef95306) Importer(815301076,1909f56bfc062723c751e8b465ee728b) (PreviewImporter) -> (artifact id: '1c172a60ec57fab14ccfa4d1d41210c3') in 0.0056445 seconds
Number of updated asset objects reloaded before import = 0Number of asset objects unloaded after import = 2

========================================================================
Received Import Request.
  Time since last request: 0.000019 seconds.
  path: Assets/Sprites/UI/Gray.png
  artifactKey: Guid(edcb4f39979fb4246baee06aa5e9dd83) Importer(815301076,1909f56bfc062723c751e8b465ee728b)
Start importing Assets/Sprites/UI/Gray.png using Guid(edcb4f39979fb4246baee06aa5e9dd83) Importer(815301076,1909f56bfc062723c751e8b465ee728b) (PreviewImporter) -> (artifact id: 'afa156a106feced8bfbd250bb3884d7e') in 0.0070679 seconds
Number of updated asset objects reloaded before import = 0Number of asset objects unloaded after import = 2

========================================================================
Received Import Request.
  Time since last request: 0.000023 seconds.
  path: Assets/Sprites/UI/Pink.png
  artifactKey: Guid(ea847ec4f093ce840b933db9f0dc0e1a) Importer(815301076,1909f56bfc062723c751e8b465ee728b)
Start importing Assets/Sprites/UI/Pink.png using Guid(ea847ec4f093ce840b933db9f0dc0e1a) Importer(815301076,1909f56bfc062723c751e8b465ee728b) (PreviewImporter) -> (artifact id: '5b10296ff58d0dfd083f5855a4c006dc') in 0.0062262 seconds
Number of updated asset objects reloaded before import = 0Number of asset objects unloaded after import = 2

========================================================================
Received Import Request.
  Time since last request: 0.479911 seconds.
  path: Assets/Art/New Tile Palette.prefab
  artifactKey: Guid(f0d0f861dfcd9de4db9e8646a61f238e) Importer(2089858483,192608db42251d675da83286b1cce702)
Start importing Assets/Art/New Tile Palette.prefab using Guid(f0d0f861dfcd9de4db9e8646a61f238e) Importer(2089858483,192608db42251d675da83286b1cce702) (ScriptedImporter) -> (artifact id: 'b4068f8afadbb95865759e03d736a3bc') in 0.1892734 seconds
Number of updated asset objects reloaded before import = 0Number of asset objects unloaded after import = 10

========================================================================
Received Import Request.
  Time since last request: 0.000316 seconds.
  path: Assets/Art/Terrain (16x16)_13.asset
  artifactKey: Guid(8bb1bec8204c85547a6833f6527be7c7) Importer(2089858483,192608db42251d675da83286b1cce702)
Start importing Assets/Art/Terrain (16x16)_13.asset using Guid(8bb1bec8204c85547a6833f6527be7c7) Importer(2089858483,192608db42251d675da83286b1cce702) (ScriptedImporter) -> (artifact id: 'f164188017ae02141cd16ed9735f6d19') in 0.014659 seconds
Number of updated asset objects reloaded before import = 0Number of asset objects unloaded after import = 2

========================================================================
Received Import Request.
  Time since last request: 0.000310 seconds.
  path: Assets/Art/Terrain (16x16)_1.asset
  artifactKey: Guid(953be41463117114da9253ad7c7b587a) Importer(2089858483,192608db42251d675da83286b1cce702)
Start importing Assets/Art/Terrain (16x16)_1.asset using Guid(953be41463117114da9253ad7c7b587a) Importer(2089858483,192608db42251d675da83286b1cce702) (ScriptedImporter) -> (artifact id: '77a34a5723348bdd478169c22f15cc48') in 0.0092981 seconds
Number of updated asset objects reloaded before import = 0Number of asset objects unloaded after import = 2

========================================================================
Received Import Request.
  Time since last request: 0.000199 seconds.
  path: Assets/Art/Terrain (16x16)_76.asset
  artifactKey: Guid(3fb18ac53540632439b8e750c9bcf3d1) Importer(2089858483,192608db42251d675da83286b1cce702)
Start importing Assets/Art/Terrain (16x16)_76.asset using Guid(3fb18ac53540632439b8e750c9bcf3d1) Importer(2089858483,192608db42251d675da83286b1cce702) (ScriptedImporter) -> (artifact id: '7ea11b236532cd592acd080fba955f44') in 0.0061942 seconds
Number of updated asset objects reloaded before import = 0Number of asset objects unloaded after import = 2

========================================================================
Received Import Request.
  Time since last request: 0.000398 seconds.
  path: Assets/Art/Terrain (16x16)_22.asset
  artifactKey: Guid(b8c7b79859c152945a2474043d8e74cb) Importer(2089858483,192608db42251d675da83286b1cce702)
Start importing Assets/Art/Terrain (16x16)_22.asset using Guid(b8c7b79859c152945a2474043d8e74cb) Importer(2089858483,192608db42251d675da83286b1cce702) (ScriptedImporter) -> (artifact id: '1b8f0be708951c4152080068f830a0db') in 0.0081464 seconds
Number of updated asset objects reloaded before import = 0Number of asset objects unloaded after import = 2

========================================================================
Received Import Request.
  Time since last request: 0.000362 seconds.
  path: Assets/Art/Terrain (16x16)_101.asset
  artifactKey: Guid(62f81c2c819704b4a8755ed771054769) Importer(2089858483,192608db42251d675da83286b1cce702)
Start importing Assets/Art/Terrain (16x16)_101.asset using Guid(62f81c2c819704b4a8755ed771054769) Importer(2089858483,192608db42251d675da83286b1cce702) (ScriptedImporter) -> (artifact id: '16ac088b05d153f7b56e7509b5a4573f') in 0.0066213 seconds
Number of updated asset objects reloaded before import = 0Number of asset objects unloaded after import = 2

========================================================================
Received Import Request.
  Time since last request: 0.000237 seconds.
  path: Assets/Art/Terrain (16x16)_52.asset
  artifactKey: Guid(0ec1ff236f8a2374b9bdc2d05f7f3b8e) Importer(2089858483,192608db42251d675da83286b1cce702)
Start importing Assets/Art/Terrain (16x16)_52.asset using Guid(0ec1ff236f8a2374b9bdc2d05f7f3b8e) Importer(2089858483,192608db42251d675da83286b1cce702) (ScriptedImporter) -> (artifact id: 'c8f33d29236cf7699cbb1c03d1f4503a') in 0.0065767 seconds
Number of updated asset objects reloaded before import = 0Number of asset objects unloaded after import = 2

========================================================================
Received Import Request.
  Time since last request: 0.000043 seconds.
  path: Assets/Art/Terrain (16x16)_56.asset
  artifactKey: Guid(9111aa48cfc64ae44a96f47fc5aa98fa) Importer(2089858483,192608db42251d675da83286b1cce702)
Start importing Assets/Art/Terrain (16x16)_56.asset using Guid(9111aa48cfc64ae44a96f47fc5aa98fa) Importer(2089858483,192608db42251d675da83286b1cce702) (ScriptedImporter) -> (artifact id: '6f2749279c85cdab360d034b9938254d') in 0.0073519 seconds
Number of updated asset objects reloaded before import = 0Number of asset objects unloaded after import = 2

========================================================================
Received Import Request.
  Time since last request: 0.000339 seconds.
  path: Assets/Art/Terrain (16x16)_99.asset
  artifactKey: Guid(b2dc6f03d4a2d394487ccf9377fd87f1) Importer(2089858483,192608db42251d675da83286b1cce702)
Start importing Assets/Art/Terrain (16x16)_99.asset using Guid(b2dc6f03d4a2d394487ccf9377fd87f1) Importer(2089858483,192608db42251d675da83286b1cce702) (ScriptedImporter) -> (artifact id: 'd7f264132645e226e1fb164f3b0cd2c0') in 0.0051436 seconds
Number of updated asset objects reloaded before import = 0Number of asset objects unloaded after import = 2

========================================================================
Received Import Request.
  Time since last request: 0.000374 seconds.
  path: Assets/Art/Terrain (16x16)_47.asset
  artifactKey: Guid(751963e921084614f83bd287b7508507) Importer(2089858483,192608db42251d675da83286b1cce702)
Start importing Assets/Art/Terrain (16x16)_47.asset using Guid(751963e921084614f83bd287b7508507) Importer(2089858483,192608db42251d675da83286b1cce702) (ScriptedImporter) -> (artifact id: '70112d76ee4febf1feec207a8608ac2d') in 0.0086315 seconds
Number of updated asset objects reloaded before import = 0Number of asset objects unloaded after import = 2

========================================================================
Received Import Request.
  Time since last request: 0.000412 seconds.
  path: Assets/Art/Terrain (16x16)_53.asset
  artifactKey: Guid(fa18832a50dca1c4c9a83018b8a6898f) Importer(2089858483,192608db42251d675da83286b1cce702)
Start importing Assets/Art/Terrain (16x16)_53.asset using Guid(fa18832a50dca1c4c9a83018b8a6898f) Importer(2089858483,192608db42251d675da83286b1cce702) (ScriptedImporter) -> (artifact id: '1646b381ab4c6aa72da1b8a69d4854ee') in 0.0067187 seconds
Number of updated asset objects reloaded before import = 0Number of asset objects unloaded after import = 2

========================================================================
Received Import Request.
  Time since last request: 0.000449 seconds.
  path: Assets/Art/Terrain (16x16)_98.asset
  artifactKey: Guid(01bdfa55621bb2e4ba7d9ecc8e1c069e) Importer(2089858483,192608db42251d675da83286b1cce702)
Start importing Assets/Art/Terrain (16x16)_98.asset using Guid(01bdfa55621bb2e4ba7d9ecc8e1c069e) Importer(2089858483,192608db42251d675da83286b1cce702) (ScriptedImporter) -> (artifact id: '414d67e9cd8accc707457dc4b2c35495') in 0.0068627 seconds
Number of updated asset objects reloaded before import = 0Number of asset objects unloaded after import = 2

========================================================================
Received Import Request.
  Time since last request: 0.000326 seconds.
  path: Assets/Art/Terrain (16x16)_73.asset
  artifactKey: Guid(e25caec14e0dc0945af27e0ed17180d1) Importer(2089858483,192608db42251d675da83286b1cce702)
Start importing Assets/Art/Terrain (16x16)_73.asset using Guid(e25caec14e0dc0945af27e0ed17180d1) Importer(2089858483,192608db42251d675da83286b1cce702) (ScriptedImporter) -> (artifact id: '90bb4075aabc767f302528c8ac15216d') in 0.0119415 seconds
Number of updated asset objects reloaded before import = 0Number of asset objects unloaded after import = 2

========================================================================
Received Import Request.
  Time since last request: 0.000031 seconds.
  path: Assets/Art/Terrain (16x16)_132.asset
  artifactKey: Guid(3e5b3004ec14b1045818894e5ca60c0f) Importer(2089858483,192608db42251d675da83286b1cce702)
Start importing Assets/Art/Terrain (16x16)_132.asset using Guid(3e5b3004ec14b1045818894e5ca60c0f) Importer(2089858483,192608db42251d675da83286b1cce702) (ScriptedImporter) -> (artifact id: 'c7501dbb4edc37d6aac09769ee78a827') in 0.0074049 seconds
Number of updated asset objects reloaded before import = 0Number of asset objects unloaded after import = 2

========================================================================
Received Import Request.
  Time since last request: 0.000260 seconds.
  path: Assets/Art/Terrain (16x16)_59.asset
  artifactKey: Guid(85f91a00f44f6aa48a97e039c1099806) Importer(2089858483,192608db42251d675da83286b1cce702)
Start importing Assets/Art/Terrain (16x16)_59.asset using Guid(85f91a00f44f6aa48a97e039c1099806) Importer(2089858483,192608db42251d675da83286b1cce702) (ScriptedImporter) -> (artifact id: 'dcb51ca32a996eaac838af12d43e235a') in 0.0106335 seconds
Number of updated asset objects reloaded before import = 0Number of asset objects unloaded after import = 2

========================================================================
Received Import Request.
  Time since last request: 0.000248 seconds.
  path: Assets/Art/Terrain (16x16)_134.asset
  artifactKey: Guid(0b16537b3ce12fe4c8b22c926b9be351) Importer(2089858483,192608db42251d675da83286b1cce702)
Start importing Assets/Art/Terrain (16x16)_134.asset using Guid(0b16537b3ce12fe4c8b22c926b9be351) Importer(2089858483,192608db42251d675da83286b1cce702) (ScriptedImporter) -> (artifact id: '0d9fa40c7e6d0da7a5f62dc509210df1') in 0.0063538 seconds
Number of updated asset objects reloaded before import = 0Number of asset objects unloaded after import = 2

========================================================================
Received Import Request.
  Time since last request: 0.000032 seconds.
  path: Assets/Art/Terrain (16x16)_115.asset
  artifactKey: Guid(4e92ca8e7e3f3ce418efde842a98bb58) Importer(2089858483,192608db42251d675da83286b1cce702)
Start importing Assets/Art/Terrain (16x16)_115.asset using Guid(4e92ca8e7e3f3ce418efde842a98bb58) Importer(2089858483,192608db42251d675da83286b1cce702) (ScriptedImporter) -> (artifact id: '5a22c32e3df4e0f8dddacca47e2c87c0') in 0.006949 seconds
Number of updated asset objects reloaded before import = 0Number of asset objects unloaded after import = 2

========================================================================
Received Import Request.
  Time since last request: 0.000257 seconds.
  path: Assets/Art/Terrain (16x16)_35.asset
  artifactKey: Guid(d28a9112ffb9ff846aac813f6cb11d44) Importer(2089858483,192608db42251d675da83286b1cce702)
Start importing Assets/Art/Terrain (16x16)_35.asset using Guid(d28a9112ffb9ff846aac813f6cb11d44) Importer(2089858483,192608db42251d675da83286b1cce702) (ScriptedImporter) -> (artifact id: 'eaaba3669f319393d3f82fc5537ea479') in 0.0109326 seconds
Number of updated asset objects reloaded before import = 0Number of asset objects unloaded after import = 2

========================================================================
Received Import Request.
  Time since last request: 0.000404 seconds.
  path: Assets/Art/Terrain (16x16)_61.asset
  artifactKey: Guid(55a45ac0ab54abb47860068c8a1943c9) Importer(2089858483,192608db42251d675da83286b1cce702)
Start importing Assets/Art/Terrain (16x16)_61.asset using Guid(55a45ac0ab54abb47860068c8a1943c9) Importer(2089858483,192608db42251d675da83286b1cce702) (ScriptedImporter) -> (artifact id: '2e7cde2c45cdcab40cc69956e497ff34') in 0.0070768 seconds
Number of updated asset objects reloaded before import = 0Number of asset objects unloaded after import = 2

========================================================================
Received Import Request.
  Time since last request: 0.000187 seconds.
  path: Assets/Art/Terrain (16x16)_62.asset
  artifactKey: Guid(941ea414980447c41b96b0ba9952bc20) Importer(2089858483,192608db42251d675da83286b1cce702)
Start importing Assets/Art/Terrain (16x16)_62.asset using Guid(941ea414980447c41b96b0ba9952bc20) Importer(2089858483,192608db42251d675da83286b1cce702) (ScriptedImporter) -> (artifact id: '253f669a061d9dd2eb184c2817d85f1b') in 0.0093741 seconds
Number of updated asset objects reloaded before import = 0Number of asset objects unloaded after import = 2

========================================================================
Received Import Request.
  Time since last request: 0.000357 seconds.
  path: Assets/Art/Terrain (16x16)_75.asset
  artifactKey: Guid(c3adf6271759ee949bb8c8263d456cae) Importer(2089858483,192608db42251d675da83286b1cce702)
Start importing Assets/Art/Terrain (16x16)_75.asset using Guid(c3adf6271759ee949bb8c8263d456cae) Importer(2089858483,192608db42251d675da83286b1cce702) (ScriptedImporter) -> (artifact id: 'effdcede19848fdfc54ba97f11b5c367') in 0.0079651 seconds
Number of updated asset objects reloaded before import = 0Number of asset objects unloaded after import = 2

========================================================================
Received Import Request.
  Time since last request: 0.000149 seconds.
  path: Assets/Art/Terrain (16x16)_49.asset
  artifactKey: Guid(0d191e7a24d187c4f8ea17cc4a8d0c70) Importer(2089858483,192608db42251d675da83286b1cce702)
Start importing Assets/Art/Terrain (16x16)_49.asset using Guid(0d191e7a24d187c4f8ea17cc4a8d0c70) Importer(2089858483,192608db42251d675da83286b1cce702) (ScriptedImporter) -> (artifact id: '86fa0bda249705892a00f69a229cf11c') in 0.0072944 seconds
Number of updated asset objects reloaded before import = 0Number of asset objects unloaded after import = 2

========================================================================
Received Import Request.
  Time since last request: 0.000132 seconds.
  path: Assets/Art/Terrain (16x16)_33.asset
  artifactKey: Guid(9f095ee6faa2164488a4cac9cffebf74) Importer(2089858483,192608db42251d675da83286b1cce702)
Start importing Assets/Art/Terrain (16x16)_33.asset using Guid(9f095ee6faa2164488a4cac9cffebf74) Importer(2089858483,192608db42251d675da83286b1cce702) (ScriptedImporter) -> (artifact id: '91f71ff6df6171646df4a636cfb8bae8') in 0.0099288 seconds
Number of updated asset objects reloaded before import = 0Number of asset objects unloaded after import = 2

========================================================================
Received Import Request.
  Time since last request: 0.000228 seconds.
  path: Assets/Art/Terrain (16x16)_25.asset
  artifactKey: Guid(96a73b9f9d292a440b48f126ce06b1da) Importer(2089858483,192608db42251d675da83286b1cce702)
Start importing Assets/Art/Terrain (16x16)_25.asset using Guid(96a73b9f9d292a440b48f126ce06b1da) Importer(2089858483,192608db42251d675da83286b1cce702) (ScriptedImporter) -> (artifact id: 'c4eee4b5fb9c28f7c3dad5a037a05af5') in 0.0071151 seconds
Number of updated asset objects reloaded before import = 0Number of asset objects unloaded after import = 2

========================================================================
Received Import Request.
  Time since last request: 0.000135 seconds.
  path: Assets/Art/Terrain (16x16)_121.asset
  artifactKey: Guid(52c62718b5a8dec49a16871e902bf543) Importer(2089858483,192608db42251d675da83286b1cce702)
Start importing Assets/Art/Terrain (16x16)_121.asset using Guid(52c62718b5a8dec49a16871e902bf543) Importer(2089858483,192608db42251d675da83286b1cce702) (ScriptedImporter) -> (artifact id: 'ccadaf3d8d5092fa1848fa77a662b89f') in 0.0072406 seconds
Number of updated asset objects reloaded before import = 0Number of asset objects unloaded after import = 2

========================================================================
Received Import Request.
  Time since last request: 0.000329 seconds.
  path: Assets/Art/Terrain (16x16)_89.asset
  artifactKey: Guid(8c0aef226876adc488d292e9e0d6b604) Importer(2089858483,192608db42251d675da83286b1cce702)
Start importing Assets/Art/Terrain (16x16)_89.asset using Guid(8c0aef226876adc488d292e9e0d6b604) Importer(2089858483,192608db42251d675da83286b1cce702) (ScriptedImporter) -> (artifact id: 'ad9291012d019dbb657e5753893056f0') in 0.0113507 seconds
Number of updated asset objects reloaded before import = 0Number of asset objects unloaded after import = 2

========================================================================
Received Import Request.
  Time since last request: 0.000155 seconds.
  path: Assets/Art/Terrain (16x16)_16.asset
  artifactKey: Guid(63a1fcff0e79ba243a1833f13e73f25b) Importer(2089858483,192608db42251d675da83286b1cce702)
Start importing Assets/Art/Terrain (16x16)_16.asset using Guid(63a1fcff0e79ba243a1833f13e73f25b) Importer(2089858483,192608db42251d675da83286b1cce702) (ScriptedImporter) -> (artifact id: 'ffb3ec978dcb56c17cee7def111799ce') in 0.0086493 seconds
Number of updated asset objects reloaded before import = 0Number of asset objects unloaded after import = 2

========================================================================
Received Import Request.
  Time since last request: 0.000405 seconds.
  path: Assets/Art/Terrain (16x16)_84.asset
  artifactKey: Guid(ff76299149d53c647b94988e5152e5e8) Importer(2089858483,192608db42251d675da83286b1cce702)
Start importing Assets/Art/Terrain (16x16)_84.asset using Guid(ff76299149d53c647b94988e5152e5e8) Importer(2089858483,192608db42251d675da83286b1cce702) (ScriptedImporter) -> (artifact id: '54bff3d9153a4286495c822731b93cbb') in 0.0100476 seconds
Number of updated asset objects reloaded before import = 0Number of asset objects unloaded after import = 2

========================================================================
Received Import Request.
  Time since last request: 0.000357 seconds.
  path: Assets/Art/Terrain (16x16)_68.asset
  artifactKey: Guid(e9e6b933987394b4abf0e911b82a65fa) Importer(2089858483,192608db42251d675da83286b1cce702)
Start importing Assets/Art/Terrain (16x16)_68.asset using Guid(e9e6b933987394b4abf0e911b82a65fa) Importer(2089858483,192608db42251d675da83286b1cce702) (ScriptedImporter) -> (artifact id: '50f36a5a91a636ea71da89b56c6531c8') in 0.0075802 seconds
Number of updated asset objects reloaded before import = 0Number of asset objects unloaded after import = 2

========================================================================
Received Import Request.
  Time since last request: 0.000203 seconds.
  path: Assets/Art/Terrain (16x16)_87.asset
  artifactKey: Guid(f2723cc84a5c41747b24bf2ba66aa34a) Importer(2089858483,192608db42251d675da83286b1cce702)
Start importing Assets/Art/Terrain (16x16)_87.asset using Guid(f2723cc84a5c41747b24bf2ba66aa34a) Importer(2089858483,192608db42251d675da83286b1cce702) (ScriptedImporter) -> (artifact id: '0491d86cda2df621cd02f1c707997613') in 0.0076617 seconds
Number of updated asset objects reloaded before import = 0Number of asset objects unloaded after import = 2

========================================================================
Received Import Request.
  Time since last request: 0.000344 seconds.
  path: Assets/Art/Terrain (16x16)_127.asset
  artifactKey: Guid(1516851c66564dd40b1fd720c3d329f3) Importer(2089858483,192608db42251d675da83286b1cce702)
Start importing Assets/Art/Terrain (16x16)_127.asset using Guid(1516851c66564dd40b1fd720c3d329f3) Importer(2089858483,192608db42251d675da83286b1cce702) (ScriptedImporter) -> (artifact id: '75a694ce7fbc55c7cfe831b12f3a5a68') in 0.0077563 seconds
Number of updated asset objects reloaded before import = 0Number of asset objects unloaded after import = 2

========================================================================
Received Import Request.
  Time since last request: 0.000366 seconds.
  path: Assets/Art/Terrain (16x16)_82.asset
  artifactKey: Guid(42fe022f65d0a7e46bcc43ecb6a54895) Importer(2089858483,192608db42251d675da83286b1cce702)
Start importing Assets/Art/Terrain (16x16)_82.asset using Guid(42fe022f65d0a7e46bcc43ecb6a54895) Importer(2089858483,192608db42251d675da83286b1cce702) (ScriptedImporter) -> (artifact id: '46a1adb9559fad3a9afc7b0aac0cd061') in 0.0060731 seconds
Number of updated asset objects reloaded before import = 0Number of asset objects unloaded after import = 2

========================================================================
Received Import Request.
  Time since last request: 0.000110 seconds.
  path: Assets/Art/Terrain (16x16)_96.asset
  artifactKey: Guid(f40a741ae21fd524896812542d703911) Importer(2089858483,192608db42251d675da83286b1cce702)
Start importing Assets/Art/Terrain (16x16)_96.asset using Guid(f40a741ae21fd524896812542d703911) Importer(2089858483,192608db42251d675da83286b1cce702) (ScriptedImporter) -> (artifact id: 'c402e2625fdcecd7d4af4bec83cf635a') in 0.0116063 seconds
Number of updated asset objects reloaded before import = 0Number of asset objects unloaded after import = 2

========================================================================
Received Import Request.
  Time since last request: 0.000028 seconds.
  path: Assets/Art/Terrain (16x16)_122.asset
  artifactKey: Guid(5eef96c1d86231c4795467eae9d42e31) Importer(2089858483,192608db42251d675da83286b1cce702)
Start importing Assets/Art/Terrain (16x16)_122.asset using Guid(5eef96c1d86231c4795467eae9d42e31) Importer(2089858483,192608db42251d675da83286b1cce702) (ScriptedImporter) -> (artifact id: 'e4c2a26addb3a0a88bcfc05e3267e28a') in 0.0085329 seconds
Number of updated asset objects reloaded before import = 0Number of asset objects unloaded after import = 2

========================================================================
Received Import Request.
  Time since last request: 0.000309 seconds.
  path: Assets/Art/Terrain (16x16)_109.asset
  artifactKey: Guid(a29f216833f25964a9f79248230a9da4) Importer(2089858483,192608db42251d675da83286b1cce702)
Start importing Assets/Art/Terrain (16x16)_109.asset using Guid(a29f216833f25964a9f79248230a9da4) Importer(2089858483,192608db42251d675da83286b1cce702) (ScriptedImporter) -> (artifact id: 'e94277db889a54f451e413b0d15f1305') in 0.0078831 seconds
Number of updated asset objects reloaded before import = 0Number of asset objects unloaded after import = 2

========================================================================
Received Import Request.
  Time since last request: 0.000383 seconds.
  path: Assets/Art/Terrain (16x16)_93.asset
  artifactKey: Guid(98a4b19815d5c3e4fbdc500373b41378) Importer(2089858483,192608db42251d675da83286b1cce702)
Start importing Assets/Art/Terrain (16x16)_93.asset using Guid(98a4b19815d5c3e4fbdc500373b41378) Importer(2089858483,192608db42251d675da83286b1cce702) (ScriptedImporter) -> (artifact id: '0657b6691ffc416be30cd1ff4e8a1b9d') in 0.0087672 seconds
Number of updated asset objects reloaded before import = 0Number of asset objects unloaded after import = 2

========================================================================
Received Import Request.
  Time since last request: 0.000207 seconds.
  path: Assets/Art/Terrain (16x16)_14.asset
  artifactKey: Guid(baab76f679ee97d4aaebb77ef5568c6e) Importer(2089858483,192608db42251d675da83286b1cce702)
Start importing Assets/Art/Terrain (16x16)_14.asset using Guid(baab76f679ee97d4aaebb77ef5568c6e) Importer(2089858483,192608db42251d675da83286b1cce702) (ScriptedImporter) -> (artifact id: 'cfd95b08c640fca97c23aec04a6350be') in 0.0090192 seconds
Number of updated asset objects reloaded before import = 0Number of asset objects unloaded after import = 2

========================================================================
Received Import Request.
  Time since last request: 0.000187 seconds.
  path: Assets/Art/Terrain (16x16)_40.asset
  artifactKey: Guid(1e6ac0a45caa7aa4fb60c1ee1006aa92) Importer(2089858483,192608db42251d675da83286b1cce702)
Start importing Assets/Art/Terrain (16x16)_40.asset using Guid(1e6ac0a45caa7aa4fb60c1ee1006aa92) Importer(2089858483,192608db42251d675da83286b1cce702) (ScriptedImporter) -> (artifact id: '7da1bb482f47dd686b5d2d79b0cb0317') in 0.0111304 seconds
Number of updated asset objects reloaded before import = 0Number of asset objects unloaded after import = 2

========================================================================
Received Import Request.
  Time since last request: 0.000189 seconds.
  path: Assets/Art/Terrain (16x16)_83.asset
  artifactKey: Guid(9f29026d1e4f7794bb1bdd0e12fa73d1) Importer(2089858483,192608db42251d675da83286b1cce702)
Start importing Assets/Art/Terrain (16x16)_83.asset using Guid(9f29026d1e4f7794bb1bdd0e12fa73d1) Importer(2089858483,192608db42251d675da83286b1cce702) (ScriptedImporter) -> (artifact id: 'ce3aef89f8f576a322a739e563fda86c') in 0.0085017 seconds
Number of updated asset objects reloaded before import = 0Number of asset objects unloaded after import = 2

========================================================================
Received Import Request.
  Time since last request: 0.000367 seconds.
  path: Assets/Art/Terrain (16x16)_116.asset
  artifactKey: Guid(5f6fed329dfffe443bfc54fffc5b9ca6) Importer(2089858483,192608db42251d675da83286b1cce702)
Start importing Assets/Art/Terrain (16x16)_116.asset using Guid(5f6fed329dfffe443bfc54fffc5b9ca6) Importer(2089858483,192608db42251d675da83286b1cce702) (ScriptedImporter) -> (artifact id: '4c44db7fbae0fe21811e588addedc848') in 0.008742 seconds
Number of updated asset objects reloaded before import = 0Number of asset objects unloaded after import = 2

========================================================================
Received Import Request.
  Time since last request: 0.000128 seconds.
  path: Assets/Art/Terrain (16x16)_119.asset
  artifactKey: Guid(d5660d0fddd43044c827af0f4036b75f) Importer(2089858483,192608db42251d675da83286b1cce702)
Start importing Assets/Art/Terrain (16x16)_119.asset using Guid(d5660d0fddd43044c827af0f4036b75f) Importer(2089858483,192608db42251d675da83286b1cce702) (ScriptedImporter) -> (artifact id: 'b281e9c9e8f276f90030d8a3ceb443ca') in 0.0073989 seconds
Number of updated asset objects reloaded before import = 0Number of asset objects unloaded after import = 2

========================================================================
Received Import Request.
  Time since last request: 0.000151 seconds.
  path: Assets/Art/Terrain (16x16)_124.asset
  artifactKey: Guid(e2e4542be06e24344a156b36dd5f997e) Importer(2089858483,192608db42251d675da83286b1cce702)
Start importing Assets/Art/Terrain (16x16)_124.asset using Guid(e2e4542be06e24344a156b36dd5f997e) Importer(2089858483,192608db42251d675da83286b1cce702) (ScriptedImporter) -> (artifact id: 'ce2d00158aafb87b1c038aa7f0ad9f1f') in 0.0082649 seconds
Number of updated asset objects reloaded before import = 0Number of asset objects unloaded after import = 2

========================================================================
Received Import Request.
  Time since last request: 0.000120 seconds.
  path: Assets/Art/Terrain (16x16)_86.asset
  artifactKey: Guid(c4ed65b97cc4d6a4697fca15c4dcc97d) Importer(2089858483,192608db42251d675da83286b1cce702)
Start importing Assets/Art/Terrain (16x16)_86.asset using Guid(c4ed65b97cc4d6a4697fca15c4dcc97d) Importer(2089858483,192608db42251d675da83286b1cce702) (ScriptedImporter) -> (artifact id: '5795d1137d9b3cbf6ccff6b68f96b712') in 0.0063037 seconds
Number of updated asset objects reloaded before import = 0Number of asset objects unloaded after import = 2

========================================================================
Received Import Request.
  Time since last request: 0.000060 seconds.
  path: Assets/Sprites/UI/Gray.png
  artifactKey: Guid(edcb4f39979fb4246baee06aa5e9dd83) Importer(2089858483,192608db42251d675da83286b1cce702)
Start importing Assets/Sprites/UI/Gray.png using Guid(edcb4f39979fb4246baee06aa5e9dd83) Importer(2089858483,192608db42251d675da83286b1cce702) (ScriptedImporter) -> (artifact id: '75f0fa5a5a0722a308bac07d6460ce8d') in 0.0688403 seconds
Number of updated asset objects reloaded before import = 0Number of asset objects unloaded after import = 1

========================================================================
Received Import Request.
  Time since last request: 0.000138 seconds.
  path: Assets/Art/Terrain (16x16)_94.asset
  artifactKey: Guid(6c295fc77c62c594295f7513b61276a9) Importer(2089858483,192608db42251d675da83286b1cce702)
Start importing Assets/Art/Terrain (16x16)_94.asset using Guid(6c295fc77c62c594295f7513b61276a9) Importer(2089858483,192608db42251d675da83286b1cce702) (ScriptedImporter) -> (artifact id: 'ee311630f768575c39baa575053067e8') in 0.0092673 seconds
Number of updated asset objects reloaded before import = 0Number of asset objects unloaded after import = 2

========================================================================
Received Import Request.
  Time since last request: 0.000029 seconds.
  path: Assets/Art/Terrain (16x16)_141.asset
  artifactKey: Guid(efd37b942fe00e245992a77129e5d9ec) Importer(2089858483,192608db42251d675da83286b1cce702)
Start importing Assets/Art/Terrain (16x16)_141.asset using Guid(efd37b942fe00e245992a77129e5d9ec) Importer(2089858483,192608db42251d675da83286b1cce702) (ScriptedImporter) -> (artifact id: 'b99aae33f3abedf03aa4f356f6ee0414') in 0.0104169 seconds
Number of updated asset objects reloaded before import = 0Number of asset objects unloaded after import = 2

========================================================================
Received Import Request.
  Time since last request: 0.000031 seconds.
  path: Assets/Art/Terrain (16x16)_26.asset
  artifactKey: Guid(8cb2b020d2de0cd4bbe7de00a53bf22e) Importer(2089858483,192608db42251d675da83286b1cce702)
Start importing Assets/Art/Terrain (16x16)_26.asset using Guid(8cb2b020d2de0cd4bbe7de00a53bf22e) Importer(2089858483,192608db42251d675da83286b1cce702) (ScriptedImporter) -> (artifact id: 'ec01295e2c28d81e1fe09a57d94fb4f3') in 0.0084657 seconds
Number of updated asset objects reloaded before import = 0Number of asset objects unloaded after import = 2

========================================================================
Received Import Request.
  Time since last request: 0.000037 seconds.
  path: Assets/Art/Terrain (16x16)_34.asset
  artifactKey: Guid(28e0600987cd0a74a8b4e2a5c6b8235e) Importer(2089858483,192608db42251d675da83286b1cce702)
Start importing Assets/Art/Terrain (16x16)_34.asset using Guid(28e0600987cd0a74a8b4e2a5c6b8235e) Importer(2089858483,192608db42251d675da83286b1cce702) (ScriptedImporter) -> (artifact id: '01ecffdca359c9f1348cb30c90139f52') in 0.0115169 seconds
Number of updated asset objects reloaded before import = 0Number of asset objects unloaded after import = 2

========================================================================
Received Import Request.
  Time since last request: 0.000092 seconds.
  path: Assets/Art/Terrain (16x16)_4.asset
  artifactKey: Guid(b2ab72fac21064e4d8f7389e1fb6a082) Importer(2089858483,192608db42251d675da83286b1cce702)
Start importing Assets/Art/Terrain (16x16)_4.asset using Guid(b2ab72fac21064e4d8f7389e1fb6a082) Importer(2089858483,192608db42251d675da83286b1cce702) (ScriptedImporter) -> (artifact id: '54d06e871b8cbb337be4e525ac7361e8') in 0.0102615 seconds
Number of updated asset objects reloaded before import = 0Number of asset objects unloaded after import = 2

========================================================================
Received Import Request.
  Time since last request: 0.000037 seconds.
  path: Assets/Art/Terrain (16x16)_38.asset
  artifactKey: Guid(8b4a29d72b70cd743860f047cecbd117) Importer(2089858483,192608db42251d675da83286b1cce702)
Start importing Assets/Art/Terrain (16x16)_38.asset using Guid(8b4a29d72b70cd743860f047cecbd117) Importer(2089858483,192608db42251d675da83286b1cce702) (ScriptedImporter) -> (artifact id: '6d30002cb6363ce6f02c191ab747d036') in 0.0079718 seconds
Number of updated asset objects reloaded before import = 0Number of asset objects unloaded after import = 2

========================================================================
Received Import Request.
  Time since last request: 0.000106 seconds.
  path: Assets/Sprites/UI/Brown.png
  artifactKey: Guid(3e56a9603aa865d4ea68255c1cbf5294) Importer(2089858483,192608db42251d675da83286b1cce702)
Start importing Assets/Sprites/UI/Brown.png using Guid(3e56a9603aa865d4ea68255c1cbf5294) Importer(2089858483,192608db42251d675da83286b1cce702) (ScriptedImporter) -> (artifact id: '8404ee7e696025ea21b12efcc89e05a1') in 0.0179408 seconds
Number of updated asset objects reloaded before import = 0Number of asset objects unloaded after import = 1

========================================================================
Received Import Request.
  Time since last request: 0.000038 seconds.
  path: Assets/Art/Terrain (16x16)_65.asset
  artifactKey: Guid(dae1188f61ef61247b4d5894e288c439) Importer(2089858483,192608db42251d675da83286b1cce702)
Start importing Assets/Art/Terrain (16x16)_65.asset using Guid(dae1188f61ef61247b4d5894e288c439) Importer(2089858483,192608db42251d675da83286b1cce702) (ScriptedImporter) -> (artifact id: 'f852b6b0db9b8bee244c5ea92f7ea30f') in 0.0101487 seconds
Number of updated asset objects reloaded before import = 0Number of asset objects unloaded after import = 2

========================================================================
Received Import Request.
  Time since last request: 0.000047 seconds.
  path: Assets/Art/Terrain (16x16)_72.asset
  artifactKey: Guid(1b447aec9360d964485635403c3f120d) Importer(2089858483,192608db42251d675da83286b1cce702)
Start importing Assets/Art/Terrain (16x16)_72.asset using Guid(1b447aec9360d964485635403c3f120d) Importer(2089858483,192608db42251d675da83286b1cce702) (ScriptedImporter) -> (artifact id: '1ccaf9f3b610a10d19876098233a87cd') in 0.0080701 seconds
Number of updated asset objects reloaded before import = 0Number of asset objects unloaded after import = 2

========================================================================
Received Import Request.
  Time since last request: 0.000034 seconds.
  path: Assets/Art/Terrain (16x16)_90.asset
  artifactKey: Guid(3e698304eab941c4392031b0bcc1a294) Importer(2089858483,192608db42251d675da83286b1cce702)
Start importing Assets/Art/Terrain (16x16)_90.asset using Guid(3e698304eab941c4392031b0bcc1a294) Importer(2089858483,192608db42251d675da83286b1cce702) (ScriptedImporter) -> (artifact id: '0e47dbb9babc925cfc710315f179b0e9') in 0.0102187 seconds
Number of updated asset objects reloaded before import = 0Number of asset objects unloaded after import = 2

========================================================================
Received Import Request.
  Time since last request: 0.000040 seconds.
  path: Assets/Art/Terrain (16x16)_133.asset
  artifactKey: Guid(951203a573e789e439083e55ca8fd4d1) Importer(2089858483,192608db42251d675da83286b1cce702)
Start importing Assets/Art/Terrain (16x16)_133.asset using Guid(951203a573e789e439083e55ca8fd4d1) Importer(2089858483,192608db42251d675da83286b1cce702) (ScriptedImporter) -> (artifact id: '57d8fcb98de954e548862af0ed7e2c3d') in 0.0103104 seconds
Number of updated asset objects reloaded before import = 0Number of asset objects unloaded after import = 2

========================================================================
Received Import Request.
  Time since last request: 0.000036 seconds.
  path: Assets/Art/Terrain (16x16)_6.asset
  artifactKey: Guid(a3de9581213af394b99775df8dfde2ab) Importer(2089858483,192608db42251d675da83286b1cce702)
Start importing Assets/Art/Terrain (16x16)_6.asset using Guid(a3de9581213af394b99775df8dfde2ab) Importer(2089858483,192608db42251d675da83286b1cce702) (ScriptedImporter) -> (artifact id: '49abe4721326c88305c6d8505653a83f') in 0.0101615 seconds
Number of updated asset objects reloaded before import = 0Number of asset objects unloaded after import = 2

========================================================================
Received Import Request.
  Time since last request: 0.000031 seconds.
  path: Assets/Art/Terrain (16x16)_46.asset
  artifactKey: Guid(808832ba6682e244e9729204e153a793) Importer(2089858483,192608db42251d675da83286b1cce702)
Start importing Assets/Art/Terrain (16x16)_46.asset using Guid(808832ba6682e244e9729204e153a793) Importer(2089858483,192608db42251d675da83286b1cce702) (ScriptedImporter) -> (artifact id: '51cff3b9ea2a89814b9c0c6390157c94') in 0.0114286 seconds
Number of updated asset objects reloaded before import = 0Number of asset objects unloaded after import = 2

========================================================================
Received Import Request.
  Time since last request: 0.000049 seconds.
  path: Assets/Art/Terrain (16x16)_10.asset
  artifactKey: Guid(fab278bc56058c740b7772e8ef1629a8) Importer(2089858483,192608db42251d675da83286b1cce702)
Start importing Assets/Art/Terrain (16x16)_10.asset using Guid(fab278bc56058c740b7772e8ef1629a8) Importer(2089858483,192608db42251d675da83286b1cce702) (ScriptedImporter) -> (artifact id: 'be941a3cfde8780ef14c3477e2464f18') in 0.0087907 seconds
Number of updated asset objects reloaded before import = 0Number of asset objects unloaded after import = 2

========================================================================
Received Import Request.
  Time since last request: 0.000028 seconds.
  path: Assets/Art/Terrain (16x16)_78.asset
  artifactKey: Guid(f45934b77da81864bbc6577cd3e2f490) Importer(2089858483,192608db42251d675da83286b1cce702)
Start importing Assets/Art/Terrain (16x16)_78.asset using Guid(f45934b77da81864bbc6577cd3e2f490) Importer(2089858483,192608db42251d675da83286b1cce702) (ScriptedImporter) -> (artifact id: '709eac51a5068f3d0ceb5551a1dce100') in 0.0094915 seconds
Number of updated asset objects reloaded before import = 0Number of asset objects unloaded after import = 2

========================================================================
Received Import Request.
  Time since last request: 0.000028 seconds.
  path: Assets/Art/Terrain (16x16)_70.asset
  artifactKey: Guid(52e8f256675e6c5409898d1752bc5310) Importer(2089858483,192608db42251d675da83286b1cce702)
Start importing Assets/Art/Terrain (16x16)_70.asset using Guid(52e8f256675e6c5409898d1752bc5310) Importer(2089858483,192608db42251d675da83286b1cce702) (ScriptedImporter) -> (artifact id: '6b181cb8ed55d71d67516f67ec9528af') in 0.0102481 seconds
Number of updated asset objects reloaded before import = 0Number of asset objects unloaded after import = 2

========================================================================
Received Import Request.
  Time since last request: 0.000030 seconds.
  path: Assets/Art/Terrain (16x16)_30.asset
  artifactKey: Guid(de6687debf7112646a7a61c51864d2ee) Importer(2089858483,192608db42251d675da83286b1cce702)
Start importing Assets/Art/Terrain (16x16)_30.asset using Guid(de6687debf7112646a7a61c51864d2ee) Importer(2089858483,192608db42251d675da83286b1cce702) (ScriptedImporter) -> (artifact id: '12d8b0d7b8289c5d9209102bdfdbcbb6') in 0.0092963 seconds
Number of updated asset objects reloaded before import = 0Number of asset objects unloaded after import = 2

========================================================================
Received Import Request.
  Time since last request: 0.000066 seconds.
  path: Assets/Art/Terrain (16x16)_2.asset
  artifactKey: Guid(5731c7cc80348e643947bf052509db5d) Importer(2089858483,192608db42251d675da83286b1cce702)
Start importing Assets/Art/Terrain (16x16)_2.asset using Guid(5731c7cc80348e643947bf052509db5d) Importer(2089858483,192608db42251d675da83286b1cce702) (ScriptedImporter) -> (artifact id: 'b1aadc9ecaa7910539a34db715456c2d') in 0.0123734 seconds
Number of updated asset objects reloaded before import = 0Number of asset objects unloaded after import = 2

========================================================================
Received Import Request.
  Time since last request: 0.000027 seconds.
  path: Assets/Art/Terrain (16x16)_107.asset
  artifactKey: Guid(68c2acb8a5f235d409991c277a64470e) Importer(2089858483,192608db42251d675da83286b1cce702)
Start importing Assets/Art/Terrain (16x16)_107.asset using Guid(68c2acb8a5f235d409991c277a64470e) Importer(2089858483,192608db42251d675da83286b1cce702) (ScriptedImporter) -> (artifact id: 'd325d68d0613cf904a80c0bd9f7d7226') in 0.0114438 seconds
Number of updated asset objects reloaded before import = 0Number of asset objects unloaded after import = 2

========================================================================
Received Import Request.
  Time since last request: 0.000031 seconds.
  path: Assets/Art/Terrain (16x16)_123.asset
  artifactKey: Guid(054ae69cfcb6a104ca10c848dabb6df6) Importer(2089858483,192608db42251d675da83286b1cce702)
Start importing Assets/Art/Terrain (16x16)_123.asset using Guid(054ae69cfcb6a104ca10c848dabb6df6) Importer(2089858483,192608db42251d675da83286b1cce702) (ScriptedImporter) -> (artifact id: 'e831f51dc2e2ab4544c6c470400d1ae7') in 0.0114663 seconds
Number of updated asset objects reloaded before import = 0Number of asset objects unloaded after import = 2

========================================================================
Received Import Request.
  Time since last request: 0.000051 seconds.
  path: Assets/Animations/Player/PlayerFall.anim
  artifactKey: Guid(aa867b2fa9e8a9f4f9863947fd1dfeab) Importer(2089858483,192608db42251d675da83286b1cce702)
Start importing Assets/Animations/Player/PlayerFall.anim using Guid(aa867b2fa9e8a9f4f9863947fd1dfeab) Importer(2089858483,192608db42251d675da83286b1cce702) (ScriptedImporter) -> (artifact id: 'b13c9230c4d480958f5934406919dfe2') in 0.0187415 seconds
Number of updated asset objects reloaded before import = 0Number of asset objects unloaded after import = 1

========================================================================
Received Import Request.
  Time since last request: 0.000047 seconds.
  path: Assets/Scripts/test.unity
  artifactKey: Guid(0ee5bfeb0313c9e489218394c529feb7) Importer(2089858483,192608db42251d675da83286b1cce702)
Start importing Assets/Scripts/test.unity using Guid(0ee5bfeb0313c9e489218394c529feb7) Importer(2089858483,192608db42251d675da83286b1cce702) (ScriptedImporter) -> (artifact id: 'cb24b19dbc553ad3574aec28c2912897') in 0.0109606 seconds
Number of updated asset objects reloaded before import = 0Number of asset objects unloaded after import = 1

========================================================================
Received Import Request.
  Time since last request: 0.000050 seconds.
  path: Assets/Art/Terrain (16x16)_51.asset
  artifactKey: Guid(0a4b888b0ded3544eb45dc6203c2ab43) Importer(2089858483,192608db42251d675da83286b1cce702)
Start importing Assets/Art/Terrain (16x16)_51.asset using Guid(0a4b888b0ded3544eb45dc6203c2ab43) Importer(2089858483,192608db42251d675da83286b1cce702) (ScriptedImporter) -> (artifact id: 'b77bd2379a0f76fbc77277a533d7ec43') in 0.0143166 seconds
Number of updated asset objects reloaded before import = 0Number of asset objects unloaded after import = 2

========================================================================
Received Import Request.
  Time since last request: 0.000033 seconds.
  path: Assets/Art/Terrain (16x16)_24.asset
  artifactKey: Guid(8b295c52a3365a34b9284eaca106a8dd) Importer(2089858483,192608db42251d675da83286b1cce702)
Start importing Assets/Art/Terrain (16x16)_24.asset using Guid(8b295c52a3365a34b9284eaca106a8dd) Importer(2089858483,192608db42251d675da83286b1cce702) (ScriptedImporter) -> (artifact id: 'e7d64c825b038b40570fd0be4ff50d3d') in 0.0101116 seconds
Number of updated asset objects reloaded before import = 0Number of asset objects unloaded after import = 2

========================================================================
Received Import Request.
  Time since last request: 0.000034 seconds.
  path: Assets/Sprites/UI/Green.png
  artifactKey: Guid(220581b9d5be96a48a4ddf701ef95306) Importer(2089858483,192608db42251d675da83286b1cce702)
Start importing Assets/Sprites/UI/Green.png using Guid(220581b9d5be96a48a4ddf701ef95306) Importer(2089858483,192608db42251d675da83286b1cce702) (ScriptedImporter) -> (artifact id: '421c852a101dbf5ab2b6de16b97ff919') in 0.01768 seconds
Number of updated asset objects reloaded before import = 0Number of asset objects unloaded after import = 1

========================================================================
Received Import Request.
  Time since last request: 0.000056 seconds.
  path: Assets/Art/Terrain (16x16)_136.asset
  artifactKey: Guid(a09bf0199e0eac74c81f8e0038806044) Importer(2089858483,192608db42251d675da83286b1cce702)
Start importing Assets/Art/Terrain (16x16)_136.asset using Guid(a09bf0199e0eac74c81f8e0038806044) Importer(2089858483,192608db42251d675da83286b1cce702) (ScriptedImporter) -> (artifact id: '166085e364747653d847d42b5e70cd47') in 0.0110276 seconds
Number of updated asset objects reloaded before import = 0Number of asset objects unloaded after import = 2

========================================================================
Received Import Request.
  Time since last request: 0.000022 seconds.
  path: Assets/Art/Terrain (16x16)_43.asset
  artifactKey: Guid(c27cb9d402293c147a4fe1f73216e58f) Importer(2089858483,192608db42251d675da83286b1cce702)
Start importing Assets/Art/Terrain (16x16)_43.asset using Guid(c27cb9d402293c147a4fe1f73216e58f) Importer(2089858483,192608db42251d675da83286b1cce702) (ScriptedImporter) -> (artifact id: 'bba954b8c05e8a3c8d36e63b1810cda3') in 0.0084434 seconds
Number of updated asset objects reloaded before import = 0Number of asset objects unloaded after import = 2

========================================================================
Received Import Request.
  Time since last request: 0.000027 seconds.
  path: Assets/Art/Terrain (16x16)_135.asset
  artifactKey: Guid(9dea933f0fe354a4fa58b23c9a14df23) Importer(2089858483,192608db42251d675da83286b1cce702)
Start importing Assets/Art/Terrain (16x16)_135.asset using Guid(9dea933f0fe354a4fa58b23c9a14df23) Importer(2089858483,192608db42251d675da83286b1cce702) (ScriptedImporter) -> (artifact id: 'ace24553cd1f0c7c0f4d03c16184ea83') in 0.0083621 seconds
Number of updated asset objects reloaded before import = 0Number of asset objects unloaded after import = 2

========================================================================
Received Import Request.
  Time since last request: 0.000049 seconds.
  path: Assets/Art/Terrain (16x16)_104.asset
  artifactKey: Guid(c97550538ca10244e8f2e2b2c1ab2821) Importer(2089858483,192608db42251d675da83286b1cce702)
Start importing Assets/Art/Terrain (16x16)_104.asset using Guid(c97550538ca10244e8f2e2b2c1ab2821) Importer(2089858483,192608db42251d675da83286b1cce702) (ScriptedImporter) -> (artifact id: '042d73cfd5a2310671c2c704f5de6712') in 0.0080841 seconds
Number of updated asset objects reloaded before import = 0Number of asset objects unloaded after import = 2

========================================================================
Received Import Request.
  Time since last request: 0.000023 seconds.
  path: Assets/Art/Terrain (16x16)_66.asset
  artifactKey: Guid(5b4e8f9b1cad5464a8424753b7a123ea) Importer(2089858483,192608db42251d675da83286b1cce702)
Start importing Assets/Art/Terrain (16x16)_66.asset using Guid(5b4e8f9b1cad5464a8424753b7a123ea) Importer(2089858483,192608db42251d675da83286b1cce702) (ScriptedImporter) -> (artifact id: '373288c24130860227f6ff629a62d063') in 0.0082721 seconds
Number of updated asset objects reloaded before import = 0Number of asset objects unloaded after import = 2

========================================================================
Received Import Request.
  Time since last request: 0.000029 seconds.
  path: Assets/Art/Terrain (16x16)_12.asset
  artifactKey: Guid(48d8ddde598b74342a37c0d7627477cb) Importer(2089858483,192608db42251d675da83286b1cce702)
Start importing Assets/Art/Terrain (16x16)_12.asset using Guid(48d8ddde598b74342a37c0d7627477cb) Importer(2089858483,192608db42251d675da83286b1cce702) (ScriptedImporter) -> (artifact id: '41efc113824ec7977472b9a84f930ee0') in 0.0103489 seconds
Number of updated asset objects reloaded before import = 0Number of asset objects unloaded after import = 2

========================================================================
Received Import Request.
  Time since last request: 0.000070 seconds.
  path: Assets/Art/Terrain (16x16)_23.asset
  artifactKey: Guid(9437b4d333ada0a4cb9b9549cbd73454) Importer(2089858483,192608db42251d675da83286b1cce702)
Start importing Assets/Art/Terrain (16x16)_23.asset using Guid(9437b4d333ada0a4cb9b9549cbd73454) Importer(2089858483,192608db42251d675da83286b1cce702) (ScriptedImporter) -> (artifact id: 'ba4d77fbdbdded836b15eabdbf74beaa') in 0.0070735 seconds
Number of updated asset objects reloaded before import = 0Number of asset objects unloaded after import = 2

========================================================================
Received Import Request.
  Time since last request: 0.000034 seconds.
  path: Assets/Art/Terrain (16x16)_28.asset
  artifactKey: Guid(68e5b25956cd3c640be8fd86e8bed6e7) Importer(2089858483,192608db42251d675da83286b1cce702)
Start importing Assets/Art/Terrain (16x16)_28.asset using Guid(68e5b25956cd3c640be8fd86e8bed6e7) Importer(2089858483,192608db42251d675da83286b1cce702) (ScriptedImporter) -> (artifact id: 'ddbfe3868d5915f198a7243c6472ba43') in 0.0088151 seconds
Number of updated asset objects reloaded before import = 0Number of asset objects unloaded after import = 2

Editor requested this worker to shutdown with reason: Scaling down because of idle timeout
AssetImportWorker is now disconnected from the server
Process exiting
Exiting without the bug reporter. Application will terminate with return code 0