[Licensing::Module] Trying to connect to existing licensing client channel...
Built from '6000.2/staging' branch; Version is '6000.2.6f1 (cc51a95c0300) revision 13390249'; Using compiler version '194234433'; Build Type 'Release'
[Licensing::IpcConnector] Successfully connected to: "LicenseClient-Híu" at "2025-10-22T10:18:49.2811251Z"
OS: 'Windows 11  (10.0.22631) 64bit Professional' Language: 'en' Physical Memory: 15606 MB
BatchMode: 1, IsHumanControllingUs: 0, StartBugReporterOnCrash: 0, Is64bit: 1
Date: 2025-10-22T10:18:49Z

COMMAND LINE ARGUMENTS:
C:\Program Files\Unity\Hub\Editor\6000.2.6f1\Editor\Unity.exe
-adb2
-batchMode
-noUpm
-name
AssetImportWorker16
-projectPath
C:/Users/trand/Documents/code/game-pixel-adventure-G8
-logFile
Logs/AssetImportWorker16.log
-srvPort
58587
-licensingIpc
LicenseClient-Híu
-job-worker-count
7
-background-job-worker-count
8
-gc-helper-count
1
-name
AssetImport
Successfully changed project path to: C:/Users/trand/Documents/code/game-pixel-adventure-G8
C:/Users/trand/Documents/code/game-pixel-adventure-G8
[UnityMemory] Configuration Parameters - Can be set up in boot.config
    "memorysetup-allocator-temp-initial-block-size-main=262144"
    "memorysetup-allocator-temp-initial-block-size-worker=262144"
    "memorysetup-bucket-allocator-granularity=16"
    "memorysetup-bucket-allocator-bucket-count=8"
    "memorysetup-bucket-allocator-block-size=33554432"
    "memorysetup-bucket-allocator-block-count=8"
    "memorysetup-main-allocator-block-size=16777216"
    "memorysetup-thread-allocator-block-size=16777216"
    "memorysetup-gfx-main-allocator-block-size=16777216"
    "memorysetup-gfx-thread-allocator-block-size=16777216"
    "memorysetup-cache-allocator-block-size=4194304"
    "memorysetup-typetree-allocator-block-size=2097152"
    "memorysetup-profiler-bucket-allocator-granularity=16"
    "memorysetup-profiler-bucket-allocator-bucket-count=8"
    "memorysetup-profiler-bucket-allocator-block-size=33554432"
    "memorysetup-profiler-bucket-allocator-block-count=8"
    "memorysetup-profiler-allocator-block-size=16777216"
    "memorysetup-profiler-editor-allocator-block-size=1048576"
    "memorysetup-temp-allocator-size-main=16777216"
    "memorysetup-job-temp-allocator-block-size=2097152"
    "memorysetup-job-temp-allocator-block-size-background=1048576"
    "memorysetup-job-temp-allocator-reduction-small-platforms=262144"
    "memorysetup-temp-allocator-size-background-worker=32768"
    "memorysetup-temp-allocator-size-job-worker=262144"
    "memorysetup-temp-allocator-size-preload-manager=33554432"
    "memorysetup-temp-allocator-size-nav-mesh-worker=65536"
    "memorysetup-temp-allocator-size-audio-worker=65536"
    "memorysetup-temp-allocator-size-cloud-worker=32768"
    "memorysetup-temp-allocator-size-gi-baking-worker=262144"
    "memorysetup-temp-allocator-size-gi-baking-worker=262144"
    "memorysetup-temp-allocator-size-gi-baking-worker=262144"
    "memorysetup-temp-allocator-size-gi-baking-worker=262144"
    "memorysetup-temp-allocator-size-gi-baking-worker=262144"
    "memorysetup-temp-allocator-size-gfx=262144"
Player connection [13540]  Target information:

Player connection [13540]  * "[IP] 172.21.176.1 [Port] 0 [Flags] 2 [Guid] 1586590744 [EditorId] 1586590744 [Version] 1048832 [Id] WindowsEditor(7,DESKTOP-KQGGDKQ) [Debug] 1 [PackageName] WindowsEditor [ProjectName] Editor" 

Player connection [13540]  * "[IP] 172.16.0.2 [Port] 0 [Flags] 2 [Guid] 1586590744 [EditorId] 1586590744 [Version] 1048832 [Id] WindowsEditor(7,DESKTOP-KQGGDKQ) [Debug] 1 [PackageName] WindowsEditor [ProjectName] Editor" 

Player connection [13540]  * "[IP] 192.168.100.69 [Port] 0 [Flags] 2 [Guid] 1586590744 [EditorId] 1586590744 [Version] 1048832 [Id] WindowsEditor(7,DESKTOP-KQGGDKQ) [Debug] 1 [PackageName] WindowsEditor [ProjectName] Editor" 

Player connection [13540] Host joined multi-casting on [225.0.0.222:54997]...
Player connection [13540] Host joined alternative multi-casting on [225.0.0.222:34997]...
JobSystem: Creating JobQueue using job-worker-count value 7
Input System module state changed to: Initialized.
[Physics::Module] Initialized fallback backend.
[Physics::Module] Id: 0xdecafbad
[Licensing::Client] Code 10 while verifying Licensing Client signature (process Id: 13960, path: "C:/Program Files/Unity Hub/UnityLicensingClient_V1/Unity.Licensing.Client.exe")
[Licensing::Module] LicensingClient has failed validation; ignoring
[Licensing::Client] Handshaking with LicensingClient:
  Version:                 1.17.3+a4e98f1
  Session Id:              6d1af40f32464efaba1378928718d474
  Correlation Id:          810fc0c69dfb65b87449e0fe76cc9d61
  External correlation Id: 6453936729052417154
  Machine Id:              ubQtK9t/8iWhmZWiigog6lzgitI=
[Licensing::Module] Successfully connected to LicensingClient on channel: "LicenseClient-Híu" (connect: 0.00s, validation: 0.00s, handshake: 0.05s)
[Licensing::IpcConnector] Successfully connected to: "LicenseClient-Híu-notifications" at "2025-10-22T10:18:49.336899Z"
[Licensing::Module] Licensing Background thread has ended after 0.06s
Library Redirect Path: Library/
[Physics::Module] Selected backend.
[Physics::Module] Name: PhysX
[Physics::Module] Id: 0xf2b8ea05
[Physics::Module] SDK Version: 4.1.2
[Physics::Module] Integration Version: 1.0.0
[Physics::Module] Threading Mode: Multi-Threaded
Refreshing native plugins compatible for Editor in 0.00 ms, found 0 plugins.
Preloading 0 native plugins for Editor in 0.00 ms.
Initialize engine version: 6000.2.6f1 (cc51a95c0300)
[Subsystems] Discovering subsystems at path C:/Program Files/Unity/Hub/Editor/6000.2.6f1/Editor/Data/Resources/UnitySubsystems
[Subsystems] Discovering subsystems at path C:/Users/trand/Documents/code/game-pixel-adventure-G8/Assets
GfxDevice: creating device client; kGfxThreadingModeNonThreaded
d3d12: failed to query info queue interface (0x80004002).
Direct3D:
    Version:         Direct3D 12 [level 12.1]
    Renderer:        Intel(R) Iris(R) Xe Graphics (ID=0x46a6)
    Vendor:          Intel
    VRAM:            7803 MB
    App VRAM Budget: 7157 MB
    Driver:          32.0.101.6881
    Unified Memory Architecture
    Cache Coherent UMA
Initialize mono
Mono path[0] = 'C:/Program Files/Unity/Hub/Editor/6000.2.6f1/Editor/Data/Managed'
Mono path[1] = 'C:/Program Files/Unity/Hub/Editor/6000.2.6f1/Editor/Data/MonoBleedingEdge/lib/mono/unityjit-win32'
Mono config path = 'C:/Program Files/Unity/Hub/Editor/6000.2.6f1/Editor/Data/MonoBleedingEdge/etc'
Using monoOptions --debugger-agent=transport=dt_socket,embedding=1,server=y,suspend=n,address=127.0.0.1:56440
Begin MonoManager ReloadAssembly
Registering precompiled unity dll's ...
Register platform support module: C:/Program Files/Unity/Hub/Editor/6000.2.6f1/Editor/Data/PlaybackEngines/WindowsStandaloneSupport/UnityEditor.WindowsStandalone.Extensions.dll
Registered in 0.001297 seconds.
- Loaded All Assemblies, in  0.403 seconds
Native extension for WindowsStandalone target not found
Mono: successfully reloaded assembly
- Finished resetting the current domain, in  0.371 seconds
Domain Reload Profiling: 773ms
	BeginReloadAssembly (142ms)
		ExecutionOrderSort (0ms)
		DisableScriptedObjects (0ms)
		BackupInstance (0ms)
		ReleaseScriptingObjects (0ms)
		CreateAndSetChildDomain (1ms)
	RebuildCommonClasses (36ms)
	RebuildNativeTypeToScriptingClass (14ms)
	initialDomainReloadingComplete (45ms)
	LoadAllAssembliesAndSetupDomain (165ms)
		LoadAssemblies (138ms)
		RebuildTransferFunctionScriptingTraits (0ms)
		AnalyzeDomain (162ms)
			TypeCache.Refresh (161ms)
				TypeCache.ScanAssembly (149ms)
			BuildScriptInfoCaches (0ms)
			ResolveRequiredComponents (0ms)
	FinalizeReload (372ms)
		ReleaseScriptCaches (0ms)
		RebuildScriptCaches (0ms)
		SetupLoadedEditorAssemblies (332ms)
			LogAssemblyErrors (0ms)
			InitializePlatformSupportModulesInManaged (51ms)
			SetLoadedEditorAssemblies (5ms)
			BeforeProcessingInitializeOnLoad (82ms)
			ProcessInitializeOnLoadAttributes (140ms)
			ProcessInitializeOnLoadMethodAttributes (54ms)
			AfterProcessingInitializeOnLoad (0ms)
			EditorAssembliesLoaded (0ms)
		ExecutionOrderSort2 (0ms)
		AwakeInstancesAfterBackupRestoration (0ms)
Assembly reference Packages/com.unity.cinemachine/Editor/Samples/ExposeHDRPInternals/HDRP-Editor-ref.asmref has no target assembly definition
========================================================================
Worker process is ready to serve import requests
Import Worker Mode flag is 0x00
Assembly reference Packages/com.unity.cinemachine/Editor/Samples/ExposeHDRPInternals/HDRP-Editor-ref.asmref has no target assembly definition
Assembly reference Packages/com.unity.cinemachine/Editor/Samples/ExposeHDRPInternals/HDRP-Editor-ref.asmref has no target assembly definition
Begin MonoManager ReloadAssembly
[Licensing::Client] Successfully resolved entitlement details
[Licensing::Module] License group:
  Id: ewogICJzdWJzR3JvdXAiIDogInVuaXR5IGVkaXRvciIsCiAgIm5hbWVzcGFjZSIgOiAidW5pdHlfZWRpdG9yIiwKICAidHlwZSIgOiAiRURJVE9SIiwKICAidGFnIiA6ICJVbml0eVBlcnNvbmFsXXXX
  Product: Unity Personal Version
  Type: Assigned
  Expiration: Unlimited
- Loaded All Assemblies, in  0.284 seconds
Assembly reference Packages/com.unity.cinemachine/Editor/Samples/ExposeHDRPInternals/HDRP-Editor-ref.asmref has no target assembly definition
'Packages/com.unity.cinemachine/Editor/Obsolete/CinemachineVirtualCameraBaseEditor.cs' contains partial class of Unity.Object, exactly 1 of the partial classes needs to be in a file with the same filename. This is to know the one that can be referenced from ie. GameObjects
'Packages/com.unity.cinemachine/Editor/Editors/CinemachineVirtualCameraBaseEditor.cs' contains partial class of Unity.Object, exactly 1 of the partial classes needs to be in a file with the same filename. This is to know the one that can be referenced from ie. GameObjects
Refreshing native plugins compatible for Editor in 0.00 ms, found 0 plugins.
Native extension for WindowsStandalone target not found
Assembly reference Packages/com.unity.cinemachine/Editor/Samples/ExposeHDRPInternals/HDRP-Editor-ref.asmref has no target assembly definition
Package Manager log level set to [2]
[Package Manager] Failed to launch server process. Reason: Unity was launched with the -noUpm command-line argument
[Package Manager] Unable to send message (not connected to server process).
[Package Manager] Cannot connect to Unity Package Manager local server
Mono: successfully reloaded assembly
- Finished resetting the current domain, in  0.573 seconds
Domain Reload Profiling: 857ms
	BeginReloadAssembly (174ms)
		ExecutionOrderSort (0ms)
		DisableScriptedObjects (6ms)
		BackupInstance (0ms)
		ReleaseScriptingObjects (0ms)
		CreateAndSetChildDomain (26ms)
	RebuildCommonClasses (31ms)
	RebuildNativeTypeToScriptingClass (11ms)
	initialDomainReloadingComplete (19ms)
	LoadAllAssembliesAndSetupDomain (48ms)
		LoadAssemblies (100ms)
		RebuildTransferFunctionScriptingTraits (0ms)
		AnalyzeDomain (38ms)
			TypeCache.Refresh (24ms)
				TypeCache.ScanAssembly (19ms)
			BuildScriptInfoCaches (8ms)
			ResolveRequiredComponents (5ms)
	FinalizeReload (574ms)
		ReleaseScriptCaches (0ms)
		RebuildScriptCaches (0ms)
		SetupLoadedEditorAssemblies (438ms)
			LogAssemblyErrors (0ms)
			InitializePlatformSupportModulesInManaged (2ms)
			SetLoadedEditorAssemblies (4ms)
			BeforeProcessingInitializeOnLoad (146ms)
			ProcessInitializeOnLoadAttributes (230ms)
			ProcessInitializeOnLoadMethodAttributes (50ms)
			AfterProcessingInitializeOnLoad (5ms)
			EditorAssembliesLoaded (0ms)
		ExecutionOrderSort2 (0ms)
		AwakeInstancesAfterBackupRestoration (9ms)
Launched and connected shader compiler UnityShaderCompiler.exe after 0.04 seconds
Refreshing native plugins compatible for Editor in 0.00 ms, found 0 plugins.
Preloading 0 native plugins for Editor in 0.00 ms.
Unloading 1 Unused Serialized files (Serialized files now loaded: 0)
Unloading 1157 unused Assets / (484.6 KB). Loaded Objects now: 1661.
Memory consumption went from 62.9 MB to 62.4 MB.
Total: 6.964900 ms (FindLiveObjects: 0.199900 ms CreateObjectMapping: 0.112300 ms MarkObjects: 5.888100 ms  DeleteObjects: 0.763100 ms)

========================================================================
Received Import Request.
  Time since last request: 16628.439368 seconds.
  path: Assets/BackGround/Green_2.asset
  artifactKey: Guid(33476a7fad387544b98b5b6c30896921) Importer(815301076,1909f56bfc062723c751e8b465ee728b)
Start importing Assets/BackGround/Green_2.asset using Guid(33476a7fad387544b98b5b6c30896921) Importer(815301076,1909f56bfc062723c751e8b465ee728b) (PreviewImporter) -> (artifact id: 'f59dc00f471626d6424580bcb1e3edac') in 0.2366926 seconds
Number of updated asset objects reloaded before import = 0Number of asset objects unloaded after import = 3

========================================================================
Received Import Request.
  Time since last request: 0.000044 seconds.
  path: Assets/BackGround/Green_8.asset
  artifactKey: Guid(69c4a49503f854f4f92c0c6f7e49b807) Importer(815301076,1909f56bfc062723c751e8b465ee728b)
Start importing Assets/BackGround/Green_8.asset using Guid(69c4a49503f854f4f92c0c6f7e49b807) Importer(815301076,1909f56bfc062723c751e8b465ee728b) (PreviewImporter) -> (artifact id: 'a582c7d1a565f6d8d32cdd73c633d65b') in 0.0068563 seconds
Number of updated asset objects reloaded before import = 0Number of asset objects unloaded after import = 3

========================================================================
Received Import Request.
  Time since last request: 0.000035 seconds.
  path: Assets/BackGround/Pink_7.asset
  artifactKey: Guid(dd23b03691581ce4db7ff323f9706e1e) Importer(815301076,1909f56bfc062723c751e8b465ee728b)
Start importing Assets/BackGround/Pink_7.asset using Guid(dd23b03691581ce4db7ff323f9706e1e) Importer(815301076,1909f56bfc062723c751e8b465ee728b) (PreviewImporter) -> (artifact id: '35ed86fe8693fa20d2c4524224f14ed0') in 0.0063132 seconds
Number of updated asset objects reloaded before import = 0Number of asset objects unloaded after import = 3

========================================================================
Received Import Request.
  Time since last request: 0.000038 seconds.
  path: Assets/BackGround/Green_9.asset
  artifactKey: Guid(8c2d314fbc013a04d9e6f221d1b6edd2) Importer(815301076,1909f56bfc062723c751e8b465ee728b)
Start importing Assets/BackGround/Green_9.asset using Guid(8c2d314fbc013a04d9e6f221d1b6edd2) Importer(815301076,1909f56bfc062723c751e8b465ee728b) (PreviewImporter) -> (artifact id: '9f701ed6fb6d638591ce9c0b486fa48e') in 0.0071461 seconds
Number of updated asset objects reloaded before import = 0Number of asset objects unloaded after import = 3

========================================================================
Received Import Request.
  Time since last request: 0.000040 seconds.
  path: Assets/BackGround/Green_3.asset
  artifactKey: Guid(cf72885b9baef944b95526a61b50b076) Importer(815301076,1909f56bfc062723c751e8b465ee728b)
Start importing Assets/BackGround/Green_3.asset using Guid(cf72885b9baef944b95526a61b50b076) Importer(815301076,1909f56bfc062723c751e8b465ee728b) (PreviewImporter) -> (artifact id: '87e25d4c97217bee8244edca2d348cb9') in 0.0059108 seconds
Number of updated asset objects reloaded before import = 0Number of asset objects unloaded after import = 3

========================================================================
Received Import Request.
  Time since last request: 0.000020 seconds.
  path: Assets/BackGround/Green_4.asset
  artifactKey: Guid(05d4a4bc4a1c89543951431b997adf99) Importer(815301076,1909f56bfc062723c751e8b465ee728b)
Start importing Assets/BackGround/Green_4.asset using Guid(05d4a4bc4a1c89543951431b997adf99) Importer(815301076,1909f56bfc062723c751e8b465ee728b) (PreviewImporter) -> (artifact id: 'c277b7de4ab8478e1c94f912a6e6c5b1') in 0.0061216 seconds
Number of updated asset objects reloaded before import = 0Number of asset objects unloaded after import = 3

========================================================================
Received Import Request.
  Time since last request: 0.000141 seconds.
  path: Assets/BackGround/Pink_5.asset
  artifactKey: Guid(c141efbe52aefa14996697c0992db907) Importer(815301076,1909f56bfc062723c751e8b465ee728b)
Start importing Assets/BackGround/Pink_5.asset using Guid(c141efbe52aefa14996697c0992db907) Importer(815301076,1909f56bfc062723c751e8b465ee728b) (PreviewImporter) -> (artifact id: 'd60392f1a491238374bf205acfecd550') in 0.0056369 seconds
Number of updated asset objects reloaded before import = 0Number of asset objects unloaded after import = 3

========================================================================
Received Import Request.
  Time since last request: 0.000016 seconds.
  path: Assets/BackGround/Pink_1.asset
  artifactKey: Guid(db9cba5adbdfbf34d9678cee31636f31) Importer(815301076,1909f56bfc062723c751e8b465ee728b)
Start importing Assets/BackGround/Pink_1.asset using Guid(db9cba5adbdfbf34d9678cee31636f31) Importer(815301076,1909f56bfc062723c751e8b465ee728b) (PreviewImporter) -> (artifact id: 'abbe8b23db8d4efe6a2e4ae8fb2c3f05') in 0.0049889 seconds
Number of updated asset objects reloaded before import = 0Number of asset objects unloaded after import = 3

========================================================================
Received Import Request.
  Time since last request: 0.665140 seconds.
  path: Assets/BackGround/Purple_10.asset
  artifactKey: Guid(70e07b33c5fb37e4296fab88bc99c982) Importer(2089858483,192608db42251d675da83286b1cce702)
Start importing Assets/BackGround/Purple_10.asset using Guid(70e07b33c5fb37e4296fab88bc99c982) Importer(2089858483,192608db42251d675da83286b1cce702) (ScriptedImporter) -> (artifact id: '85ddaeedb05f53e930a622105c0f4294') in 0.1874239 seconds
Number of updated asset objects reloaded before import = 0Number of asset objects unloaded after import = 2

========================================================================
Received Import Request.
  Time since last request: 0.000236 seconds.
  path: Assets/BackGround/Gray_14.asset
  artifactKey: Guid(ce1092bee5f91b2469166bbd2846d49b) Importer(2089858483,192608db42251d675da83286b1cce702)
Start importing Assets/BackGround/Gray_14.asset using Guid(ce1092bee5f91b2469166bbd2846d49b) Importer(2089858483,192608db42251d675da83286b1cce702) (ScriptedImporter) -> (artifact id: '7e4040e165592b87c221673c8fedcb61') in 0.0086857 seconds
Number of updated asset objects reloaded before import = 0Number of asset objects unloaded after import = 2

========================================================================
Received Import Request.
  Time since last request: 0.000286 seconds.
  path: Assets/BackGround/Purple_4.asset
  artifactKey: Guid(ac048006e8215374fb80517b7e7a61ed) Importer(2089858483,192608db42251d675da83286b1cce702)
Start importing Assets/BackGround/Purple_4.asset using Guid(ac048006e8215374fb80517b7e7a61ed) Importer(2089858483,192608db42251d675da83286b1cce702) (ScriptedImporter) -> (artifact id: '339cf2f5da286eef50ad27e4b2d8258d') in 0.0046915 seconds
Number of updated asset objects reloaded before import = 0Number of asset objects unloaded after import = 2

========================================================================
Received Import Request.
  Time since last request: 0.000238 seconds.
  path: Assets/BackGround/Yellow_6.asset
  artifactKey: Guid(9b43433ae9c05704b8bca4f0c057e80a) Importer(2089858483,192608db42251d675da83286b1cce702)
Start importing Assets/BackGround/Yellow_6.asset using Guid(9b43433ae9c05704b8bca4f0c057e80a) Importer(2089858483,192608db42251d675da83286b1cce702) (ScriptedImporter) -> (artifact id: '4cced99ce63716485f4aa24bf387dca9') in 0.0045474 seconds
Number of updated asset objects reloaded before import = 0Number of asset objects unloaded after import = 2

========================================================================
Received Import Request.
  Time since last request: 0.000133 seconds.
  path: Assets/BackGround/Purple_13.asset
  artifactKey: Guid(b83646abca02d9b49b9092c8dbed78e7) Importer(2089858483,192608db42251d675da83286b1cce702)
Start importing Assets/BackGround/Purple_13.asset using Guid(b83646abca02d9b49b9092c8dbed78e7) Importer(2089858483,192608db42251d675da83286b1cce702) (ScriptedImporter) -> (artifact id: '82d316b951e1465fa1886075ba09abd2') in 0.0065721 seconds
Number of updated asset objects reloaded before import = 0Number of asset objects unloaded after import = 2

========================================================================
Received Import Request.
  Time since last request: 0.000023 seconds.
  path: Assets/BackGround/Blue_14.asset
  artifactKey: Guid(331684ee2ec9e644998945a5ff5f60fe) Importer(2089858483,192608db42251d675da83286b1cce702)
Start importing Assets/BackGround/Blue_14.asset using Guid(331684ee2ec9e644998945a5ff5f60fe) Importer(2089858483,192608db42251d675da83286b1cce702) (ScriptedImporter) -> (artifact id: '3d20588806a78024743df0485d78a936') in 0.0083227 seconds
Number of updated asset objects reloaded before import = 0Number of asset objects unloaded after import = 2

========================================================================
Received Import Request.
  Time since last request: 0.000448 seconds.
  path: Assets/BackGround/Yellow_4.asset
  artifactKey: Guid(9350d3fe61afbe24aad6cca61377f02a) Importer(2089858483,192608db42251d675da83286b1cce702)
Start importing Assets/BackGround/Yellow_4.asset using Guid(9350d3fe61afbe24aad6cca61377f02a) Importer(2089858483,192608db42251d675da83286b1cce702) (ScriptedImporter) -> (artifact id: '619a453ed5abe135fbee765f7cff82d2') in 0.005238 seconds
Number of updated asset objects reloaded before import = 0Number of asset objects unloaded after import = 2

========================================================================
Received Import Request.
  Time since last request: 0.000312 seconds.
  path: Assets/BackGround/Yellow_13.asset
  artifactKey: Guid(3fc442b998dd4664ab6a9d509fa34dad) Importer(2089858483,192608db42251d675da83286b1cce702)
Start importing Assets/BackGround/Yellow_13.asset using Guid(3fc442b998dd4664ab6a9d509fa34dad) Importer(2089858483,192608db42251d675da83286b1cce702) (ScriptedImporter) -> (artifact id: 'a1c2be1072399bb407da9ddf75635ea5') in 0.0066081 seconds
Number of updated asset objects reloaded before import = 0Number of asset objects unloaded after import = 2

========================================================================
Received Import Request.
  Time since last request: 0.000498 seconds.
  path: Assets/BackGround/Gray_3.asset
  artifactKey: Guid(2319b18c0cbfc0048b9d03ab0608295c) Importer(2089858483,192608db42251d675da83286b1cce702)
Start importing Assets/BackGround/Gray_3.asset using Guid(2319b18c0cbfc0048b9d03ab0608295c) Importer(2089858483,192608db42251d675da83286b1cce702) (ScriptedImporter) -> (artifact id: '5b75f984037fa08ba55845118da12dcd') in 0.005958 seconds
Number of updated asset objects reloaded before import = 0Number of asset objects unloaded after import = 2

========================================================================
Received Import Request.
  Time since last request: 0.000320 seconds.
  path: Assets/BackGround/Green_5.asset
  artifactKey: Guid(5e6860dfcbc5df84da3ad48732eabbe7) Importer(2089858483,192608db42251d675da83286b1cce702)
Start importing Assets/BackGround/Green_5.asset using Guid(5e6860dfcbc5df84da3ad48732eabbe7) Importer(2089858483,192608db42251d675da83286b1cce702) (ScriptedImporter) -> (artifact id: 'dfcb146e123055a4ec172df2a3b67fcf') in 0.0093869 seconds
Number of updated asset objects reloaded before import = 0Number of asset objects unloaded after import = 2

========================================================================
Received Import Request.
  Time since last request: 0.000174 seconds.
  path: Assets/BackGround/Yellow_8.asset
  artifactKey: Guid(0a417f7680eb61d4e8066e01830f99c5) Importer(2089858483,192608db42251d675da83286b1cce702)
Start importing Assets/BackGround/Yellow_8.asset using Guid(0a417f7680eb61d4e8066e01830f99c5) Importer(2089858483,192608db42251d675da83286b1cce702) (ScriptedImporter) -> (artifact id: '79fd83ec243090b7298b6a49655aa566') in 0.0102654 seconds
Number of updated asset objects reloaded before import = 0Number of asset objects unloaded after import = 2

========================================================================
Received Import Request.
  Time since last request: 0.000269 seconds.
  path: Assets/BackGround/Brown_10.asset
  artifactKey: Guid(58941dc4951deab4498ccf5af8db8b1a) Importer(2089858483,192608db42251d675da83286b1cce702)
Start importing Assets/BackGround/Brown_10.asset using Guid(58941dc4951deab4498ccf5af8db8b1a) Importer(2089858483,192608db42251d675da83286b1cce702) (ScriptedImporter) -> (artifact id: '2a967e85fec1963a1d40a17887ea9153') in 0.0052807 seconds
Number of updated asset objects reloaded before import = 0Number of asset objects unloaded after import = 2

========================================================================
Received Import Request.
  Time since last request: 0.000094 seconds.
  path: Assets/BackGround/Green_1.asset
  artifactKey: Guid(0f153263e8b9dc44ea457bc4b74cb454) Importer(2089858483,192608db42251d675da83286b1cce702)
Start importing Assets/BackGround/Green_1.asset using Guid(0f153263e8b9dc44ea457bc4b74cb454) Importer(2089858483,192608db42251d675da83286b1cce702) (ScriptedImporter) -> (artifact id: 'e349dfcdd136a28085aef2223bfb3f0b') in 0.0076648 seconds
Number of updated asset objects reloaded before import = 0Number of asset objects unloaded after import = 2

========================================================================
Received Import Request.
  Time since last request: 0.000218 seconds.
  path: Assets/BackGround/Pink_9.asset
  artifactKey: Guid(5deb848b1f0c2c14ea0cf8e77f52bda2) Importer(2089858483,192608db42251d675da83286b1cce702)
Start importing Assets/BackGround/Pink_9.asset using Guid(5deb848b1f0c2c14ea0cf8e77f52bda2) Importer(2089858483,192608db42251d675da83286b1cce702) (ScriptedImporter) -> (artifact id: '1b40e8e193310925448de6ece1a208fa') in 0.0072779 seconds
Number of updated asset objects reloaded before import = 0Number of asset objects unloaded after import = 2

========================================================================
Received Import Request.
  Time since last request: 0.000089 seconds.
  path: Assets/BackGround/Blue_11.asset
  artifactKey: Guid(eb279a6c912e99148ada0e9ae6484cee) Importer(2089858483,192608db42251d675da83286b1cce702)
Start importing Assets/BackGround/Blue_11.asset using Guid(eb279a6c912e99148ada0e9ae6484cee) Importer(2089858483,192608db42251d675da83286b1cce702) (ScriptedImporter) -> (artifact id: 'db564eb39d6a2a6678fec97c2cda260a') in 0.0081717 seconds
Number of updated asset objects reloaded before import = 0Number of asset objects unloaded after import = 2

========================================================================
Received Import Request.
  Time since last request: 0.000024 seconds.
  path: Assets/BackGround/Blue_15.asset
  artifactKey: Guid(94a196f530f2d254d8a2d05aa3cce5cc) Importer(2089858483,192608db42251d675da83286b1cce702)
Start importing Assets/BackGround/Blue_15.asset using Guid(94a196f530f2d254d8a2d05aa3cce5cc) Importer(2089858483,192608db42251d675da83286b1cce702) (ScriptedImporter) -> (artifact id: '28ca452732c9e6e799ed9b293eacb2a0') in 0.0093056 seconds
Number of updated asset objects reloaded before import = 0Number of asset objects unloaded after import = 2

========================================================================
Received Import Request.
  Time since last request: 0.000225 seconds.
  path: Assets/BackGround/Blue_7.asset
  artifactKey: Guid(30302e9c6c3a85c4cbea8c06918a5a30) Importer(2089858483,192608db42251d675da83286b1cce702)
Start importing Assets/BackGround/Blue_7.asset using Guid(30302e9c6c3a85c4cbea8c06918a5a30) Importer(2089858483,192608db42251d675da83286b1cce702) (ScriptedImporter) -> (artifact id: '11093fa2ca6695f4aa8a32a808644ba1') in 0.00774 seconds
Number of updated asset objects reloaded before import = 0Number of asset objects unloaded after import = 2

========================================================================
Received Import Request.
  Time since last request: 0.000114 seconds.
  path: Assets/BackGround/Purple_15.asset
  artifactKey: Guid(dc4a71930b1597142af6205aaa5e5c83) Importer(2089858483,192608db42251d675da83286b1cce702)
Start importing Assets/BackGround/Purple_15.asset using Guid(dc4a71930b1597142af6205aaa5e5c83) Importer(2089858483,192608db42251d675da83286b1cce702) (ScriptedImporter) -> (artifact id: 'd97b225191257972cf807c104e4dcb00') in 0.0077156 seconds
Number of updated asset objects reloaded before import = 0Number of asset objects unloaded after import = 2

========================================================================
Received Import Request.
  Time since last request: 0.000232 seconds.
  path: Assets/BackGround/Gray_6.asset
  artifactKey: Guid(f3931f8437daef24284c8d2daf75aa41) Importer(2089858483,192608db42251d675da83286b1cce702)
Start importing Assets/BackGround/Gray_6.asset using Guid(f3931f8437daef24284c8d2daf75aa41) Importer(2089858483,192608db42251d675da83286b1cce702) (ScriptedImporter) -> (artifact id: '33dac66cb391efba1619d521eb02f318') in 0.0081619 seconds
Number of updated asset objects reloaded before import = 0Number of asset objects unloaded after import = 2

========================================================================
Received Import Request.
  Time since last request: 0.000214 seconds.
  path: Assets/BackGround/Purple_7.asset
  artifactKey: Guid(1475d329f4a7b7c4fbf5500e444b050e) Importer(2089858483,192608db42251d675da83286b1cce702)
Start importing Assets/BackGround/Purple_7.asset using Guid(1475d329f4a7b7c4fbf5500e444b050e) Importer(2089858483,192608db42251d675da83286b1cce702) (ScriptedImporter) -> (artifact id: 'b1a7adc90e00feba3ab83d6943ca9bcc') in 0.008376 seconds
Number of updated asset objects reloaded before import = 0Number of asset objects unloaded after import = 2

========================================================================
Received Import Request.
  Time since last request: 0.000190 seconds.
  path: Assets/BackGround/Blue_8.asset
  artifactKey: Guid(6f9b92900aab6494aa3b356bb135a6ea) Importer(2089858483,192608db42251d675da83286b1cce702)
Start importing Assets/BackGround/Blue_8.asset using Guid(6f9b92900aab6494aa3b356bb135a6ea) Importer(2089858483,192608db42251d675da83286b1cce702) (ScriptedImporter) -> (artifact id: '71f65d9b4d751881a89c1cd8c1b6998e') in 0.009954 seconds
Number of updated asset objects reloaded before import = 0Number of asset objects unloaded after import = 2

========================================================================
Received Import Request.
  Time since last request: 0.000028 seconds.
  path: Assets/BackGround/Yellow_2.asset
  artifactKey: Guid(66247ce39e4c4314da3f5ef4af9a3076) Importer(2089858483,192608db42251d675da83286b1cce702)
Start importing Assets/BackGround/Yellow_2.asset using Guid(66247ce39e4c4314da3f5ef4af9a3076) Importer(2089858483,192608db42251d675da83286b1cce702) (ScriptedImporter) -> (artifact id: '2d853548a5e9dd60b6140161e90c7e31') in 0.0082445 seconds
Number of updated asset objects reloaded before import = 0Number of asset objects unloaded after import = 2

========================================================================
Received Import Request.
  Time since last request: 0.000027 seconds.
  path: Assets/BackGround/Green_11.asset
  artifactKey: Guid(4c0b58706bbf93d4ea4f513fea6a108f) Importer(2089858483,192608db42251d675da83286b1cce702)
Start importing Assets/BackGround/Green_11.asset using Guid(4c0b58706bbf93d4ea4f513fea6a108f) Importer(2089858483,192608db42251d675da83286b1cce702) (ScriptedImporter) -> (artifact id: '8e8b33cb8748c4f9ef1dabea748c4a0a') in 0.0083711 seconds
Number of updated asset objects reloaded before import = 0Number of asset objects unloaded after import = 2

========================================================================
Received Import Request.
  Time since last request: 0.000142 seconds.
  path: Assets/BackGround/Brown_9.asset
  artifactKey: Guid(796ca3a8c45233e44a1894867c58310e) Importer(2089858483,192608db42251d675da83286b1cce702)
Start importing Assets/BackGround/Brown_9.asset using Guid(796ca3a8c45233e44a1894867c58310e) Importer(2089858483,192608db42251d675da83286b1cce702) (ScriptedImporter) -> (artifact id: '726ac8e9689f26e35a13a13cb8a3add0') in 0.0084015 seconds
Number of updated asset objects reloaded before import = 0Number of asset objects unloaded after import = 2

========================================================================
Received Import Request.
  Time since last request: 0.000032 seconds.
  path: Assets/BackGround/Blue_9.asset
  artifactKey: Guid(924adaa308d4ad340aaee451ef9cd1c1) Importer(2089858483,192608db42251d675da83286b1cce702)
Start importing Assets/BackGround/Blue_9.asset using Guid(924adaa308d4ad340aaee451ef9cd1c1) Importer(2089858483,192608db42251d675da83286b1cce702) (ScriptedImporter) -> (artifact id: 'af316cc5603be92e7154ec99e62a24d0') in 0.0069392 seconds
Number of updated asset objects reloaded before import = 0Number of asset objects unloaded after import = 2

========================================================================
Received Import Request.
  Time since last request: 0.000026 seconds.
  path: Assets/BackGround/Green_9.asset
  artifactKey: Guid(8c2d314fbc013a04d9e6f221d1b6edd2) Importer(2089858483,192608db42251d675da83286b1cce702)
Start importing Assets/BackGround/Green_9.asset using Guid(8c2d314fbc013a04d9e6f221d1b6edd2) Importer(2089858483,192608db42251d675da83286b1cce702) (ScriptedImporter) -> (artifact id: '99c6e2ab23689e511b4ad22bf8500f65') in 0.0083861 seconds
Number of updated asset objects reloaded before import = 0Number of asset objects unloaded after import = 2

========================================================================
Received Import Request.
  Time since last request: 0.000085 seconds.
  path: Assets/BackGround/Gray_13.asset
  artifactKey: Guid(12634ad1602696147b5b173ee47f677a) Importer(2089858483,192608db42251d675da83286b1cce702)
Start importing Assets/BackGround/Gray_13.asset using Guid(12634ad1602696147b5b173ee47f677a) Importer(2089858483,192608db42251d675da83286b1cce702) (ScriptedImporter) -> (artifact id: 'c6cab3d3a3a45c18d164a5133943a453') in 0.0095188 seconds
Number of updated asset objects reloaded before import = 0Number of asset objects unloaded after import = 2

========================================================================
Received Import Request.
  Time since last request: 0.000062 seconds.
  path: Assets/BackGround/Gray_10.asset
  artifactKey: Guid(1315e39657a808348b9c8ade3109dc6e) Importer(2089858483,192608db42251d675da83286b1cce702)
Start importing Assets/BackGround/Gray_10.asset using Guid(1315e39657a808348b9c8ade3109dc6e) Importer(2089858483,192608db42251d675da83286b1cce702) (ScriptedImporter) -> (artifact id: 'a3e162f44ed02fc212d97e4ce4c59236') in 0.0075768 seconds
Number of updated asset objects reloaded before import = 0Number of asset objects unloaded after import = 2

========================================================================
Received Import Request.
  Time since last request: 0.000041 seconds.
  path: Assets/BackGround/Gray_15.asset
  artifactKey: Guid(061121020a27c5049abb9dd105e721e7) Importer(2089858483,192608db42251d675da83286b1cce702)
Start importing Assets/BackGround/Gray_15.asset using Guid(061121020a27c5049abb9dd105e721e7) Importer(2089858483,192608db42251d675da83286b1cce702) (ScriptedImporter) -> (artifact id: '3ba2773cb5118c9c57acd194859cb60f') in 0.0072219 seconds
Number of updated asset objects reloaded before import = 0Number of asset objects unloaded after import = 2

========================================================================
Received Import Request.
  Time since last request: 0.000050 seconds.
  path: Assets/BackGround/Yellow_1.asset
  artifactKey: Guid(2eea60c72d75ffb4abddecfb3a6b996b) Importer(2089858483,192608db42251d675da83286b1cce702)
Start importing Assets/BackGround/Yellow_1.asset using Guid(2eea60c72d75ffb4abddecfb3a6b996b) Importer(2089858483,192608db42251d675da83286b1cce702) (ScriptedImporter) -> (artifact id: '359a07998e096687d7baed011d4c97d3') in 0.005016 seconds
Number of updated asset objects reloaded before import = 0Number of asset objects unloaded after import = 2

========================================================================
Received Import Request.
  Time since last request: 0.000097 seconds.
  path: Assets/BackGround/Pink_1.asset
  artifactKey: Guid(db9cba5adbdfbf34d9678cee31636f31) Importer(2089858483,192608db42251d675da83286b1cce702)
Start importing Assets/BackGround/Pink_1.asset using Guid(db9cba5adbdfbf34d9678cee31636f31) Importer(2089858483,192608db42251d675da83286b1cce702) (ScriptedImporter) -> (artifact id: '226ebfe414c77211230f52ce315bf6ba') in 0.0055517 seconds
Number of updated asset objects reloaded before import = 0Number of asset objects unloaded after import = 2

========================================================================
Received Import Request.
  Time since last request: 0.000031 seconds.
  path: Assets/BackGround/Purple_11.asset
  artifactKey: Guid(4aabe0da3b4f29246be0112b37336483) Importer(2089858483,192608db42251d675da83286b1cce702)
Start importing Assets/BackGround/Purple_11.asset using Guid(4aabe0da3b4f29246be0112b37336483) Importer(2089858483,192608db42251d675da83286b1cce702) (ScriptedImporter) -> (artifact id: 'f57cd02c374eabd22ed49b42e268569c') in 0.0084304 seconds
Number of updated asset objects reloaded before import = 0Number of asset objects unloaded after import = 2

========================================================================
Received Import Request.
  Time since last request: 0.000027 seconds.
  path: Assets/BackGround/Blue_1.asset
  artifactKey: Guid(42d8b0d335c8aaa4bbbfdcd667b9eacc) Importer(2089858483,192608db42251d675da83286b1cce702)
Start importing Assets/BackGround/Blue_1.asset using Guid(42d8b0d335c8aaa4bbbfdcd667b9eacc) Importer(2089858483,192608db42251d675da83286b1cce702) (ScriptedImporter) -> (artifact id: '4ec5798a5c84f82653df7449d8b977b5') in 0.0081718 seconds
Number of updated asset objects reloaded before import = 0Number of asset objects unloaded after import = 2

========================================================================
Received Import Request.
  Time since last request: 0.000026 seconds.
  path: Assets/BackGround/Brown_8.asset
  artifactKey: Guid(3f35b3aab5b114243a0d6afa4c8378e9) Importer(2089858483,192608db42251d675da83286b1cce702)
Start importing Assets/BackGround/Brown_8.asset using Guid(3f35b3aab5b114243a0d6afa4c8378e9) Importer(2089858483,192608db42251d675da83286b1cce702) (ScriptedImporter) -> (artifact id: '2a4575490f649043bebd5db632cc0f1f') in 0.0079617 seconds
Number of updated asset objects reloaded before import = 0Number of asset objects unloaded after import = 2

========================================================================
Received Import Request.
  Time since last request: 0.000032 seconds.
  path: Assets/BackGround/Purple_14.asset
  artifactKey: Guid(9a4ac18ef72c60f4dbe55ae27a91d63d) Importer(2089858483,192608db42251d675da83286b1cce702)
Start importing Assets/BackGround/Purple_14.asset using Guid(9a4ac18ef72c60f4dbe55ae27a91d63d) Importer(2089858483,192608db42251d675da83286b1cce702) (ScriptedImporter) -> (artifact id: '118c0d2f8eaa0673eccd2dd29f6e31c0') in 0.008121 seconds
Number of updated asset objects reloaded before import = 0Number of asset objects unloaded after import = 2

========================================================================
Received Import Request.
  Time since last request: 0.000042 seconds.
  path: Assets/BackGround/Pink_4.asset
  artifactKey: Guid(ae17b0b6b3bfd6745af9b695a91d240c) Importer(2089858483,192608db42251d675da83286b1cce702)
Start importing Assets/BackGround/Pink_4.asset using Guid(ae17b0b6b3bfd6745af9b695a91d240c) Importer(2089858483,192608db42251d675da83286b1cce702) (ScriptedImporter) -> (artifact id: '1d9cb1596e731ca882d738871bc60d21') in 0.0082935 seconds
Number of updated asset objects reloaded before import = 0Number of asset objects unloaded after import = 2

========================================================================
Received Import Request.
  Time since last request: 0.000031 seconds.
  path: Assets/BackGround/Brown_15.asset
  artifactKey: Guid(316b14fc26c50da4f96d8227a80b8e32) Importer(2089858483,192608db42251d675da83286b1cce702)
Start importing Assets/BackGround/Brown_15.asset using Guid(316b14fc26c50da4f96d8227a80b8e32) Importer(2089858483,192608db42251d675da83286b1cce702) (ScriptedImporter) -> (artifact id: '8789c41c047fddf2236f4ce2822f7a4d') in 0.0064101 seconds
Number of updated asset objects reloaded before import = 0Number of asset objects unloaded after import = 2

========================================================================
Received Import Request.
  Time since last request: 0.000024 seconds.
  path: Assets/BackGround/Blue_13.asset
  artifactKey: Guid(bcf54df73abc92a4ea87e51b21847b9f) Importer(2089858483,192608db42251d675da83286b1cce702)
Start importing Assets/BackGround/Blue_13.asset using Guid(bcf54df73abc92a4ea87e51b21847b9f) Importer(2089858483,192608db42251d675da83286b1cce702) (ScriptedImporter) -> (artifact id: '1070574b347e726cb928db82b58995f4') in 0.0082721 seconds
Number of updated asset objects reloaded before import = 0Number of asset objects unloaded after import = 2

========================================================================
Received Import Request.
  Time since last request: 0.000042 seconds.
  path: Assets/BackGround/Yellow_12.asset
  artifactKey: Guid(c66ea2ba869cdc74fa5b74b3f14693b8) Importer(2089858483,192608db42251d675da83286b1cce702)
Start importing Assets/BackGround/Yellow_12.asset using Guid(c66ea2ba869cdc74fa5b74b3f14693b8) Importer(2089858483,192608db42251d675da83286b1cce702) (ScriptedImporter) -> (artifact id: 'ba7b0bfa6127ebc586f30d420d849dee') in 0.0080623 seconds
Number of updated asset objects reloaded before import = 0Number of asset objects unloaded after import = 2

========================================================================
Received Import Request.
  Time since last request: 0.000021 seconds.
  path: Assets/BackGround/Brown_12.asset
  artifactKey: Guid(d997c7aabf832e84f8e33cb02f96eb93) Importer(2089858483,192608db42251d675da83286b1cce702)
Start importing Assets/BackGround/Brown_12.asset using Guid(d997c7aabf832e84f8e33cb02f96eb93) Importer(2089858483,192608db42251d675da83286b1cce702) (ScriptedImporter) -> (artifact id: '9e9db7861a8d9efa4586ac9b5fc64650') in 0.0064753 seconds
Number of updated asset objects reloaded before import = 0Number of asset objects unloaded after import = 2

========================================================================
Received Import Request.
  Time since last request: 0.000031 seconds.
  path: Assets/BackGround/Gray_9.asset
  artifactKey: Guid(df5b5ad8a5d08374196b2c0ec910f3ac) Importer(2089858483,192608db42251d675da83286b1cce702)
Start importing Assets/BackGround/Gray_9.asset using Guid(df5b5ad8a5d08374196b2c0ec910f3ac) Importer(2089858483,192608db42251d675da83286b1cce702) (ScriptedImporter) -> (artifact id: 'bdc422c20591383f6340261ddb2ae82d') in 0.0080045 seconds
Number of updated asset objects reloaded before import = 0Number of asset objects unloaded after import = 2

========================================================================
Received Import Request.
  Time since last request: 0.000037 seconds.
  path: Assets/BackGround/Pink_11.asset
  artifactKey: Guid(ceae318df098f2b4295d873ef0820ee5) Importer(2089858483,192608db42251d675da83286b1cce702)
Start importing Assets/BackGround/Pink_11.asset using Guid(ceae318df098f2b4295d873ef0820ee5) Importer(2089858483,192608db42251d675da83286b1cce702) (ScriptedImporter) -> (artifact id: '46c7c030c2a3118771c7718d38cd2b7a') in 0.0072378 seconds
Number of updated asset objects reloaded before import = 0Number of asset objects unloaded after import = 2

========================================================================
Received Prepare
Assembly reference Packages/com.unity.cinemachine/Editor/Samples/ExposeHDRPInternals/HDRP-Editor-ref.asmref has no target assembly definition
Assembly reference Packages/com.unity.cinemachine/Editor/Samples/ExposeHDRPInternals/HDRP-Editor-ref.asmref has no target assembly definition
Begin MonoManager ReloadAssembly
[Licensing::Client] Successfully resolved entitlement details
- Loaded All Assemblies, in  0.308 seconds
Assembly reference Packages/com.unity.cinemachine/Editor/Samples/ExposeHDRPInternals/HDRP-Editor-ref.asmref has no target assembly definition
'Packages/com.unity.cinemachine/Editor/Obsolete/CinemachineVirtualCameraBaseEditor.cs' contains partial class of Unity.Object, exactly 1 of the partial classes needs to be in a file with the same filename. This is to know the one that can be referenced from ie. GameObjects
'Packages/com.unity.cinemachine/Editor/Editors/CinemachineVirtualCameraBaseEditor.cs' contains partial class of Unity.Object, exactly 1 of the partial classes needs to be in a file with the same filename. This is to know the one that can be referenced from ie. GameObjects
Refreshing native plugins compatible for Editor in 0.00 ms, found 0 plugins.
Native extension for WindowsStandalone target not found
Assembly reference Packages/com.unity.cinemachine/Editor/Samples/ExposeHDRPInternals/HDRP-Editor-ref.asmref has no target assembly definition
[Package Manager] Failed to launch server process. Reason: Unity was launched with the -noUpm command-line argument
[Package Manager] Unable to send message (not connected to server process).
[Package Manager] Cannot connect to Unity Package Manager local server
Mono: successfully reloaded assembly
- Finished resetting the current domain, in  0.489 seconds
Domain Reload Profiling: 797ms
	BeginReloadAssembly (195ms)
		ExecutionOrderSort (0ms)
		DisableScriptedObjects (7ms)
		BackupInstance (0ms)
		ReleaseScriptingObjects (0ms)
		CreateAndSetChildDomain (38ms)
	RebuildCommonClasses (45ms)
	RebuildNativeTypeToScriptingClass (11ms)
	initialDomainReloadingComplete (18ms)
	LoadAllAssembliesAndSetupDomain (38ms)
		LoadAssemblies (113ms)
		RebuildTransferFunctionScriptingTraits (0ms)
		AnalyzeDomain (30ms)
			TypeCache.Refresh (3ms)
				TypeCache.ScanAssembly (0ms)
			BuildScriptInfoCaches (19ms)
			ResolveRequiredComponents (5ms)
	FinalizeReload (490ms)
		ReleaseScriptCaches (0ms)
		RebuildScriptCaches (0ms)
		SetupLoadedEditorAssemblies (368ms)
			LogAssemblyErrors (0ms)
			InitializePlatformSupportModulesInManaged (3ms)
			SetLoadedEditorAssemblies (4ms)
			BeforeProcessingInitializeOnLoad (119ms)
			ProcessInitializeOnLoadAttributes (205ms)
			ProcessInitializeOnLoadMethodAttributes (30ms)
			AfterProcessingInitializeOnLoad (8ms)
			EditorAssembliesLoaded (0ms)
		ExecutionOrderSort2 (0ms)
		AwakeInstancesAfterBackupRestoration (8ms)
Refreshing native plugins compatible for Editor in 0.00 ms, found 0 plugins.
Preloading 0 native plugins for Editor in 0.00 ms.
Unloading 1 Unused Serialized files (Serialized files now loaded: 0)
Unloading 1155 unused Assets / (311.5 KB). Loaded Objects now: 1669.
Memory consumption went from 68.0 MB to 67.7 MB.
Total: 4.743400 ms (FindLiveObjects: 0.266900 ms CreateObjectMapping: 0.062300 ms MarkObjects: 3.879300 ms  DeleteObjects: 0.532700 ms)

Prepare: number of updated asset objects reloaded= 0
Editor requested this worker to shutdown with reason: Scaling down because of idle timeout
AssetImportWorker is now disconnected from the server
Process exiting
Exiting without the bug reporter. Application will terminate with return code 0