[Licensing::Module] Trying to connect to existing licensing client channel...
Built from '6000.2/staging' branch; Version is '6000.2.6f1 (cc51a95c0300) revision 13390249'; Using compiler version '194234433'; Build Type 'Release'
OS: 'Windows 11  (10.0.22631) 64bit Professional' Language: 'en' Physical Memory: 15606 MB
BatchMode: 1, IsHumanControllingUs: 0, StartBugReporterOnCrash: 0, Is64bit: 1
Date: 2025-10-22T10:12:26Z
[Licensing::IpcConnector] Successfully connected to: "LicenseClient-Híu" at "2025-10-22T10:12:26.6782637Z"

COMMAND LINE ARGUMENTS:
C:\Program Files\Unity\Hub\Editor\6000.2.6f1\Editor\Unity.exe
-adb2
-batchMode
-noUpm
-name
AssetImportWorker15
-projectPath
C:/Users/trand/Documents/code/game-pixel-adventure-G8
-logFile
Logs/AssetImportWorker15.log
-srvPort
58587
-licensingIpc
LicenseClient-Híu
-job-worker-count
7
-background-job-worker-count
8
-gc-helper-count
1
-name
AssetImport
Successfully changed project path to: C:/Users/trand/Documents/code/game-pixel-adventure-G8
C:/Users/trand/Documents/code/game-pixel-adventure-G8
[UnityMemory] Configuration Parameters - Can be set up in boot.config
    "memorysetup-allocator-temp-initial-block-size-main=262144"
    "memorysetup-allocator-temp-initial-block-size-worker=262144"
    "memorysetup-bucket-allocator-granularity=16"
    "memorysetup-bucket-allocator-bucket-count=8"
    "memorysetup-bucket-allocator-block-size=33554432"
    "memorysetup-bucket-allocator-block-count=8"
    "memorysetup-main-allocator-block-size=16777216"
    "memorysetup-thread-allocator-block-size=16777216"
    "memorysetup-gfx-main-allocator-block-size=16777216"
    "memorysetup-gfx-thread-allocator-block-size=16777216"
    "memorysetup-cache-allocator-block-size=4194304"
    "memorysetup-typetree-allocator-block-size=2097152"
    "memorysetup-profiler-bucket-allocator-granularity=16"
    "memorysetup-profiler-bucket-allocator-bucket-count=8"
    "memorysetup-profiler-bucket-allocator-block-size=33554432"
    "memorysetup-profiler-bucket-allocator-block-count=8"
    "memorysetup-profiler-allocator-block-size=16777216"
    "memorysetup-profiler-editor-allocator-block-size=1048576"
    "memorysetup-temp-allocator-size-main=16777216"
    "memorysetup-job-temp-allocator-block-size=2097152"
    "memorysetup-job-temp-allocator-block-size-background=1048576"
    "memorysetup-job-temp-allocator-reduction-small-platforms=262144"
    "memorysetup-temp-allocator-size-background-worker=32768"
    "memorysetup-temp-allocator-size-job-worker=262144"
    "memorysetup-temp-allocator-size-preload-manager=33554432"
    "memorysetup-temp-allocator-size-nav-mesh-worker=65536"
    "memorysetup-temp-allocator-size-audio-worker=65536"
    "memorysetup-temp-allocator-size-cloud-worker=32768"
    "memorysetup-temp-allocator-size-gi-baking-worker=262144"
    "memorysetup-temp-allocator-size-gi-baking-worker=262144"
    "memorysetup-temp-allocator-size-gi-baking-worker=262144"
    "memorysetup-temp-allocator-size-gi-baking-worker=262144"
    "memorysetup-temp-allocator-size-gi-baking-worker=262144"
    "memorysetup-temp-allocator-size-gfx=262144"
Player connection [24516]  Target information:

Player connection [24516]  * "[IP] 172.21.176.1 [Port] 0 [Flags] 2 [Guid] 3171959122 [EditorId] 3171959122 [Version] 1048832 [Id] WindowsEditor(7,DESKTOP-KQGGDKQ) [Debug] 1 [PackageName] WindowsEditor [ProjectName] Editor" 

Player connection [24516]  * "[IP] 172.16.0.2 [Port] 0 [Flags] 2 [Guid] 3171959122 [EditorId] 3171959122 [Version] 1048832 [Id] WindowsEditor(7,DESKTOP-KQGGDKQ) [Debug] 1 [PackageName] WindowsEditor [ProjectName] Editor" 

Player connection [24516]  * "[IP] 192.168.100.69 [Port] 0 [Flags] 2 [Guid] 3171959122 [EditorId] 3171959122 [Version] 1048832 [Id] WindowsEditor(7,DESKTOP-KQGGDKQ) [Debug] 1 [PackageName] WindowsEditor [ProjectName] Editor" 

Player connection [24516] Host joined multi-casting on [225.0.0.222:54997]...
Player connection [24516] Host joined alternative multi-casting on [225.0.0.222:34997]...
JobSystem: Creating JobQueue using job-worker-count value 7
Input System module state changed to: Initialized.
[Physics::Module] Initialized fallback backend.
[Physics::Module] Id: 0xdecafbad
[Licensing::Client] Code 10 while verifying Licensing Client signature (process Id: 13960, path: "C:/Program Files/Unity Hub/UnityLicensingClient_V1/Unity.Licensing.Client.exe")
[Licensing::Module] LicensingClient has failed validation; ignoring
[Licensing::Client] Handshaking with LicensingClient:
  Version:                 1.17.3+a4e98f1
  Session Id:              bf6786e0f254459ab7e06f87f171bc62
  Correlation Id:          810fc0c69dfb65b87449e0fe76cc9d61
  External correlation Id: 5669845945645563176
  Machine Id:              ubQtK9t/8iWhmZWiigog6lzgitI=
[Licensing::Module] Successfully connected to LicensingClient on channel: "LicenseClient-Híu" (connect: 0.00s, validation: 0.00s, handshake: 0.07s)
[Licensing::IpcConnector] Successfully connected to: "LicenseClient-Híu-notifications" at "2025-10-22T10:12:26.7556102Z"
[Licensing::Module] Licensing Background thread has ended after 0.08s
Library Redirect Path: Library/
[Physics::Module] Selected backend.
[Physics::Module] Name: PhysX
[Physics::Module] Id: 0xf2b8ea05
[Physics::Module] SDK Version: 4.1.2
[Physics::Module] Integration Version: 1.0.0
[Physics::Module] Threading Mode: Multi-Threaded
Refreshing native plugins compatible for Editor in 0.00 ms, found 0 plugins.
Preloading 0 native plugins for Editor in 0.00 ms.
Initialize engine version: 6000.2.6f1 (cc51a95c0300)
[Subsystems] Discovering subsystems at path C:/Program Files/Unity/Hub/Editor/6000.2.6f1/Editor/Data/Resources/UnitySubsystems
[Subsystems] Discovering subsystems at path C:/Users/trand/Documents/code/game-pixel-adventure-G8/Assets
GfxDevice: creating device client; kGfxThreadingModeNonThreaded
d3d12: failed to query info queue interface (0x80004002).
Direct3D:
    Version:         Direct3D 12 [level 12.1]
    Renderer:        Intel(R) Iris(R) Xe Graphics (ID=0x46a6)
    Vendor:          Intel
    VRAM:            7803 MB
    App VRAM Budget: 7157 MB
    Driver:          32.0.101.6881
    Unified Memory Architecture
    Cache Coherent UMA
Initialize mono
Mono path[0] = 'C:/Program Files/Unity/Hub/Editor/6000.2.6f1/Editor/Data/Managed'
Mono path[1] = 'C:/Program Files/Unity/Hub/Editor/6000.2.6f1/Editor/Data/MonoBleedingEdge/lib/mono/unityjit-win32'
Mono config path = 'C:/Program Files/Unity/Hub/Editor/6000.2.6f1/Editor/Data/MonoBleedingEdge/etc'
Using monoOptions --debugger-agent=transport=dt_socket,embedding=1,server=y,suspend=n,address=127.0.0.1:56680
Begin MonoManager ReloadAssembly
Registering precompiled unity dll's ...
Register platform support module: C:/Program Files/Unity/Hub/Editor/6000.2.6f1/Editor/Data/PlaybackEngines/WindowsStandaloneSupport/UnityEditor.WindowsStandalone.Extensions.dll
Registered in 0.001290 seconds.
- Loaded All Assemblies, in  0.474 seconds
Native extension for WindowsStandalone target not found
Mono: successfully reloaded assembly
- Finished resetting the current domain, in  0.377 seconds
Domain Reload Profiling: 850ms
	BeginReloadAssembly (202ms)
		ExecutionOrderSort (0ms)
		DisableScriptedObjects (0ms)
		BackupInstance (0ms)
		ReleaseScriptingObjects (0ms)
		CreateAndSetChildDomain (1ms)
	RebuildCommonClasses (59ms)
	RebuildNativeTypeToScriptingClass (13ms)
	initialDomainReloadingComplete (44ms)
	LoadAllAssembliesAndSetupDomain (153ms)
		LoadAssemblies (200ms)
		RebuildTransferFunctionScriptingTraits (0ms)
		AnalyzeDomain (151ms)
			TypeCache.Refresh (149ms)
				TypeCache.ScanAssembly (136ms)
			BuildScriptInfoCaches (0ms)
			ResolveRequiredComponents (0ms)
	FinalizeReload (378ms)
		ReleaseScriptCaches (0ms)
		RebuildScriptCaches (0ms)
		SetupLoadedEditorAssemblies (339ms)
			LogAssemblyErrors (0ms)
			InitializePlatformSupportModulesInManaged (58ms)
			SetLoadedEditorAssemblies (6ms)
			BeforeProcessingInitializeOnLoad (96ms)
			ProcessInitializeOnLoadAttributes (128ms)
			ProcessInitializeOnLoadMethodAttributes (49ms)
			AfterProcessingInitializeOnLoad (0ms)
			EditorAssembliesLoaded (0ms)
		ExecutionOrderSort2 (0ms)
		AwakeInstancesAfterBackupRestoration (0ms)
Assembly reference Packages/com.unity.cinemachine/Editor/Samples/ExposeHDRPInternals/HDRP-Editor-ref.asmref has no target assembly definition
========================================================================
Worker process is ready to serve import requests
Import Worker Mode flag is 0x00
Assembly reference Packages/com.unity.cinemachine/Editor/Samples/ExposeHDRPInternals/HDRP-Editor-ref.asmref has no target assembly definition
Assembly reference Packages/com.unity.cinemachine/Editor/Samples/ExposeHDRPInternals/HDRP-Editor-ref.asmref has no target assembly definition
Begin MonoManager ReloadAssembly
[Licensing::Client] Successfully resolved entitlement details
[Licensing::Module] License group:
  Id: ewogICJzdWJzR3JvdXAiIDogInVuaXR5IGVkaXRvciIsCiAgIm5hbWVzcGFjZSIgOiAidW5pdHlfZWRpdG9yIiwKICAidHlwZSIgOiAiRURJVE9SIiwKICAidGFnIiA6ICJVbml0eVBlcnNvbmFsXXXX
  Product: Unity Personal Version
  Type: Assigned
  Expiration: Unlimited
- Loaded All Assemblies, in  0.275 seconds
Assembly reference Packages/com.unity.cinemachine/Editor/Samples/ExposeHDRPInternals/HDRP-Editor-ref.asmref has no target assembly definition
'Packages/com.unity.cinemachine/Editor/Obsolete/CinemachineVirtualCameraBaseEditor.cs' contains partial class of Unity.Object, exactly 1 of the partial classes needs to be in a file with the same filename. This is to know the one that can be referenced from ie. GameObjects
'Packages/com.unity.cinemachine/Editor/Editors/CinemachineVirtualCameraBaseEditor.cs' contains partial class of Unity.Object, exactly 1 of the partial classes needs to be in a file with the same filename. This is to know the one that can be referenced from ie. GameObjects
Refreshing native plugins compatible for Editor in 0.00 ms, found 0 plugins.
Native extension for WindowsStandalone target not found
Assembly reference Packages/com.unity.cinemachine/Editor/Samples/ExposeHDRPInternals/HDRP-Editor-ref.asmref has no target assembly definition
Package Manager log level set to [2]
[Package Manager] Failed to launch server process. Reason: Unity was launched with the -noUpm command-line argument
[Package Manager] Unable to send message (not connected to server process).
[Package Manager] Cannot connect to Unity Package Manager local server
Mono: successfully reloaded assembly
- Finished resetting the current domain, in  0.341 seconds
Domain Reload Profiling: 614ms
	BeginReloadAssembly (167ms)
		ExecutionOrderSort (0ms)
		DisableScriptedObjects (5ms)
		BackupInstance (0ms)
		ReleaseScriptingObjects (0ms)
		CreateAndSetChildDomain (26ms)
	RebuildCommonClasses (33ms)
	RebuildNativeTypeToScriptingClass (11ms)
	initialDomainReloadingComplete (18ms)
	LoadAllAssembliesAndSetupDomain (45ms)
		LoadAssemblies (104ms)
		RebuildTransferFunctionScriptingTraits (0ms)
		AnalyzeDomain (37ms)
			TypeCache.Refresh (22ms)
				TypeCache.ScanAssembly (18ms)
			BuildScriptInfoCaches (7ms)
			ResolveRequiredComponents (7ms)
	FinalizeReload (341ms)
		ReleaseScriptCaches (0ms)
		RebuildScriptCaches (0ms)
		SetupLoadedEditorAssemblies (251ms)
			LogAssemblyErrors (0ms)
			InitializePlatformSupportModulesInManaged (2ms)
			SetLoadedEditorAssemblies (3ms)
			BeforeProcessingInitializeOnLoad (84ms)
			ProcessInitializeOnLoadAttributes (131ms)
			ProcessInitializeOnLoadMethodAttributes (28ms)
			AfterProcessingInitializeOnLoad (4ms)
			EditorAssembliesLoaded (0ms)
		ExecutionOrderSort2 (0ms)
		AwakeInstancesAfterBackupRestoration (5ms)
Launched and connected shader compiler UnityShaderCompiler.exe after 0.02 seconds
Refreshing native plugins compatible for Editor in 0.00 ms, found 0 plugins.
Preloading 0 native plugins for Editor in 0.00 ms.
Unloading 1 Unused Serialized files (Serialized files now loaded: 0)
Unloading 1157 unused Assets / (296.8 KB). Loaded Objects now: 1661.
Memory consumption went from 62.9 MB to 62.6 MB.
Total: 3.881400 ms (FindLiveObjects: 0.102600 ms CreateObjectMapping: 0.050100 ms MarkObjects: 3.460200 ms  DeleteObjects: 0.266100 ms)

========================================================================
Received Import Request.
  Time since last request: 15898.966652 seconds.
  path: Assets/Art/Ground
  artifactKey: Guid(e720f4592a6a57741b946057e27cd6e4) Importer(815301076,1909f56bfc062723c751e8b465ee728b)
Start importing Assets/Art/Ground using Guid(e720f4592a6a57741b946057e27cd6e4) Importer(815301076,1909f56bfc062723c751e8b465ee728b) (PreviewImporter) -> (artifact id: 'ad1864f7ffab1ade821bf172fee8522d') in 0.0081291 seconds
Number of updated asset objects reloaded before import = 0Number of asset objects unloaded after import = 0

========================================================================
Received Import Request.
  Time since last request: 0.083983 seconds.
  path: Assets/Art/Ground/Terrain (16x16)_0.asset
  artifactKey: Guid(700803bb6ea11d840a6b0330de5cfaed) Importer(815301076,1909f56bfc062723c751e8b465ee728b)
Start importing Assets/Art/Ground/Terrain (16x16)_0.asset using Guid(700803bb6ea11d840a6b0330de5cfaed) Importer(815301076,1909f56bfc062723c751e8b465ee728b) (PreviewImporter) -> (artifact id: 'cf36215a18ef4fb43d8183a3d1f807aa') in 0.1043617 seconds
Number of updated asset objects reloaded before import = 0Number of asset objects unloaded after import = 3

========================================================================
Received Import Request.
  Time since last request: 0.000034 seconds.
  path: Assets/Art/Ground/Terrain (16x16)_13.asset
  artifactKey: Guid(8bb1bec8204c85547a6833f6527be7c7) Importer(815301076,1909f56bfc062723c751e8b465ee728b)
Start importing Assets/Art/Ground/Terrain (16x16)_13.asset using Guid(8bb1bec8204c85547a6833f6527be7c7) Importer(815301076,1909f56bfc062723c751e8b465ee728b) (PreviewImporter) -> (artifact id: '8e5264f15765f06c9b41e58216f486b5') in 0.0102806 seconds
Number of updated asset objects reloaded before import = 0Number of asset objects unloaded after import = 3

========================================================================
Received Import Request.
  Time since last request: 0.000043 seconds.
  path: Assets/Art/Ground/Terrain (16x16)_11.asset
  artifactKey: Guid(8627e65410bfb4042b797dae515ef2fc) Importer(815301076,1909f56bfc062723c751e8b465ee728b)
Start importing Assets/Art/Ground/Terrain (16x16)_11.asset using Guid(8627e65410bfb4042b797dae515ef2fc) Importer(815301076,1909f56bfc062723c751e8b465ee728b) (PreviewImporter) -> (artifact id: '8872e00b3658e7a297e8a822d95e6791') in 0.0097032 seconds
Number of updated asset objects reloaded before import = 0Number of asset objects unloaded after import = 3

========================================================================
Received Import Request.
  Time since last request: 0.000015 seconds.
  path: Assets/Art/Ground/Terrain (16x16)_20.asset
  artifactKey: Guid(2e3a0096b2a7e494f90fe366a148a3f9) Importer(815301076,1909f56bfc062723c751e8b465ee728b)
Start importing Assets/Art/Ground/Terrain (16x16)_20.asset using Guid(2e3a0096b2a7e494f90fe366a148a3f9) Importer(815301076,1909f56bfc062723c751e8b465ee728b) (PreviewImporter) -> (artifact id: '36200a754c59c9500c46a28275a792bb') in 0.0096898 seconds
Number of updated asset objects reloaded before import = 0Number of asset objects unloaded after import = 3

========================================================================
Received Import Request.
  Time since last request: 0.000088 seconds.
  path: Assets/Art/Ground/Terrain (16x16)_6.asset
  artifactKey: Guid(a3de9581213af394b99775df8dfde2ab) Importer(815301076,1909f56bfc062723c751e8b465ee728b)
Start importing Assets/Art/Ground/Terrain (16x16)_6.asset using Guid(a3de9581213af394b99775df8dfde2ab) Importer(815301076,1909f56bfc062723c751e8b465ee728b) (PreviewImporter) -> (artifact id: '0e8978c7e5a61841bbc9ee125c307773') in 0.0063418 seconds
Number of updated asset objects reloaded before import = 0Number of asset objects unloaded after import = 3

========================================================================
Received Import Request.
  Time since last request: 0.685784 seconds.
  path: Assets/Art/Ground/Terrain (16x16)_21.asset
  artifactKey: Guid(863761cfda73cff4394161852274d6a4) Importer(815301076,1909f56bfc062723c751e8b465ee728b)
Start importing Assets/Art/Ground/Terrain (16x16)_21.asset using Guid(863761cfda73cff4394161852274d6a4) Importer(815301076,1909f56bfc062723c751e8b465ee728b) (PreviewImporter) -> (artifact id: 'a0b1e02330d4648333428157642d6e69') in 0.006387 seconds
Number of updated asset objects reloaded before import = 0Number of asset objects unloaded after import = 3

========================================================================
Received Import Request.
  Time since last request: 0.041447 seconds.
  path: Assets/Art/Ground/Terrain (16x16)_25.asset
  artifactKey: Guid(96a73b9f9d292a440b48f126ce06b1da) Importer(815301076,1909f56bfc062723c751e8b465ee728b)
Start importing Assets/Art/Ground/Terrain (16x16)_25.asset using Guid(96a73b9f9d292a440b48f126ce06b1da) Importer(815301076,1909f56bfc062723c751e8b465ee728b) (PreviewImporter) -> (artifact id: '026f617284946b8178b9a9dca2b721c6') in 0.0055747 seconds
Number of updated asset objects reloaded before import = 0Number of asset objects unloaded after import = 3

========================================================================
Received Import Request.
  Time since last request: 0.011572 seconds.
  path: Assets/Art/Ground/Terrain (16x16)_29.asset
  artifactKey: Guid(67f732b0417bacb45a6678b81af7a326) Importer(815301076,1909f56bfc062723c751e8b465ee728b)
Start importing Assets/Art/Ground/Terrain (16x16)_29.asset using Guid(67f732b0417bacb45a6678b81af7a326) Importer(815301076,1909f56bfc062723c751e8b465ee728b) (PreviewImporter) -> (artifact id: 'dd4cc5d2b67d2bcd11a75ed5bca08f9a') in 0.0075174 seconds
Number of updated asset objects reloaded before import = 0Number of asset objects unloaded after import = 3

========================================================================
Received Import Request.
  Time since last request: 0.030338 seconds.
  path: Assets/Art/Ground/Terrain (16x16)_33.asset
  artifactKey: Guid(9f095ee6faa2164488a4cac9cffebf74) Importer(815301076,1909f56bfc062723c751e8b465ee728b)
Start importing Assets/Art/Ground/Terrain (16x16)_33.asset using Guid(9f095ee6faa2164488a4cac9cffebf74) Importer(815301076,1909f56bfc062723c751e8b465ee728b) (PreviewImporter) -> (artifact id: '247d6b9c3c61d0a286967bf9a0588d1e') in 0.0184007 seconds
Number of updated asset objects reloaded before import = 0Number of asset objects unloaded after import = 3

========================================================================
Received Import Request.
  Time since last request: 0.547237 seconds.
  path: Assets/Art/Ground/Terrain (16x16)_37.asset
  artifactKey: Guid(cea9fbf8c3fa8454593133a8c7dfc923) Importer(815301076,1909f56bfc062723c751e8b465ee728b)
Start importing Assets/Art/Ground/Terrain (16x16)_37.asset using Guid(cea9fbf8c3fa8454593133a8c7dfc923) Importer(815301076,1909f56bfc062723c751e8b465ee728b) (PreviewImporter) -> (artifact id: 'af451c1aa0dfb81c21d32510d6f4f5cd') in 0.0072832 seconds
Number of updated asset objects reloaded before import = 0Number of asset objects unloaded after import = 3

========================================================================
Received Import Request.
  Time since last request: 0.033389 seconds.
  path: Assets/Art/Ground/Terrain (16x16)_41.asset
  artifactKey: Guid(9c95c70e74822434f88923d19cf718e2) Importer(815301076,1909f56bfc062723c751e8b465ee728b)
Start importing Assets/Art/Ground/Terrain (16x16)_41.asset using Guid(9c95c70e74822434f88923d19cf718e2) Importer(815301076,1909f56bfc062723c751e8b465ee728b) (PreviewImporter) -> (artifact id: 'b5c421ac28ca1004c94a091770f9f2d7') in 0.00791 seconds
Number of updated asset objects reloaded before import = 0Number of asset objects unloaded after import = 3

========================================================================
Received Import Request.
  Time since last request: 0.050783 seconds.
  path: Assets/Art/Ground/Terrain (16x16)_45.asset
  artifactKey: Guid(20707254284c7184b91471842089ccf2) Importer(815301076,1909f56bfc062723c751e8b465ee728b)
Start importing Assets/Art/Ground/Terrain (16x16)_45.asset using Guid(20707254284c7184b91471842089ccf2) Importer(815301076,1909f56bfc062723c751e8b465ee728b) (PreviewImporter) -> (artifact id: 'cd80f1bab04628fb3797b8016759b796') in 0.0108235 seconds
Number of updated asset objects reloaded before import = 0Number of asset objects unloaded after import = 3

========================================================================
Received Import Request.
  Time since last request: 0.000020 seconds.
  path: Assets/Art/Ground/Terrain (16x16)_49.asset
  artifactKey: Guid(0d191e7a24d187c4f8ea17cc4a8d0c70) Importer(815301076,1909f56bfc062723c751e8b465ee728b)
Start importing Assets/Art/Ground/Terrain (16x16)_49.asset using Guid(0d191e7a24d187c4f8ea17cc4a8d0c70) Importer(815301076,1909f56bfc062723c751e8b465ee728b) (PreviewImporter) -> (artifact id: '7e6e4611137e2b432261986f1fea3c7c') in 0.0097712 seconds
Number of updated asset objects reloaded before import = 0Number of asset objects unloaded after import = 3

========================================================================
Received Import Request.
  Time since last request: 0.002141 seconds.
  path: Assets/Art/Ground/Terrain (16x16)_53.asset
  artifactKey: Guid(fa18832a50dca1c4c9a83018b8a6898f) Importer(815301076,1909f56bfc062723c751e8b465ee728b)
Start importing Assets/Art/Ground/Terrain (16x16)_53.asset using Guid(fa18832a50dca1c4c9a83018b8a6898f) Importer(815301076,1909f56bfc062723c751e8b465ee728b) (PreviewImporter) -> (artifact id: '9c85b34313249242b29075fc0792cd99') in 0.0167417 seconds
Number of updated asset objects reloaded before import = 0Number of asset objects unloaded after import = 3

========================================================================
Received Import Request.
  Time since last request: 0.379840 seconds.
  path: Assets/Art/Ground/Terrain (16x16)_57.asset
  artifactKey: Guid(d41e828d2995aab4dbe436ec28f86522) Importer(815301076,1909f56bfc062723c751e8b465ee728b)
Start importing Assets/Art/Ground/Terrain (16x16)_57.asset using Guid(d41e828d2995aab4dbe436ec28f86522) Importer(815301076,1909f56bfc062723c751e8b465ee728b) (PreviewImporter) -> (artifact id: '4882c5f56c15edb57f9da4dba7bdc14c') in 0.0071842 seconds
Number of updated asset objects reloaded before import = 0Number of asset objects unloaded after import = 3

========================================================================
Received Import Request.
  Time since last request: 0.034065 seconds.
  path: Assets/Art/Ground/Terrain (16x16)_61.asset
  artifactKey: Guid(55a45ac0ab54abb47860068c8a1943c9) Importer(815301076,1909f56bfc062723c751e8b465ee728b)
Start importing Assets/Art/Ground/Terrain (16x16)_61.asset using Guid(55a45ac0ab54abb47860068c8a1943c9) Importer(815301076,1909f56bfc062723c751e8b465ee728b) (PreviewImporter) -> (artifact id: '78518562363a2d08d6d8786f39dc9882') in 0.0071953 seconds
Number of updated asset objects reloaded before import = 0Number of asset objects unloaded after import = 3

========================================================================
Received Import Request.
  Time since last request: 0.019876 seconds.
  path: Assets/Art/Ground/Terrain (16x16)_65.asset
  artifactKey: Guid(dae1188f61ef61247b4d5894e288c439) Importer(815301076,1909f56bfc062723c751e8b465ee728b)
Start importing Assets/Art/Ground/Terrain (16x16)_65.asset using Guid(dae1188f61ef61247b4d5894e288c439) Importer(815301076,1909f56bfc062723c751e8b465ee728b) (PreviewImporter) -> (artifact id: '71bf590e7a033911d4038576cda559bf') in 0.0065478 seconds
Number of updated asset objects reloaded before import = 0Number of asset objects unloaded after import = 3

========================================================================
Received Import Request.
  Time since last request: 0.026100 seconds.
  path: Assets/Art/Ground/Terrain (16x16)_69.asset
  artifactKey: Guid(7e29a9efda5e176408fd6e5599cbce33) Importer(815301076,1909f56bfc062723c751e8b465ee728b)
Start importing Assets/Art/Ground/Terrain (16x16)_69.asset using Guid(7e29a9efda5e176408fd6e5599cbce33) Importer(815301076,1909f56bfc062723c751e8b465ee728b) (PreviewImporter) -> (artifact id: '05e87323ea1006f975a4c617a34e9c9d') in 0.0084999 seconds
Number of updated asset objects reloaded before import = 0Number of asset objects unloaded after import = 3

========================================================================
Received Import Request.
  Time since last request: 0.238169 seconds.
  path: Assets/Art/Ground/Terrain (16x16)_73.asset
  artifactKey: Guid(e25caec14e0dc0945af27e0ed17180d1) Importer(815301076,1909f56bfc062723c751e8b465ee728b)
Start importing Assets/Art/Ground/Terrain (16x16)_73.asset using Guid(e25caec14e0dc0945af27e0ed17180d1) Importer(815301076,1909f56bfc062723c751e8b465ee728b) (PreviewImporter) -> (artifact id: 'fd77e9b363f98f399e624671f75ecad5') in 0.0098146 seconds
Number of updated asset objects reloaded before import = 0Number of asset objects unloaded after import = 3

========================================================================
Received Import Request.
  Time since last request: 0.024954 seconds.
  path: Assets/Art/Ground/Terrain (16x16)_77.asset
  artifactKey: Guid(76f53f7df2e3b494aae61f44b5017f45) Importer(815301076,1909f56bfc062723c751e8b465ee728b)
Start importing Assets/Art/Ground/Terrain (16x16)_77.asset using Guid(76f53f7df2e3b494aae61f44b5017f45) Importer(815301076,1909f56bfc062723c751e8b465ee728b) (PreviewImporter) -> (artifact id: 'c2a1eebd9091460d570363206ae6d618') in 0.0066901 seconds
Number of updated asset objects reloaded before import = 0Number of asset objects unloaded after import = 3

========================================================================
Received Import Request.
  Time since last request: 0.023474 seconds.
  path: Assets/Art/Ground/Terrain (16x16)_81.asset
  artifactKey: Guid(580001ca24c6228448970a8baff19bbc) Importer(815301076,1909f56bfc062723c751e8b465ee728b)
Start importing Assets/Art/Ground/Terrain (16x16)_81.asset using Guid(580001ca24c6228448970a8baff19bbc) Importer(815301076,1909f56bfc062723c751e8b465ee728b) (PreviewImporter) -> (artifact id: '333e3ad179d8b4010f0af3674ef1c613') in 0.0077249 seconds
Number of updated asset objects reloaded before import = 0Number of asset objects unloaded after import = 3

========================================================================
Received Import Request.
  Time since last request: 0.000525 seconds.
  path: Assets/Art/Ground/Terrain (16x16)_85.asset
  artifactKey: Guid(680fe18c386fd0144a0c223da4ce25b7) Importer(815301076,1909f56bfc062723c751e8b465ee728b)
Start importing Assets/Art/Ground/Terrain (16x16)_85.asset using Guid(680fe18c386fd0144a0c223da4ce25b7) Importer(815301076,1909f56bfc062723c751e8b465ee728b) (PreviewImporter) -> (artifact id: '2a8932fb5c6a06588c455f7246c682e4') in 0.0092577 seconds
Number of updated asset objects reloaded before import = 0Number of asset objects unloaded after import = 3

========================================================================
Received Import Request.
  Time since last request: 0.303198 seconds.
  path: Assets/Art/Ground/Terrain (16x16)_89.asset
  artifactKey: Guid(8c0aef226876adc488d292e9e0d6b604) Importer(815301076,1909f56bfc062723c751e8b465ee728b)
Start importing Assets/Art/Ground/Terrain (16x16)_89.asset using Guid(8c0aef226876adc488d292e9e0d6b604) Importer(815301076,1909f56bfc062723c751e8b465ee728b) (PreviewImporter) -> (artifact id: '38a9dd732e5e6c4efac99dd0290761c2') in 0.0089908 seconds
Number of updated asset objects reloaded before import = 0Number of asset objects unloaded after import = 3

========================================================================
Received Import Request.
  Time since last request: 0.019126 seconds.
  path: Assets/Art/Ground/Terrain (16x16)_93.asset
  artifactKey: Guid(98a4b19815d5c3e4fbdc500373b41378) Importer(815301076,1909f56bfc062723c751e8b465ee728b)
Start importing Assets/Art/Ground/Terrain (16x16)_93.asset using Guid(98a4b19815d5c3e4fbdc500373b41378) Importer(815301076,1909f56bfc062723c751e8b465ee728b) (PreviewImporter) -> (artifact id: '2a7d105b5bed92a9341aee727507551f') in 0.0074002 seconds
Number of updated asset objects reloaded before import = 0Number of asset objects unloaded after import = 3

========================================================================
Received Import Request.
  Time since last request: 0.006966 seconds.
  path: Assets/Art/Ground/Terrain (16x16)_97.asset
  artifactKey: Guid(1bd0823804c3f4d49ad064275898b74a) Importer(815301076,1909f56bfc062723c751e8b465ee728b)
Start importing Assets/Art/Ground/Terrain (16x16)_97.asset using Guid(1bd0823804c3f4d49ad064275898b74a) Importer(815301076,1909f56bfc062723c751e8b465ee728b) (PreviewImporter) -> (artifact id: '58cf79ab0729cb4190967aa7a4d334b3') in 0.0161546 seconds
Number of updated asset objects reloaded before import = 0Number of asset objects unloaded after import = 3

========================================================================
Received Import Request.
  Time since last request: 0.260149 seconds.
  path: Assets/Art/Ground/Terrain (16x16)_101.asset
  artifactKey: Guid(62f81c2c819704b4a8755ed771054769) Importer(815301076,1909f56bfc062723c751e8b465ee728b)
Start importing Assets/Art/Ground/Terrain (16x16)_101.asset using Guid(62f81c2c819704b4a8755ed771054769) Importer(815301076,1909f56bfc062723c751e8b465ee728b) (PreviewImporter) -> (artifact id: '333ece5ba57976568de6c9028305158b') in 0.0097446 seconds
Number of updated asset objects reloaded before import = 0Number of asset objects unloaded after import = 3

========================================================================
Received Import Request.
  Time since last request: 0.029152 seconds.
  path: Assets/Art/Ground/Terrain (16x16)_105.asset
  artifactKey: Guid(59d47fff7cd40fe46ab2b9bf63e9851e) Importer(815301076,1909f56bfc062723c751e8b465ee728b)
Start importing Assets/Art/Ground/Terrain (16x16)_105.asset using Guid(59d47fff7cd40fe46ab2b9bf63e9851e) Importer(815301076,1909f56bfc062723c751e8b465ee728b) (PreviewImporter) -> (artifact id: 'a460909c2a18d3c457899f9bd4d4af92') in 0.0057349 seconds
Number of updated asset objects reloaded before import = 0Number of asset objects unloaded after import = 3

========================================================================
Received Import Request.
  Time since last request: 0.000021 seconds.
  path: Assets/Art/Ground/Terrain (16x16)_111.asset
  artifactKey: Guid(80354013905e71a4b9882b8b87fd1913) Importer(815301076,1909f56bfc062723c751e8b465ee728b)
Start importing Assets/Art/Ground/Terrain (16x16)_111.asset using Guid(80354013905e71a4b9882b8b87fd1913) Importer(815301076,1909f56bfc062723c751e8b465ee728b) (PreviewImporter) -> (artifact id: '1cb504e471f40ade881e8422f76cb57e') in 0.0116176 seconds
Number of updated asset objects reloaded before import = 0Number of asset objects unloaded after import = 3

========================================================================
Received Import Request.
  Time since last request: 0.278290 seconds.
  path: Assets/Art/Ground/Terrain (16x16)_113.asset
  artifactKey: Guid(0c74827817fe34b4cb03deea7b535ffc) Importer(815301076,1909f56bfc062723c751e8b465ee728b)
Start importing Assets/Art/Ground/Terrain (16x16)_113.asset using Guid(0c74827817fe34b4cb03deea7b535ffc) Importer(815301076,1909f56bfc062723c751e8b465ee728b) (PreviewImporter) -> (artifact id: '3fec7c2efa47b2b43d79b02768520dee') in 0.0083243 seconds
Number of updated asset objects reloaded before import = 0Number of asset objects unloaded after import = 3

========================================================================
Received Import Request.
  Time since last request: 0.007897 seconds.
  path: Assets/Art/Ground/Terrain (16x16)_117.asset
  artifactKey: Guid(5af3876c615e3ed468fc47d92d175368) Importer(815301076,1909f56bfc062723c751e8b465ee728b)
Start importing Assets/Art/Ground/Terrain (16x16)_117.asset using Guid(5af3876c615e3ed468fc47d92d175368) Importer(815301076,1909f56bfc062723c751e8b465ee728b) (PreviewImporter) -> (artifact id: 'd7613c0365c0bf3f03e7dd5547217268') in 0.0323746 seconds
Number of updated asset objects reloaded before import = 0Number of asset objects unloaded after import = 3

========================================================================
Received Import Request.
  Time since last request: 0.007324 seconds.
  path: Assets/Art/Ground/Terrain (16x16)_121.asset
  artifactKey: Guid(52c62718b5a8dec49a16871e902bf543) Importer(815301076,1909f56bfc062723c751e8b465ee728b)
Start importing Assets/Art/Ground/Terrain (16x16)_121.asset using Guid(52c62718b5a8dec49a16871e902bf543) Importer(815301076,1909f56bfc062723c751e8b465ee728b) (PreviewImporter) -> (artifact id: '282ebf31f1448303f53131cee6360e70') in 0.0057061 seconds
Number of updated asset objects reloaded before import = 0Number of asset objects unloaded after import = 3

========================================================================
Received Import Request.
  Time since last request: 0.027012 seconds.
  path: Assets/Art/Ground/Terrain (16x16)_125.asset
  artifactKey: Guid(bc897d964cbafe04da7f05c7ae030172) Importer(815301076,1909f56bfc062723c751e8b465ee728b)
Start importing Assets/Art/Ground/Terrain (16x16)_125.asset using Guid(bc897d964cbafe04da7f05c7ae030172) Importer(815301076,1909f56bfc062723c751e8b465ee728b) (PreviewImporter) -> (artifact id: '5ec02603726a26c5d1ece75acc17c239') in 0.007822 seconds
Number of updated asset objects reloaded before import = 0Number of asset objects unloaded after import = 3

Editor requested this worker to shutdown with reason: Scaling down because of idle timeout
AssetImportWorker is now disconnected from the server
Process exiting
Exiting without the bug reporter. Application will terminate with return code 0